2024-12-09 09:35:56,205 - gui - INFO - Configuration loaded successfully
2024-12-09 09:35:56,205 - gui - INFO - Configuration loaded successfully
2024-12-09 09:35:56,210 - gui - ERROR - Error reading vna_data data: No columns to parse from file
2024-12-09 09:35:56,210 - gui - ERROR - Error reading vna_data data: No columns to parse from file
2024-12-09 09:35:56,210 - gui - ERROR - Error reading temperature data: No columns to parse from file
2024-12-09 09:35:56,210 - gui - ERROR - Error reading temperature data: No columns to parse from file
2024-12-09 09:35:56,211 - gui - INFO - Created directory: /home/nate/Desktop/Python_GUI_TS1500_Probe-B/data/vna_data
2024-12-09 09:35:56,211 - gui - INFO - Created directory: /home/nate/Desktop/Python_GUI_TS1500_Probe-B/data/vna_data
2024-12-09 09:35:56,211 - gui - INFO - Created directory: /home/nate/Desktop/Python_GUI_TS1500_Probe-B/data/temperature_data
2024-12-09 09:35:56,211 - gui - INFO - Created directory: /home/nate/Desktop/Python_GUI_TS1500_Probe-B/data/temperature_data
2024-12-09 09:35:56,212 - gui - INFO - Created directory: /home/nate/Desktop/Python_GUI_TS1500_Probe-B/data/logs
2024-12-09 09:35:56,212 - gui - INFO - Created directory: /home/nate/Desktop/Python_GUI_TS1500_Probe-B/data/logs
2024-12-09 09:35:56,212 - gui - INFO - Created VNA data file
2024-12-09 09:35:56,212 - gui - INFO - Created VNA data file
2024-12-09 09:35:56,212 - gui - INFO - Created temperature data file
2024-12-09 09:35:56,212 - gui - INFO - Created temperature data file
2024-12-09 09:35:56,240 - gui - ERROR - An error occurred: 'MainWindow' object has no attribute 'update_test_progress'
Traceback (most recent call last):
  File "/home/nate/Desktop/Python_GUI_TS1500_Probe-B/main.py", line 46, in main
    window = MainWindow(controller)
             ^^^^^^^^^^^^^^^^^^^^^^
  File "/home/nate/Desktop/Python_GUI_TS1500_Probe-B/gui/main_window.py", line 145, in __init__
    self.controller.test_progress_signal.connect(self.update_test_progress)
                                                 ^^^^^^^^^^^^^^^^^^^^^^^^^
AttributeError: 'MainWindow' object has no attribute 'update_test_progress'. Did you mean: 'update_progress'?
2024-12-09 09:35:56,240 - gui - ERROR - An error occurred: 'MainWindow' object has no attribute 'update_test_progress'
Traceback (most recent call last):
  File "/home/nate/Desktop/Python_GUI_TS1500_Probe-B/main.py", line 46, in main
    window = MainWindow(controller)
             ^^^^^^^^^^^^^^^^^^^^^^
  File "/home/nate/Desktop/Python_GUI_TS1500_Probe-B/gui/main_window.py", line 145, in __init__
    self.controller.test_progress_signal.connect(self.update_test_progress)
                                                 ^^^^^^^^^^^^^^^^^^^^^^^^^
AttributeError: 'MainWindow' object has no attribute 'update_test_progress'. Did you mean: 'update_progress'?
2024-12-09 09:36:47,240 - gui - INFO - Configuration loaded successfully
2024-12-09 09:36:47,240 - gui - INFO - Configuration loaded successfully
2024-12-09 09:36:47,244 - gui - ERROR - Error reading vna_data data: No columns to parse from file
2024-12-09 09:36:47,244 - gui - ERROR - Error reading vna_data data: No columns to parse from file
2024-12-09 09:36:47,245 - gui - ERROR - Error reading temperature data: No columns to parse from file
2024-12-09 09:36:47,245 - gui - ERROR - Error reading temperature data: No columns to parse from file
2024-12-09 09:36:47,273 - gui - ERROR - An error occurred: 'MainController' object has no attribute 'error_signal'
Traceback (most recent call last):
  File "/home/nate/Desktop/Python_GUI_TS1500_Probe-B/main.py", line 46, in main
    window = MainWindow(controller)
             ^^^^^^^^^^^^^^^^^^^^^^
  File "/home/nate/Desktop/Python_GUI_TS1500_Probe-B/gui/main_window.py", line 150, in __init__
    self.controller.error_signal.connect(self.show_error)
    ^^^^^^^^^^^^^^^^^^^^^^^^^^^^
AttributeError: 'MainController' object has no attribute 'error_signal'. Did you mean: 'test_error_signal'?
2024-12-09 09:36:47,273 - gui - ERROR - An error occurred: 'MainController' object has no attribute 'error_signal'
Traceback (most recent call last):
  File "/home/nate/Desktop/Python_GUI_TS1500_Probe-B/main.py", line 46, in main
    window = MainWindow(controller)
             ^^^^^^^^^^^^^^^^^^^^^^
  File "/home/nate/Desktop/Python_GUI_TS1500_Probe-B/gui/main_window.py", line 150, in __init__
    self.controller.error_signal.connect(self.show_error)
    ^^^^^^^^^^^^^^^^^^^^^^^^^^^^
AttributeError: 'MainController' object has no attribute 'error_signal'. Did you mean: 'test_error_signal'?
2024-12-09 09:39:35,270 - gui - INFO - Configuration loaded successfully
2024-12-09 09:39:35,270 - gui - INFO - Configuration loaded successfully
2024-12-09 09:39:35,274 - gui - ERROR - Error reading vna_data data: No columns to parse from file
2024-12-09 09:39:35,274 - gui - ERROR - Error reading vna_data data: No columns to parse from file
2024-12-09 09:39:35,275 - gui - ERROR - Error reading temperature data: No columns to parse from file
2024-12-09 09:39:35,275 - gui - ERROR - Error reading temperature data: No columns to parse from file
2024-12-09 09:39:35,307 - gui - INFO - Entering main event loop...
2024-12-09 09:39:35,307 - gui - INFO - Entering main event loop...
2024-12-09 09:41:19,401 - gui - INFO - Configuration loaded successfully
2024-12-09 09:41:19,401 - gui - INFO - Configuration loaded successfully
2024-12-09 09:41:19,405 - gui - ERROR - Error reading vna_data data: No columns to parse from file
2024-12-09 09:41:19,405 - gui - ERROR - Error reading vna_data data: No columns to parse from file
2024-12-09 09:41:19,406 - gui - ERROR - Error reading temperature data: No columns to parse from file
2024-12-09 09:41:19,406 - gui - ERROR - Error reading temperature data: No columns to parse from file
2024-12-09 09:41:19,433 - gui - ERROR - An error occurred: 'MainWindow' object has no attribute 'time_sync_label'
Traceback (most recent call last):
  File "/home/nate/Desktop/Python_GUI_TS1500_Probe-B/main.py", line 46, in main
    window = MainWindow(controller)
             ^^^^^^^^^^^^^^^^^^^^^^
  File "/home/nate/Desktop/Python_GUI_TS1500_Probe-B/gui/main_window.py", line 135, in __init__
    self.init_ui()
  File "/home/nate/Desktop/Python_GUI_TS1500_Probe-B/gui/main_window.py", line 297, in init_ui
    status_bar.addPermanentWidget(self.time_sync_label)
                                  ^^^^^^^^^^^^^^^^^^^^
AttributeError: 'MainWindow' object has no attribute 'time_sync_label'
2024-12-09 09:41:19,433 - gui - ERROR - An error occurred: 'MainWindow' object has no attribute 'time_sync_label'
Traceback (most recent call last):
  File "/home/nate/Desktop/Python_GUI_TS1500_Probe-B/main.py", line 46, in main
    window = MainWindow(controller)
             ^^^^^^^^^^^^^^^^^^^^^^
  File "/home/nate/Desktop/Python_GUI_TS1500_Probe-B/gui/main_window.py", line 135, in __init__
    self.init_ui()
  File "/home/nate/Desktop/Python_GUI_TS1500_Probe-B/gui/main_window.py", line 297, in init_ui
    status_bar.addPermanentWidget(self.time_sync_label)
                                  ^^^^^^^^^^^^^^^^^^^^
AttributeError: 'MainWindow' object has no attribute 'time_sync_label'
2024-12-09 09:43:57,919 - gui - INFO - Configuration loaded successfully
2024-12-09 09:43:57,919 - gui - INFO - Configuration loaded successfully
2024-12-09 09:43:57,924 - gui - ERROR - Error reading vna_data data: No columns to parse from file
2024-12-09 09:43:57,924 - gui - ERROR - Error reading vna_data data: No columns to parse from file
2024-12-09 09:43:57,924 - gui - ERROR - Error reading temperature data: No columns to parse from file
2024-12-09 09:43:57,924 - gui - ERROR - Error reading temperature data: No columns to parse from file
2024-12-09 09:43:57,937 - gui - ERROR - An error occurred: 'MainWindow' object has no attribute 'set_test_parameters'
Traceback (most recent call last):
  File "/home/nate/Desktop/Python_GUI_TS1500_Probe-B/main.py", line 50, in main
    window.set_test_parameters(test_parameters)
    ^^^^^^^^^^^^^^^^^^^^^^^^^^
AttributeError: 'MainWindow' object has no attribute 'set_test_parameters'. Did you mean: 'show_test_parameters'?
2024-12-09 09:43:57,937 - gui - ERROR - An error occurred: 'MainWindow' object has no attribute 'set_test_parameters'
Traceback (most recent call last):
  File "/home/nate/Desktop/Python_GUI_TS1500_Probe-B/main.py", line 50, in main
    window.set_test_parameters(test_parameters)
    ^^^^^^^^^^^^^^^^^^^^^^^^^^
AttributeError: 'MainWindow' object has no attribute 'set_test_parameters'. Did you mean: 'show_test_parameters'?
2024-12-09 09:44:25,548 - gui - INFO - Configuration loaded successfully
2024-12-09 09:44:25,548 - gui - INFO - Configuration loaded successfully
2024-12-09 09:44:25,552 - gui - ERROR - Error reading vna_data data: No columns to parse from file
2024-12-09 09:44:25,552 - gui - ERROR - Error reading vna_data data: No columns to parse from file
2024-12-09 09:44:25,553 - gui - ERROR - Error reading temperature data: No columns to parse from file
2024-12-09 09:44:25,553 - gui - ERROR - Error reading temperature data: No columns to parse from file
2024-12-09 09:44:25,566 - gui - INFO - Entering main event loop...
2024-12-09 09:44:25,566 - gui - INFO - Entering main event loop...
2024-12-09 09:45:09,889 - gui - INFO - Configuration loaded successfully
2024-12-09 09:45:09,889 - gui - INFO - Configuration loaded successfully
2024-12-09 09:45:09,894 - gui - ERROR - Error reading vna_data data: No columns to parse from file
2024-12-09 09:45:09,894 - gui - ERROR - Error reading vna_data data: No columns to parse from file
2024-12-09 09:45:09,895 - gui - ERROR - Error reading temperature data: No columns to parse from file
2024-12-09 09:45:09,895 - gui - ERROR - Error reading temperature data: No columns to parse from file
2024-12-09 09:45:09,907 - gui - ERROR - An error occurred: 'MainController' object has no attribute 'update_test_parameters'
Traceback (most recent call last):
  File "/home/nate/Desktop/Python_GUI_TS1500_Probe-B/main.py", line 57, in main
    controller.update_test_parameters(test_parameters)
    ^^^^^^^^^^^^^^^^^^^^^^^^^^^^^^^^^
AttributeError: 'MainController' object has no attribute 'update_test_parameters'
2024-12-09 09:45:09,907 - gui - ERROR - An error occurred: 'MainController' object has no attribute 'update_test_parameters'
Traceback (most recent call last):
  File "/home/nate/Desktop/Python_GUI_TS1500_Probe-B/main.py", line 57, in main
    controller.update_test_parameters(test_parameters)
    ^^^^^^^^^^^^^^^^^^^^^^^^^^^^^^^^^
AttributeError: 'MainController' object has no attribute 'update_test_parameters'
2024-12-09 09:58:11,855 - gui - INFO - Configuration loaded successfully
2024-12-09 09:58:11,855 - gui - INFO - Configuration loaded successfully
2024-12-09 09:58:11,859 - gui - ERROR - Error reading vna_data data: No columns to parse from file
2024-12-09 09:58:11,859 - gui - ERROR - Error reading vna_data data: No columns to parse from file
2024-12-09 09:58:11,860 - gui - ERROR - Error reading temperature data: No columns to parse from file
2024-12-09 09:58:11,860 - gui - ERROR - Error reading temperature data: No columns to parse from file
2024-12-09 09:58:11,872 - gui - INFO - Test parameters updated successfully
2024-12-09 09:58:11,872 - gui - INFO - Test parameters updated successfully
2024-12-09 09:58:11,874 - gui - INFO - Entering main event loop...
2024-12-09 09:58:11,874 - gui - INFO - Entering main event loop...
2024-12-09 09:59:10,491 - gui - INFO - Configuration loaded successfully
2024-12-09 09:59:10,491 - gui - INFO - Configuration loaded successfully
2024-12-09 09:59:10,496 - gui - ERROR - Error reading vna_data data: No columns to parse from file
2024-12-09 09:59:10,496 - gui - ERROR - Error reading vna_data data: No columns to parse from file
2024-12-09 09:59:10,496 - gui - ERROR - Error reading temperature data: No columns to parse from file
2024-12-09 09:59:10,496 - gui - ERROR - Error reading temperature data: No columns to parse from file
2024-12-09 09:59:10,509 - gui - INFO - Test parameters updated successfully
2024-12-09 09:59:10,509 - gui - INFO - Test parameters updated successfully
2024-12-09 09:59:10,510 - gui - INFO - Entering main event loop...
2024-12-09 09:59:10,510 - gui - INFO - Entering main event loop...
2024-12-09 10:00:19,825 - gui - INFO - Configuration loaded successfully
2024-12-09 10:00:19,825 - gui - INFO - Configuration loaded successfully
2024-12-09 10:00:19,829 - gui - ERROR - Error reading vna_data data: No columns to parse from file
2024-12-09 10:00:19,829 - gui - ERROR - Error reading vna_data data: No columns to parse from file
2024-12-09 10:00:19,830 - gui - ERROR - Error reading temperature data: No columns to parse from file
2024-12-09 10:00:19,830 - gui - ERROR - Error reading temperature data: No columns to parse from file
2024-12-09 10:00:19,842 - gui - INFO - Test parameters updated successfully
2024-12-09 10:00:19,842 - gui - INFO - Test parameters updated successfully
2024-12-09 10:00:19,844 - gui - INFO - Entering main event loop...
2024-12-09 10:00:19,844 - gui - INFO - Entering main event loop...
2024-12-09 10:00:22,918 - gui - ERROR - Error while closing application: disconnect() failed between 'diagnostic_progress_signal' and all its connections
2024-12-09 10:00:22,918 - gui - ERROR - Error while closing application: disconnect() failed between 'diagnostic_progress_signal' and all its connections
2024-12-09 10:01:05,637 - gui - INFO - Configuration loaded successfully
2024-12-09 10:01:05,637 - gui - INFO - Configuration loaded successfully
2024-12-09 10:01:05,642 - gui - ERROR - Error reading vna_data data: No columns to parse from file
2024-12-09 10:01:05,642 - gui - ERROR - Error reading vna_data data: No columns to parse from file
2024-12-09 10:01:05,643 - gui - ERROR - Error reading temperature data: No columns to parse from file
2024-12-09 10:01:05,643 - gui - ERROR - Error reading temperature data: No columns to parse from file
2024-12-09 10:01:05,656 - gui - INFO - Test parameters updated successfully
2024-12-09 10:01:05,656 - gui - INFO - Test parameters updated successfully
2024-12-09 10:01:05,657 - gui - INFO - Entering main event loop...
2024-12-09 10:01:05,657 - gui - INFO - Entering main event loop...
2024-12-09 10:01:07,289 - gui - ERROR - Error while closing application: disconnect() failed between 'diagnostic_progress_signal' and all its connections
2024-12-09 10:01:07,289 - gui - ERROR - Error while closing application: disconnect() failed between 'diagnostic_progress_signal' and all its connections
2024-12-09 10:01:24,528 - gui - INFO - Configuration loaded successfully
2024-12-09 10:01:24,528 - gui - INFO - Configuration loaded successfully
2024-12-09 10:01:24,532 - gui - ERROR - Error reading vna_data data: No columns to parse from file
2024-12-09 10:01:24,532 - gui - ERROR - Error reading vna_data data: No columns to parse from file
2024-12-09 10:01:24,533 - gui - ERROR - Error reading temperature data: No columns to parse from file
2024-12-09 10:01:24,533 - gui - ERROR - Error reading temperature data: No columns to parse from file
2024-12-09 10:01:24,561 - gui - ERROR - An error occurred: 'MainWindow' object has no attribute 'time_sync_label'
Traceback (most recent call last):
  File "/home/nate/Desktop/Python_GUI_TS1500_Probe-B/main.py", line 46, in main
    window = MainWindow(controller)
             ^^^^^^^^^^^^^^^^^^^^^^
  File "/home/nate/Desktop/Python_GUI_TS1500_Probe-B/gui/main_window.py", line 135, in __init__
    self.init_ui()
  File "/home/nate/Desktop/Python_GUI_TS1500_Probe-B/gui/main_window.py", line 297, in init_ui
    status_bar.addPermanentWidget(self.time_sync_label)
                                  ^^^^^^^^^^^^^^^^^^^^
AttributeError: 'MainWindow' object has no attribute 'time_sync_label'
2024-12-09 10:01:24,561 - gui - ERROR - An error occurred: 'MainWindow' object has no attribute 'time_sync_label'
Traceback (most recent call last):
  File "/home/nate/Desktop/Python_GUI_TS1500_Probe-B/main.py", line 46, in main
    window = MainWindow(controller)
             ^^^^^^^^^^^^^^^^^^^^^^
  File "/home/nate/Desktop/Python_GUI_TS1500_Probe-B/gui/main_window.py", line 135, in __init__
    self.init_ui()
  File "/home/nate/Desktop/Python_GUI_TS1500_Probe-B/gui/main_window.py", line 297, in init_ui
    status_bar.addPermanentWidget(self.time_sync_label)
                                  ^^^^^^^^^^^^^^^^^^^^
AttributeError: 'MainWindow' object has no attribute 'time_sync_label'
2024-12-09 10:01:33,262 - gui - INFO - Configuration loaded successfully
2024-12-09 10:01:33,262 - gui - INFO - Configuration loaded successfully
2024-12-09 10:01:33,267 - gui - ERROR - Error reading vna_data data: No columns to parse from file
2024-12-09 10:01:33,267 - gui - ERROR - Error reading vna_data data: No columns to parse from file
2024-12-09 10:01:33,267 - gui - ERROR - Error reading temperature data: No columns to parse from file
2024-12-09 10:01:33,267 - gui - ERROR - Error reading temperature data: No columns to parse from file
2024-12-09 10:01:33,293 - gui - ERROR - An error occurred: 'MainWindow' object has no attribute 'time_sync_label'
Traceback (most recent call last):
  File "/home/nate/Desktop/Python_GUI_TS1500_Probe-B/main.py", line 46, in main
    window = MainWindow(controller)
             ^^^^^^^^^^^^^^^^^^^^^^
  File "/home/nate/Desktop/Python_GUI_TS1500_Probe-B/gui/main_window.py", line 135, in __init__
    self.init_ui()
  File "/home/nate/Desktop/Python_GUI_TS1500_Probe-B/gui/main_window.py", line 297, in init_ui
    status_bar.addPermanentWidget(self.time_sync_label)
                                  ^^^^^^^^^^^^^^^^^^^^
AttributeError: 'MainWindow' object has no attribute 'time_sync_label'
2024-12-09 10:01:33,293 - gui - ERROR - An error occurred: 'MainWindow' object has no attribute 'time_sync_label'
Traceback (most recent call last):
  File "/home/nate/Desktop/Python_GUI_TS1500_Probe-B/main.py", line 46, in main
    window = MainWindow(controller)
             ^^^^^^^^^^^^^^^^^^^^^^
  File "/home/nate/Desktop/Python_GUI_TS1500_Probe-B/gui/main_window.py", line 135, in __init__
    self.init_ui()
  File "/home/nate/Desktop/Python_GUI_TS1500_Probe-B/gui/main_window.py", line 297, in init_ui
    status_bar.addPermanentWidget(self.time_sync_label)
                                  ^^^^^^^^^^^^^^^^^^^^
AttributeError: 'MainWindow' object has no attribute 'time_sync_label'
2024-12-09 10:02:25,354 - gui - INFO - Configuration loaded successfully
2024-12-09 10:02:25,354 - gui - INFO - Configuration loaded successfully
2024-12-09 10:02:25,358 - gui - ERROR - Error reading vna_data data: No columns to parse from file
2024-12-09 10:02:25,358 - gui - ERROR - Error reading vna_data data: No columns to parse from file
2024-12-09 10:02:25,359 - gui - ERROR - Error reading temperature data: No columns to parse from file
2024-12-09 10:02:25,359 - gui - ERROR - Error reading temperature data: No columns to parse from file
2024-12-09 10:02:25,380 - gui - ERROR - An error occurred: 'MainWindow' object has no attribute 'icons'
Traceback (most recent call last):
  File "/home/nate/Desktop/Python_GUI_TS1500_Probe-B/main.py", line 46, in main
    window = MainWindow(controller)
             ^^^^^^^^^^^^^^^^^^^^^^
  File "/home/nate/Desktop/Python_GUI_TS1500_Probe-B/gui/main_window.py", line 145, in __init__
    self.init_ui()
  File "/home/nate/Desktop/Python_GUI_TS1500_Probe-B/gui/main_window.py", line 156, in init_ui
    self.create_toolbar()
  File "/home/nate/Desktop/Python_GUI_TS1500_Probe-B/gui/main_window.py", line 350, in create_toolbar
    file_button.setIcon(self.icons['components'])  # Using components icon for file menu
                        ^^^^^^^^^^
AttributeError: 'MainWindow' object has no attribute 'icons'
2024-12-09 10:02:25,380 - gui - ERROR - An error occurred: 'MainWindow' object has no attribute 'icons'
Traceback (most recent call last):
  File "/home/nate/Desktop/Python_GUI_TS1500_Probe-B/main.py", line 46, in main
    window = MainWindow(controller)
             ^^^^^^^^^^^^^^^^^^^^^^
  File "/home/nate/Desktop/Python_GUI_TS1500_Probe-B/gui/main_window.py", line 145, in __init__
    self.init_ui()
  File "/home/nate/Desktop/Python_GUI_TS1500_Probe-B/gui/main_window.py", line 156, in init_ui
    self.create_toolbar()
  File "/home/nate/Desktop/Python_GUI_TS1500_Probe-B/gui/main_window.py", line 350, in create_toolbar
    file_button.setIcon(self.icons['components'])  # Using components icon for file menu
                        ^^^^^^^^^^
AttributeError: 'MainWindow' object has no attribute 'icons'
2024-12-09 10:04:35,922 - gui - INFO - Configuration loaded successfully
2024-12-09 10:04:35,922 - gui - INFO - Configuration loaded successfully
2024-12-09 10:04:35,926 - gui - ERROR - Error reading vna_data data: No columns to parse from file
2024-12-09 10:04:35,926 - gui - ERROR - Error reading vna_data data: No columns to parse from file
2024-12-09 10:04:35,927 - gui - ERROR - Error reading temperature data: No columns to parse from file
2024-12-09 10:04:35,927 - gui - ERROR - Error reading temperature data: No columns to parse from file
2024-12-09 10:04:35,965 - gui - ERROR - An error occurred: 'MainController' object has no attribute 'data_collected_signal'
Traceback (most recent call last):
  File "/home/nate/Desktop/Python_GUI_TS1500_Probe-B/main.py", line 46, in main
    window = MainWindow(controller)
             ^^^^^^^^^^^^^^^^^^^^^^
  File "/home/nate/Desktop/Python_GUI_TS1500_Probe-B/gui/main_window.py", line 148, in __init__
    self.connect_signals()
  File "/home/nate/Desktop/Python_GUI_TS1500_Probe-B/gui/main_window.py", line 613, in connect_signals
    self.controller.data_collected_signal.connect(self.real_time_plots.update_data)
    ^^^^^^^^^^^^^^^^^^^^^^^^^^^^^^^^^^^^^
AttributeError: 'MainController' object has no attribute 'data_collected_signal'. Did you mean: 'test_completed_signal'?
2024-12-09 10:04:35,965 - gui - ERROR - An error occurred: 'MainController' object has no attribute 'data_collected_signal'
Traceback (most recent call last):
  File "/home/nate/Desktop/Python_GUI_TS1500_Probe-B/main.py", line 46, in main
    window = MainWindow(controller)
             ^^^^^^^^^^^^^^^^^^^^^^
  File "/home/nate/Desktop/Python_GUI_TS1500_Probe-B/gui/main_window.py", line 148, in __init__
    self.connect_signals()
  File "/home/nate/Desktop/Python_GUI_TS1500_Probe-B/gui/main_window.py", line 613, in connect_signals
    self.controller.data_collected_signal.connect(self.real_time_plots.update_data)
    ^^^^^^^^^^^^^^^^^^^^^^^^^^^^^^^^^^^^^
AttributeError: 'MainController' object has no attribute 'data_collected_signal'. Did you mean: 'test_completed_signal'?
2024-12-09 10:04:41,716 - gui - INFO - Configuration loaded successfully
2024-12-09 10:04:41,716 - gui - INFO - Configuration loaded successfully
2024-12-09 10:04:41,721 - gui - ERROR - Error reading vna_data data: No columns to parse from file
2024-12-09 10:04:41,721 - gui - ERROR - Error reading vna_data data: No columns to parse from file
2024-12-09 10:04:41,723 - gui - ERROR - Error reading temperature data: No columns to parse from file
2024-12-09 10:04:41,723 - gui - ERROR - Error reading temperature data: No columns to parse from file
2024-12-09 10:04:41,759 - gui - ERROR - An error occurred: 'MainController' object has no attribute 'data_collected_signal'
Traceback (most recent call last):
  File "/home/nate/Desktop/Python_GUI_TS1500_Probe-B/main.py", line 46, in main
    window = MainWindow(controller)
             ^^^^^^^^^^^^^^^^^^^^^^
  File "/home/nate/Desktop/Python_GUI_TS1500_Probe-B/gui/main_window.py", line 148, in __init__
    self.connect_signals()
  File "/home/nate/Desktop/Python_GUI_TS1500_Probe-B/gui/main_window.py", line 613, in connect_signals
    self.controller.data_collected_signal.connect(self.real_time_plots.update_data)
    ^^^^^^^^^^^^^^^^^^^^^^^^^^^^^^^^^^^^^
AttributeError: 'MainController' object has no attribute 'data_collected_signal'. Did you mean: 'test_completed_signal'?
2024-12-09 10:04:41,759 - gui - ERROR - An error occurred: 'MainController' object has no attribute 'data_collected_signal'
Traceback (most recent call last):
  File "/home/nate/Desktop/Python_GUI_TS1500_Probe-B/main.py", line 46, in main
    window = MainWindow(controller)
             ^^^^^^^^^^^^^^^^^^^^^^
  File "/home/nate/Desktop/Python_GUI_TS1500_Probe-B/gui/main_window.py", line 148, in __init__
    self.connect_signals()
  File "/home/nate/Desktop/Python_GUI_TS1500_Probe-B/gui/main_window.py", line 613, in connect_signals
    self.controller.data_collected_signal.connect(self.real_time_plots.update_data)
    ^^^^^^^^^^^^^^^^^^^^^^^^^^^^^^^^^^^^^
AttributeError: 'MainController' object has no attribute 'data_collected_signal'. Did you mean: 'test_completed_signal'?
2024-12-09 10:04:49,147 - gui - INFO - Configuration loaded successfully
2024-12-09 10:04:49,147 - gui - INFO - Configuration loaded successfully
2024-12-09 10:04:49,152 - gui - ERROR - Error reading vna_data data: No columns to parse from file
2024-12-09 10:04:49,152 - gui - ERROR - Error reading vna_data data: No columns to parse from file
2024-12-09 10:04:49,153 - gui - ERROR - Error reading temperature data: No columns to parse from file
2024-12-09 10:04:49,153 - gui - ERROR - Error reading temperature data: No columns to parse from file
2024-12-09 10:04:49,189 - gui - ERROR - An error occurred: 'MainController' object has no attribute 'data_collected_signal'
Traceback (most recent call last):
  File "/home/nate/Desktop/Python_GUI_TS1500_Probe-B/main.py", line 46, in main
    window = MainWindow(controller)
             ^^^^^^^^^^^^^^^^^^^^^^
  File "/home/nate/Desktop/Python_GUI_TS1500_Probe-B/gui/main_window.py", line 148, in __init__
    self.connect_signals()
  File "/home/nate/Desktop/Python_GUI_TS1500_Probe-B/gui/main_window.py", line 613, in connect_signals
    self.controller.data_collected_signal.connect(self.real_time_plots.update_data)
    ^^^^^^^^^^^^^^^^^^^^^^^^^^^^^^^^^^^^^
AttributeError: 'MainController' object has no attribute 'data_collected_signal'. Did you mean: 'test_completed_signal'?
2024-12-09 10:04:49,189 - gui - ERROR - An error occurred: 'MainController' object has no attribute 'data_collected_signal'
Traceback (most recent call last):
  File "/home/nate/Desktop/Python_GUI_TS1500_Probe-B/main.py", line 46, in main
    window = MainWindow(controller)
             ^^^^^^^^^^^^^^^^^^^^^^
  File "/home/nate/Desktop/Python_GUI_TS1500_Probe-B/gui/main_window.py", line 148, in __init__
    self.connect_signals()
  File "/home/nate/Desktop/Python_GUI_TS1500_Probe-B/gui/main_window.py", line 613, in connect_signals
    self.controller.data_collected_signal.connect(self.real_time_plots.update_data)
    ^^^^^^^^^^^^^^^^^^^^^^^^^^^^^^^^^^^^^
AttributeError: 'MainController' object has no attribute 'data_collected_signal'. Did you mean: 'test_completed_signal'?
2024-12-09 10:08:32,656 - gui - INFO - Configuration loaded successfully
2024-12-09 10:08:32,656 - gui - INFO - Configuration loaded successfully
2024-12-09 10:08:32,660 - gui - ERROR - Error reading vna_data data: No columns to parse from file
2024-12-09 10:08:32,660 - gui - ERROR - Error reading vna_data data: No columns to parse from file
2024-12-09 10:08:32,661 - gui - ERROR - Error reading temperature data: No columns to parse from file
2024-12-09 10:08:32,661 - gui - ERROR - Error reading temperature data: No columns to parse from file
2024-12-09 10:08:32,698 - gui - ERROR - An error occurred: 'MainController' object has no attribute 'update_test_parameters'
Traceback (most recent call last):
  File "/home/nate/Desktop/Python_GUI_TS1500_Probe-B/main.py", line 57, in main
    controller.update_test_parameters(test_parameters)
    ^^^^^^^^^^^^^^^^^^^^^^^^^^^^^^^^^
AttributeError: 'MainController' object has no attribute 'update_test_parameters'
2024-12-09 10:08:32,698 - gui - ERROR - An error occurred: 'MainController' object has no attribute 'update_test_parameters'
Traceback (most recent call last):
  File "/home/nate/Desktop/Python_GUI_TS1500_Probe-B/main.py", line 57, in main
    controller.update_test_parameters(test_parameters)
    ^^^^^^^^^^^^^^^^^^^^^^^^^^^^^^^^^
AttributeError: 'MainController' object has no attribute 'update_test_parameters'
2024-12-09 10:09:24,385 - gui - INFO - Configuration loaded successfully
2024-12-09 10:09:24,385 - gui - INFO - Configuration loaded successfully
2024-12-09 10:09:24,389 - gui - ERROR - Error reading vna_data data: No columns to parse from file
2024-12-09 10:09:24,389 - gui - ERROR - Error reading vna_data data: No columns to parse from file
2024-12-09 10:09:24,390 - gui - ERROR - Error reading temperature data: No columns to parse from file
2024-12-09 10:09:24,390 - gui - ERROR - Error reading temperature data: No columns to parse from file
2024-12-09 10:09:24,427 - gui - INFO - Test parameters updated successfully
2024-12-09 10:09:24,427 - gui - INFO - Test parameters updated successfully
2024-12-09 10:09:24,430 - gui - INFO - Entering main event loop...
2024-12-09 10:09:24,430 - gui - INFO - Entering main event loop...
2024-12-09 10:13:25,195 - gui - INFO - Configuration loaded successfully
2024-12-09 10:13:25,195 - gui - INFO - Configuration loaded successfully
2024-12-09 10:13:25,199 - gui - ERROR - Error reading vna_data data: No columns to parse from file
2024-12-09 10:13:25,199 - gui - ERROR - Error reading vna_data data: No columns to parse from file
2024-12-09 10:13:25,200 - gui - ERROR - Error reading temperature data: No columns to parse from file
2024-12-09 10:13:25,200 - gui - ERROR - Error reading temperature data: No columns to parse from file
2024-12-09 10:13:25,238 - gui - INFO - Test parameters updated successfully
2024-12-09 10:13:25,238 - gui - INFO - Test parameters updated successfully
2024-12-09 10:13:25,241 - gui - INFO - Entering main event loop...
2024-12-09 10:13:25,241 - gui - INFO - Entering main event loop...
2024-12-09 10:15:22,790 - gui - INFO - Configuration loaded successfully
2024-12-09 10:15:22,790 - gui - INFO - Configuration loaded successfully
2024-12-09 10:15:22,794 - gui - ERROR - Error reading vna_data data: No columns to parse from file
2024-12-09 10:15:22,794 - gui - ERROR - Error reading vna_data data: No columns to parse from file
2024-12-09 10:15:22,795 - gui - ERROR - Error reading temperature data: No columns to parse from file
2024-12-09 10:15:22,795 - gui - ERROR - Error reading temperature data: No columns to parse from file
2024-12-09 10:15:22,832 - gui - INFO - Test parameters updated successfully
2024-12-09 10:15:22,832 - gui - INFO - Test parameters updated successfully
2024-12-09 10:15:22,836 - gui - INFO - Entering main event loop...
2024-12-09 10:15:22,836 - gui - INFO - Entering main event loop...
2024-12-09 10:17:29,838 - gui - INFO - Configuration loaded successfully
2024-12-09 10:17:29,838 - gui - INFO - Configuration loaded successfully
2024-12-09 10:17:29,842 - gui - ERROR - Error reading vna_data data: No columns to parse from file
2024-12-09 10:17:29,842 - gui - ERROR - Error reading vna_data data: No columns to parse from file
2024-12-09 10:17:29,843 - gui - ERROR - Error reading temperature data: No columns to parse from file
2024-12-09 10:17:29,843 - gui - ERROR - Error reading temperature data: No columns to parse from file
2024-12-09 10:17:29,883 - gui - INFO - Test parameters updated successfully
2024-12-09 10:17:29,883 - gui - INFO - Test parameters updated successfully
2024-12-09 10:17:29,887 - gui - INFO - Entering main event loop...
2024-12-09 10:17:29,887 - gui - INFO - Entering main event loop...
2024-12-09 13:00:18,623 - gui - INFO - Configuration loaded successfully
2024-12-09 13:00:18,623 - gui - INFO - Configuration loaded successfully
2024-12-09 13:00:18,632 - gui - ERROR - Error reading vna_data data: No columns to parse from file
2024-12-09 13:00:18,632 - gui - ERROR - Error reading vna_data data: No columns to parse from file
2024-12-09 13:00:18,633 - gui - ERROR - Error reading temperature data: No columns to parse from file
2024-12-09 13:00:18,633 - gui - ERROR - Error reading temperature data: No columns to parse from file
2024-12-09 13:00:18,685 - gui - INFO - Test parameters updated successfully
2024-12-09 13:00:18,685 - gui - INFO - Test parameters updated successfully
2024-12-09 13:00:18,689 - gui - INFO - Entering main event loop...
2024-12-09 13:00:18,689 - gui - INFO - Entering main event loop...
2024-12-09 13:01:41,958 - gui - ERROR - Failed to connect to hardware: ArduinoController.__init__() takes 1 positional argument but 2 were given
2024-12-09 13:01:41,958 - gui - ERROR - Failed to connect to hardware: ArduinoController.__init__() takes 1 positional argument but 2 were given
2024-12-09 13:01:53,034 - gui - ERROR - Failed to connect to hardware: ArduinoController.__init__() takes 1 positional argument but 2 were given
2024-12-09 13:01:53,034 - gui - ERROR - Failed to connect to hardware: ArduinoController.__init__() takes 1 positional argument but 2 were given
2024-12-09 13:04:16,065 - gui - INFO - Configuration loaded successfully
2024-12-09 13:04:16,065 - gui - INFO - Configuration loaded successfully
2024-12-09 13:04:16,069 - gui - ERROR - Error reading vna_data data: No columns to parse from file
2024-12-09 13:04:16,069 - gui - ERROR - Error reading vna_data data: No columns to parse from file
2024-12-09 13:04:16,070 - gui - ERROR - Error reading temperature data: No columns to parse from file
2024-12-09 13:04:16,070 - gui - ERROR - Error reading temperature data: No columns to parse from file
2024-12-09 13:04:16,107 - gui - INFO - Test parameters updated successfully
2024-12-09 13:04:16,107 - gui - INFO - Test parameters updated successfully
2024-12-09 13:04:16,111 - gui - INFO - Entering main event loop...
2024-12-09 13:04:16,111 - gui - INFO - Entering main event loop...
2024-12-09 13:07:54,722 - gui - INFO - Configuration loaded successfully
2024-12-09 13:07:54,722 - gui - INFO - Configuration loaded successfully
2024-12-09 13:07:54,726 - gui - ERROR - Error reading vna_data data: No columns to parse from file
2024-12-09 13:07:54,726 - gui - ERROR - Error reading vna_data data: No columns to parse from file
2024-12-09 13:07:54,727 - gui - ERROR - Error reading temperature data: No columns to parse from file
2024-12-09 13:07:54,727 - gui - ERROR - Error reading temperature data: No columns to parse from file
2024-12-09 13:07:54,766 - gui - INFO - Test parameters updated successfully
2024-12-09 13:07:54,766 - gui - INFO - Test parameters updated successfully
2024-12-09 13:07:54,769 - gui - INFO - Entering main event loop...
2024-12-09 13:07:54,769 - gui - INFO - Entering main event loop...
2024-12-09 13:09:48,205 - gui - INFO - Configuration loaded successfully
2024-12-09 13:09:48,205 - gui - INFO - Configuration loaded successfully
2024-12-09 13:09:48,209 - gui - ERROR - Error reading vna_data data: No columns to parse from file
2024-12-09 13:09:48,209 - gui - ERROR - Error reading vna_data data: No columns to parse from file
2024-12-09 13:09:48,210 - gui - ERROR - Error reading temperature data: No columns to parse from file
2024-12-09 13:09:48,210 - gui - ERROR - Error reading temperature data: No columns to parse from file
2024-12-09 13:09:48,247 - gui - INFO - Test parameters updated successfully
2024-12-09 13:09:48,247 - gui - INFO - Test parameters updated successfully
2024-12-09 13:09:48,251 - gui - INFO - Entering main event loop...
2024-12-09 13:09:48,251 - gui - INFO - Entering main event loop...
2024-12-09 13:12:03,959 - gui - INFO - Configuration loaded successfully
2024-12-09 13:12:03,959 - gui - INFO - Configuration loaded successfully
2024-12-09 13:12:03,964 - gui - ERROR - Error reading vna_data data: No columns to parse from file
2024-12-09 13:12:03,964 - gui - ERROR - Error reading vna_data data: No columns to parse from file
2024-12-09 13:12:03,965 - gui - ERROR - Error reading temperature data: No columns to parse from file
2024-12-09 13:12:03,965 - gui - ERROR - Error reading temperature data: No columns to parse from file
2024-12-09 13:12:04,005 - gui - INFO - Test parameters updated successfully
2024-12-09 13:12:04,005 - gui - INFO - Test parameters updated successfully
2024-12-09 13:12:04,008 - gui - INFO - Entering main event loop...
2024-12-09 13:12:04,008 - gui - INFO - Entering main event loop...
2024-12-09 13:13:19,714 - gui - INFO - Configuration loaded successfully
2024-12-09 13:13:19,714 - gui - INFO - Configuration loaded successfully
2024-12-09 13:13:19,720 - gui - ERROR - Error reading vna_data data: No columns to parse from file
2024-12-09 13:13:19,720 - gui - ERROR - Error reading vna_data data: No columns to parse from file
2024-12-09 13:13:19,721 - gui - ERROR - Error reading temperature data: No columns to parse from file
2024-12-09 13:13:19,721 - gui - ERROR - Error reading temperature data: No columns to parse from file
2024-12-09 13:13:19,757 - gui - INFO - Test parameters updated successfully
2024-12-09 13:13:19,757 - gui - INFO - Test parameters updated successfully
2024-12-09 13:13:19,762 - gui - INFO - Entering main event loop...
2024-12-09 13:13:19,762 - gui - INFO - Entering main event loop...
2024-12-09 13:14:59,080 - gui - INFO - Configuration loaded successfully
2024-12-09 13:14:59,080 - gui - INFO - Configuration loaded successfully
2024-12-09 13:14:59,085 - gui - ERROR - Error reading vna_data data: No columns to parse from file
2024-12-09 13:14:59,085 - gui - ERROR - Error reading vna_data data: No columns to parse from file
2024-12-09 13:14:59,085 - gui - ERROR - Error reading temperature data: No columns to parse from file
2024-12-09 13:14:59,085 - gui - ERROR - Error reading temperature data: No columns to parse from file
2024-12-09 13:14:59,122 - gui - INFO - Test parameters updated successfully
2024-12-09 13:14:59,122 - gui - INFO - Test parameters updated successfully
2024-12-09 13:14:59,125 - gui - INFO - Entering main event loop...
2024-12-09 13:14:59,125 - gui - INFO - Entering main event loop...
2024-12-09 13:17:29,836 - gui - INFO - Configuration loaded successfully
2024-12-09 13:17:29,836 - gui - INFO - Configuration loaded successfully
2024-12-09 13:17:29,840 - gui - ERROR - Error reading vna_data data: No columns to parse from file
2024-12-09 13:17:29,840 - gui - ERROR - Error reading vna_data data: No columns to parse from file
2024-12-09 13:17:29,841 - gui - ERROR - Error reading temperature data: No columns to parse from file
2024-12-09 13:17:29,841 - gui - ERROR - Error reading temperature data: No columns to parse from file
2024-12-09 13:17:29,853 - gui - ERROR - An error occurred: name 'QSizePolicy' is not defined
Traceback (most recent call last):
  File "/home/nate/Desktop/Python_GUI_TS1500_Probe-B/main.py", line 46, in main
    window = MainWindow(controller)
             ^^^^^^^^^^^^^^^^^^^^^^
  File "/home/nate/Desktop/Python_GUI_TS1500_Probe-B/gui/main_window.py", line 192, in __init__
    self.setup_ui()
  File "/home/nate/Desktop/Python_GUI_TS1500_Probe-B/gui/main_window.py", line 209, in setup_ui
    self.real_time_plots.setSizePolicy(QSizePolicy.Expanding, QSizePolicy.Expanding)
                                       ^^^^^^^^^^^
NameError: name 'QSizePolicy' is not defined
2024-12-09 13:17:29,853 - gui - ERROR - An error occurred: name 'QSizePolicy' is not defined
Traceback (most recent call last):
  File "/home/nate/Desktop/Python_GUI_TS1500_Probe-B/main.py", line 46, in main
    window = MainWindow(controller)
             ^^^^^^^^^^^^^^^^^^^^^^
  File "/home/nate/Desktop/Python_GUI_TS1500_Probe-B/gui/main_window.py", line 192, in __init__
    self.setup_ui()
  File "/home/nate/Desktop/Python_GUI_TS1500_Probe-B/gui/main_window.py", line 209, in setup_ui
    self.real_time_plots.setSizePolicy(QSizePolicy.Expanding, QSizePolicy.Expanding)
                                       ^^^^^^^^^^^
NameError: name 'QSizePolicy' is not defined
2024-12-09 13:17:58,646 - gui - INFO - Configuration loaded successfully
2024-12-09 13:17:58,646 - gui - INFO - Configuration loaded successfully
2024-12-09 13:17:58,651 - gui - ERROR - Error reading vna_data data: No columns to parse from file
2024-12-09 13:17:58,651 - gui - ERROR - Error reading vna_data data: No columns to parse from file
2024-12-09 13:17:58,652 - gui - ERROR - Error reading temperature data: No columns to parse from file
2024-12-09 13:17:58,652 - gui - ERROR - Error reading temperature data: No columns to parse from file
2024-12-09 13:17:58,663 - gui - ERROR - An error occurred: name 'QSizePolicy' is not defined
Traceback (most recent call last):
  File "/home/nate/Desktop/Python_GUI_TS1500_Probe-B/main.py", line 46, in main
    window = MainWindow(controller)
             ^^^^^^^^^^^^^^^^^^^^^^
  File "/home/nate/Desktop/Python_GUI_TS1500_Probe-B/gui/main_window.py", line 192, in __init__
    self.setup_ui()
  File "/home/nate/Desktop/Python_GUI_TS1500_Probe-B/gui/main_window.py", line 209, in setup_ui
    self.real_time_plots.setSizePolicy(QSizePolicy.Expanding, QSizePolicy.Expanding)
                                       ^^^^^^^^^^^
NameError: name 'QSizePolicy' is not defined
2024-12-09 13:17:58,663 - gui - ERROR - An error occurred: name 'QSizePolicy' is not defined
Traceback (most recent call last):
  File "/home/nate/Desktop/Python_GUI_TS1500_Probe-B/main.py", line 46, in main
    window = MainWindow(controller)
             ^^^^^^^^^^^^^^^^^^^^^^
  File "/home/nate/Desktop/Python_GUI_TS1500_Probe-B/gui/main_window.py", line 192, in __init__
    self.setup_ui()
  File "/home/nate/Desktop/Python_GUI_TS1500_Probe-B/gui/main_window.py", line 209, in setup_ui
    self.real_time_plots.setSizePolicy(QSizePolicy.Expanding, QSizePolicy.Expanding)
                                       ^^^^^^^^^^^
NameError: name 'QSizePolicy' is not defined
2024-12-09 13:18:45,245 - gui - INFO - Configuration loaded successfully
2024-12-09 13:18:45,245 - gui - INFO - Configuration loaded successfully
2024-12-09 13:18:45,250 - gui - ERROR - Error reading vna_data data: No columns to parse from file
2024-12-09 13:18:45,250 - gui - ERROR - Error reading vna_data data: No columns to parse from file
2024-12-09 13:18:45,251 - gui - ERROR - Error reading temperature data: No columns to parse from file
2024-12-09 13:18:45,251 - gui - ERROR - Error reading temperature data: No columns to parse from file
2024-12-09 13:18:45,276 - gui - ERROR - An error occurred: 'MainWindow' object has no attribute 'setup_toolbar'
Traceback (most recent call last):
  File "/home/nate/Desktop/Python_GUI_TS1500_Probe-B/main.py", line 46, in main
    window = MainWindow(controller)
             ^^^^^^^^^^^^^^^^^^^^^^
  File "/home/nate/Desktop/Python_GUI_TS1500_Probe-B/gui/main_window.py", line 192, in __init__
    self.setup_ui()
  File "/home/nate/Desktop/Python_GUI_TS1500_Probe-B/gui/main_window.py", line 226, in setup_ui
    self.setup_toolbar()
    ^^^^^^^^^^^^^^^^^^
AttributeError: 'MainWindow' object has no attribute 'setup_toolbar'. Did you mean: 'create_toolbar'?
2024-12-09 13:18:45,276 - gui - ERROR - An error occurred: 'MainWindow' object has no attribute 'setup_toolbar'
Traceback (most recent call last):
  File "/home/nate/Desktop/Python_GUI_TS1500_Probe-B/main.py", line 46, in main
    window = MainWindow(controller)
             ^^^^^^^^^^^^^^^^^^^^^^
  File "/home/nate/Desktop/Python_GUI_TS1500_Probe-B/gui/main_window.py", line 192, in __init__
    self.setup_ui()
  File "/home/nate/Desktop/Python_GUI_TS1500_Probe-B/gui/main_window.py", line 226, in setup_ui
    self.setup_toolbar()
    ^^^^^^^^^^^^^^^^^^
AttributeError: 'MainWindow' object has no attribute 'setup_toolbar'. Did you mean: 'create_toolbar'?
2024-12-09 13:22:58,536 - gui - INFO - Configuration loaded successfully
2024-12-09 13:22:58,536 - gui - INFO - Configuration loaded successfully
2024-12-09 13:22:58,540 - gui - ERROR - Error reading vna_data data: No columns to parse from file
2024-12-09 13:22:58,540 - gui - ERROR - Error reading vna_data data: No columns to parse from file
2024-12-09 13:22:58,541 - gui - ERROR - Error reading temperature data: No columns to parse from file
2024-12-09 13:22:58,541 - gui - ERROR - Error reading temperature data: No columns to parse from file
2024-12-09 13:22:58,565 - gui - INFO - Test parameters updated successfully
2024-12-09 13:22:58,565 - gui - INFO - Test parameters updated successfully
2024-12-09 13:22:58,569 - gui - INFO - Entering main event loop...
2024-12-09 13:22:58,569 - gui - INFO - Entering main event loop...
2024-12-09 13:24:21,291 - gui - INFO - Configuration loaded successfully
2024-12-09 13:24:21,291 - gui - INFO - Configuration loaded successfully
2024-12-09 13:24:21,296 - gui - ERROR - Error reading vna_data data: No columns to parse from file
2024-12-09 13:24:21,296 - gui - ERROR - Error reading vna_data data: No columns to parse from file
2024-12-09 13:24:21,297 - gui - ERROR - Error reading temperature data: No columns to parse from file
2024-12-09 13:24:21,297 - gui - ERROR - Error reading temperature data: No columns to parse from file
2024-12-09 13:24:21,323 - gui - INFO - Test parameters updated successfully
2024-12-09 13:24:21,323 - gui - INFO - Test parameters updated successfully
2024-12-09 13:24:21,326 - gui - INFO - Entering main event loop...
2024-12-09 13:24:21,326 - gui - INFO - Entering main event loop...
2024-12-09 13:26:18,857 - gui - INFO - Configuration loaded successfully
2024-12-09 13:26:18,857 - gui - INFO - Configuration loaded successfully
2024-12-09 13:26:18,861 - gui - ERROR - Error reading vna_data data: No columns to parse from file
2024-12-09 13:26:18,861 - gui - ERROR - Error reading vna_data data: No columns to parse from file
2024-12-09 13:26:18,862 - gui - ERROR - Error reading temperature data: No columns to parse from file
2024-12-09 13:26:18,862 - gui - ERROR - Error reading temperature data: No columns to parse from file
2024-12-09 13:26:18,865 - gui - ERROR - An error occurred: 'MainWindow' object has no attribute 'icons'
Traceback (most recent call last):
  File "/home/nate/Desktop/Python_GUI_TS1500_Probe-B/main.py", line 46, in main
    window = MainWindow(controller)
             ^^^^^^^^^^^^^^^^^^^^^^
  File "/home/nate/Desktop/Python_GUI_TS1500_Probe-B/gui/main_window.py", line 192, in __init__
    self.setup_ui()
  File "/home/nate/Desktop/Python_GUI_TS1500_Probe-B/gui/main_window.py", line 219, in setup_ui
    self.start_button.setIcon(self.icons.get('start', QIcon()))
                              ^^^^^^^^^^
AttributeError: 'MainWindow' object has no attribute 'icons'
2024-12-09 13:26:18,865 - gui - ERROR - An error occurred: 'MainWindow' object has no attribute 'icons'
Traceback (most recent call last):
  File "/home/nate/Desktop/Python_GUI_TS1500_Probe-B/main.py", line 46, in main
    window = MainWindow(controller)
             ^^^^^^^^^^^^^^^^^^^^^^
  File "/home/nate/Desktop/Python_GUI_TS1500_Probe-B/gui/main_window.py", line 192, in __init__
    self.setup_ui()
  File "/home/nate/Desktop/Python_GUI_TS1500_Probe-B/gui/main_window.py", line 219, in setup_ui
    self.start_button.setIcon(self.icons.get('start', QIcon()))
                              ^^^^^^^^^^
AttributeError: 'MainWindow' object has no attribute 'icons'
2024-12-09 13:30:17,833 - gui - INFO - Configuration loaded successfully
2024-12-09 13:30:17,833 - gui - INFO - Configuration loaded successfully
2024-12-09 13:30:17,838 - gui - ERROR - Error reading vna_data data: No columns to parse from file
2024-12-09 13:30:17,838 - gui - ERROR - Error reading vna_data data: No columns to parse from file
2024-12-09 13:30:17,838 - gui - ERROR - Error reading temperature data: No columns to parse from file
2024-12-09 13:30:17,838 - gui - ERROR - Error reading temperature data: No columns to parse from file
2024-12-09 13:30:17,865 - gui - INFO - Test parameters updated successfully
2024-12-09 13:30:17,865 - gui - INFO - Test parameters updated successfully
2024-12-09 13:30:17,869 - gui - INFO - Entering main event loop...
2024-12-09 13:30:17,869 - gui - INFO - Entering main event loop...
2024-12-09 13:34:45,739 - gui - INFO - Configuration loaded successfully
2024-12-09 13:34:45,739 - gui - INFO - Configuration loaded successfully
2024-12-09 13:34:45,745 - gui - ERROR - Error reading vna_data data: No columns to parse from file
2024-12-09 13:34:45,745 - gui - ERROR - Error reading vna_data data: No columns to parse from file
2024-12-09 13:34:45,746 - gui - ERROR - Error reading temperature data: No columns to parse from file
2024-12-09 13:34:45,746 - gui - ERROR - Error reading temperature data: No columns to parse from file
2024-12-09 13:34:45,771 - gui - INFO - Test parameters updated successfully
2024-12-09 13:34:45,771 - gui - INFO - Test parameters updated successfully
2024-12-09 13:34:45,776 - gui - INFO - Entering main event loop...
2024-12-09 13:34:45,776 - gui - INFO - Entering main event loop...
2024-12-09 13:35:07,917 - gui - INFO - Configuration loaded successfully
2024-12-09 13:35:07,917 - gui - INFO - Configuration loaded successfully
2024-12-09 13:35:07,922 - gui - ERROR - Error reading vna_data data: No columns to parse from file
2024-12-09 13:35:07,922 - gui - ERROR - Error reading vna_data data: No columns to parse from file
2024-12-09 13:35:07,923 - gui - ERROR - Error reading temperature data: No columns to parse from file
2024-12-09 13:35:07,923 - gui - ERROR - Error reading temperature data: No columns to parse from file
2024-12-09 13:35:07,948 - gui - INFO - Test parameters updated successfully
2024-12-09 13:35:07,948 - gui - INFO - Test parameters updated successfully
2024-12-09 13:35:07,952 - gui - INFO - Entering main event loop...
2024-12-09 13:35:07,952 - gui - INFO - Entering main event loop...
2024-12-09 13:39:04,594 - gui - INFO - Configuration loaded successfully
2024-12-09 13:39:04,594 - gui - INFO - Configuration loaded successfully
2024-12-09 13:39:04,598 - gui - ERROR - Error reading vna_data data: No columns to parse from file
2024-12-09 13:39:04,598 - gui - ERROR - Error reading vna_data data: No columns to parse from file
2024-12-09 13:39:04,599 - gui - ERROR - Error reading temperature data: No columns to parse from file
2024-12-09 13:39:04,599 - gui - ERROR - Error reading temperature data: No columns to parse from file
2024-12-09 13:39:04,625 - gui - INFO - Test parameters updated successfully
2024-12-09 13:39:04,625 - gui - INFO - Test parameters updated successfully
2024-12-09 13:39:04,629 - gui - INFO - Entering main event loop...
2024-12-09 13:39:04,629 - gui - INFO - Entering main event loop...
2024-12-09 13:40:09,299 - gui - INFO - Configuration loaded successfully
2024-12-09 13:40:09,299 - gui - INFO - Configuration loaded successfully
2024-12-09 13:40:09,304 - gui - ERROR - Error reading vna_data data: No columns to parse from file
2024-12-09 13:40:09,304 - gui - ERROR - Error reading vna_data data: No columns to parse from file
2024-12-09 13:40:09,305 - gui - ERROR - Error reading temperature data: No columns to parse from file
2024-12-09 13:40:09,305 - gui - ERROR - Error reading temperature data: No columns to parse from file
2024-12-09 13:40:09,324 - gui - ERROR - An error occurred: name 'QPalette' is not defined
Traceback (most recent call last):
  File "/home/nate/Desktop/Python_GUI_TS1500_Probe-B/main.py", line 46, in main
    window = MainWindow(controller)
             ^^^^^^^^^^^^^^^^^^^^^^
  File "/home/nate/Desktop/Python_GUI_TS1500_Probe-B/gui/main_window.py", line 209, in __init__
    self.setup_ui()
  File "/home/nate/Desktop/Python_GUI_TS1500_Probe-B/gui/main_window.py", line 264, in setup_ui
    self.setup_status_bar()
  File "/home/nate/Desktop/Python_GUI_TS1500_Probe-B/gui/main_window.py", line 446, in setup_status_bar
    self.set_label_color(label, "red")  # Initial red color
    ^^^^^^^^^^^^^^^^^^^^^^^^^^^^^^^^^^
  File "/home/nate/Desktop/Python_GUI_TS1500_Probe-B/gui/main_window.py", line 465, in set_label_color
    palette.setColor(QPalette.ColorRole.Window, QColor(color_name))
                     ^^^^^^^^
NameError: name 'QPalette' is not defined. Did you mean: 'palette'?
2024-12-09 13:40:09,324 - gui - ERROR - An error occurred: name 'QPalette' is not defined
Traceback (most recent call last):
  File "/home/nate/Desktop/Python_GUI_TS1500_Probe-B/main.py", line 46, in main
    window = MainWindow(controller)
             ^^^^^^^^^^^^^^^^^^^^^^
  File "/home/nate/Desktop/Python_GUI_TS1500_Probe-B/gui/main_window.py", line 209, in __init__
    self.setup_ui()
  File "/home/nate/Desktop/Python_GUI_TS1500_Probe-B/gui/main_window.py", line 264, in setup_ui
    self.setup_status_bar()
  File "/home/nate/Desktop/Python_GUI_TS1500_Probe-B/gui/main_window.py", line 446, in setup_status_bar
    self.set_label_color(label, "red")  # Initial red color
    ^^^^^^^^^^^^^^^^^^^^^^^^^^^^^^^^^^
  File "/home/nate/Desktop/Python_GUI_TS1500_Probe-B/gui/main_window.py", line 465, in set_label_color
    palette.setColor(QPalette.ColorRole.Window, QColor(color_name))
                     ^^^^^^^^
NameError: name 'QPalette' is not defined. Did you mean: 'palette'?
2024-12-09 13:40:48,619 - gui - INFO - Configuration loaded successfully
2024-12-09 13:40:48,619 - gui - INFO - Configuration loaded successfully
2024-12-09 13:40:48,623 - gui - ERROR - Error reading vna_data data: No columns to parse from file
2024-12-09 13:40:48,623 - gui - ERROR - Error reading vna_data data: No columns to parse from file
2024-12-09 13:40:48,624 - gui - ERROR - Error reading temperature data: No columns to parse from file
2024-12-09 13:40:48,624 - gui - ERROR - Error reading temperature data: No columns to parse from file
2024-12-09 13:40:48,648 - gui - INFO - Test parameters updated successfully
2024-12-09 13:40:48,648 - gui - INFO - Test parameters updated successfully
2024-12-09 13:40:48,652 - gui - INFO - Entering main event loop...
2024-12-09 13:40:48,652 - gui - INFO - Entering main event loop...
