2024-12-11 11:38:37 - gui - [0;32mINFO[0m - Starting UI initialization...
2024-12-11 11:39:09 - gui - [0;32mINFO[0m - Starting UI initialization...
2024-12-11 11:41:03 - gui - [0;32mINFO[0m - Starting UI initialization...
2024-12-11 11:41:57 - gui - [0;32mINFO[0m - Starting UI initialization...
2024-12-11 11:41:57 - gui - [0;32mINFO[0m - MainWindow initialization complete
2024-12-11 11:41:57 - gui - [0;32mINFO[0m - Test parameters updated successfully
2024-12-11 11:41:57 - gui - [0;32mINFO[0m - Entering main event loop...
2024-12-11 11:42:04 - gui - [0;32mINFO[0m - Starting UI initialization...
2024-12-11 11:42:04 - gui - [0;32mINFO[0m - MainWindow initialization complete
2024-12-11 11:42:04 - gui - [0;32mINFO[0m - Test parameters updated successfully
2024-12-11 11:42:04 - gui - [0;32mINFO[0m - Entering main event loop...
2024-12-11 11:42:58 - gui - [0;32mINFO[0m - Starting UI initialization...
2024-12-11 11:42:58 - gui - [0;32mINFO[0m - MainWindow initialization complete
2024-12-11 11:42:58 - gui - [0;32mINFO[0m - Test parameters updated successfully
2024-12-11 11:42:58 - gui - [0;32mINFO[0m - Entering main event loop...
2024-12-11 11:43:03 - gui - [0;32mINFO[0m - VNA Connected
2024-12-11 11:43:16 - gui - [0;32mINFO[0m - Starting UI initialization...
2024-12-11 11:43:16 - gui - [0;32mINFO[0m - MainWindow initialization complete
2024-12-11 11:43:16 - gui - [0;32mINFO[0m - Test parameters updated successfully
2024-12-11 11:43:16 - gui - [0;32mINFO[0m - Entering main event loop...
2024-12-11 11:43:20 - gui - [0;32mINFO[0m - VNA Connected
2024-12-11 14:12:18 - gui - [0;32mINFO[0m - Starting UI initialization...
2024-12-11 14:12:18 - gui - [0;32mINFO[0m - MainWindow initialization complete
2024-12-11 14:12:18 - gui - [0;32mINFO[0m - Test parameters updated successfully
2024-12-11 14:12:18 - gui - [0;32mINFO[0m - Entering main event loop...
2024-12-11 14:12:23 - gui - [0;32mINFO[0m - VNA Connected
