2024-12-10 15:33:28,298 - gui - INFO - Configuration loaded successfully
2024-12-10 15:33:28,298 - gui - INFO - Configuration loaded successfully
2024-12-10 15:33:28,307 - gui - ERROR - Error reading vna_data data: No columns to parse from file
2024-12-10 15:33:28,307 - gui - ERROR - Error reading vna_data data: No columns to parse from file
2024-12-10 15:33:28,309 - gui - ERROR - Error reading temperature data: No columns to parse from file
2024-12-10 15:33:28,309 - gui - ERROR - Error reading temperature data: No columns to parse from file
2024-12-10 15:33:28,347 - gui - ERROR - An error occurred: 'MainWindow' object has no attribute 'hardware_button'
Traceback (most recent call last):
  File "/home/nate/Desktop/Python_GUI_TS1500_Probe-B/main.py", line 46, in main
    window = MainWindow(controller)
             ^^^^^^^^^^^^^^^^^^^^^^
  File "/home/nate/Desktop/Python_GUI_TS1500_Probe-B/gui/main_window.py", line 183, in __init__
    self.setup_ui()
  File "/home/nate/Desktop/Python_GUI_TS1500_Probe-B/gui/main_window.py", line 256, in setup_ui
    self.hardware_button.clicked.connect(self.configure_hardware)
    ^^^^^^^^^^^^^^^^^^^^
AttributeError: 'MainWindow' object has no attribute 'hardware_button'
2024-12-10 15:33:28,347 - gui - ERROR - An error occurred: 'MainWindow' object has no attribute 'hardware_button'
Traceback (most recent call last):
  File "/home/nate/Desktop/Python_GUI_TS1500_Probe-B/main.py", line 46, in main
    window = MainWindow(controller)
             ^^^^^^^^^^^^^^^^^^^^^^
  File "/home/nate/Desktop/Python_GUI_TS1500_Probe-B/gui/main_window.py", line 183, in __init__
    self.setup_ui()
  File "/home/nate/Desktop/Python_GUI_TS1500_Probe-B/gui/main_window.py", line 256, in setup_ui
    self.hardware_button.clicked.connect(self.configure_hardware)
    ^^^^^^^^^^^^^^^^^^^^
AttributeError: 'MainWindow' object has no attribute 'hardware_button'
2024-12-10 15:43:44,451 - gui - INFO - Configuration loaded successfully
2024-12-10 15:43:44,451 - gui - INFO - Configuration loaded successfully
2024-12-10 15:43:44,455 - gui - ERROR - Error reading vna_data data: No columns to parse from file
2024-12-10 15:43:44,455 - gui - ERROR - Error reading vna_data data: No columns to parse from file
2024-12-10 15:43:44,456 - gui - ERROR - Error reading temperature data: No columns to parse from file
2024-12-10 15:43:44,456 - gui - ERROR - Error reading temperature data: No columns to parse from file
2024-12-10 15:43:44,485 - gui - ERROR - An error occurred: 'MainWindow' object has no attribute 'log_viewer'
Traceback (most recent call last):
  File "/home/nate/Desktop/Python_GUI_TS1500_Probe-B/main.py", line 46, in main
    window = MainWindow(controller)
             ^^^^^^^^^^^^^^^^^^^^^^
  File "/home/nate/Desktop/Python_GUI_TS1500_Probe-B/gui/main_window.py", line 191, in __init__
    self.setup_logging() # Set up logging
    ^^^^^^^^^^^^^^^^^^^^
  File "/home/nate/Desktop/Python_GUI_TS1500_Probe-B/gui/main_window.py", line 1668, in setup_logging
    gui_handler = QtLogHandler(self.log_viewer)
                               ^^^^^^^^^^^^^^^
AttributeError: 'MainWindow' object has no attribute 'log_viewer'
2024-12-10 15:46:56,018 - gui - INFO - Configuration loaded successfully
2024-12-10 15:46:56,018 - gui - INFO - Configuration loaded successfully
2024-12-10 15:46:56,022 - gui - ERROR - Error reading vna_data data: No columns to parse from file
2024-12-10 15:46:56,022 - gui - ERROR - Error reading vna_data data: No columns to parse from file
2024-12-10 15:46:56,023 - gui - ERROR - Error reading temperature data: No columns to parse from file
2024-12-10 15:46:56,023 - gui - ERROR - Error reading temperature data: No columns to parse from file
2024-12-10 15:46:56,055 - gui - INFO - Test parameters updated successfully
2024-12-10 15:46:56,058 - gui - INFO - Entering main event loop...
2024-12-10 15:47:23,867 - gui - INFO - Configuration loaded successfully
2024-12-10 15:47:23,867 - gui - INFO - Configuration loaded successfully
2024-12-10 15:47:23,871 - gui - ERROR - Error reading vna_data data: No columns to parse from file
2024-12-10 15:47:23,871 - gui - ERROR - Error reading vna_data data: No columns to parse from file
2024-12-10 15:47:23,871 - gui - ERROR - Error reading temperature data: No columns to parse from file
2024-12-10 15:47:23,871 - gui - ERROR - Error reading temperature data: No columns to parse from file
2024-12-10 15:47:23,909 - gui - INFO - Test parameters updated successfully
2024-12-10 15:47:23,909 - gui - INFO - Test parameters updated successfully
2024-12-10 15:47:23,913 - gui - INFO - Entering main event loop...
2024-12-10 15:47:23,913 - gui - INFO - Entering main event loop...
2024-12-10 17:43:06 - gui - [0;31mERROR[0m - An error occurred: name 'QSplitter' is not defined
Traceback (most recent call last):
  File "/home/nate/Desktop/Python_GUI_TS1500_Probe-B/main.py", line 46, in main
    window = MainWindow(controller)
             ^^^^^^^^^^^^^^^^^^^^^^
  File "/home/nate/Desktop/Python_GUI_TS1500_Probe-B/gui/main_window.py", line 135, in __init__
    self.real_time_plots = RealTimePlots()
                           ^^^^^^^^^^^^^^^
  File "/home/nate/Desktop/Python_GUI_TS1500_Probe-B/gui/components.py", line 115, in __init__
    self.init_ui()
  File "/home/nate/Desktop/Python_GUI_TS1500_Probe-B/gui/components.py", line 142, in init_ui
    splitter = QSplitter(Qt.Orientation.Vertical)
               ^^^^^^^^^
NameError: name 'QSplitter' is not defined
2024-12-10 17:43:16 - gui - [0;31mERROR[0m - An error occurred: 'MainController' object has no attribute 'data_collected_signal'
Traceback (most recent call last):
  File "/home/nate/Desktop/Python_GUI_TS1500_Probe-B/main.py", line 46, in main
    window = MainWindow(controller)
             ^^^^^^^^^^^^^^^^^^^^^^
  File "/home/nate/Desktop/Python_GUI_TS1500_Probe-B/gui/main_window.py", line 146, in __init__
    self.connect_signals()
  File "/home/nate/Desktop/Python_GUI_TS1500_Probe-B/gui/main_window.py", line 576, in connect_signals
    self.controller.data_collected_signal.connect(self.real_time_plots.update_data)
    ^^^^^^^^^^^^^^^^^^^^^^^^^^^^^^^^^^^^^
AttributeError: 'MainController' object has no attribute 'data_collected_signal'
2024-12-10 17:45:55 - gui - [0;31mERROR[0m - An error occurred: name 'Config' is not defined
Traceback (most recent call last):
  File "/home/nate/Desktop/Python_GUI_TS1500_Probe-B/main.py", line 46, in main
    window = MainWindow(controller)
             ^^^^^^^^^^^^^^^^^^^^^^
  File "/home/nate/Desktop/Python_GUI_TS1500_Probe-B/gui/main_window.py", line 126, in __init__
    self.config = Config()
                  ^^^^^^
NameError: name 'Config' is not defined
2024-12-10 17:46:20 - gui - [0;32mINFO[0m - Starting MainWindow initialization...
2024-12-10 17:46:20 - gui - [0;32mINFO[0m - Initializing components...
2024-12-10 17:46:20 - gui - [0;32mINFO[0m - Starting UI initialization...
2024-12-10 17:46:20 - gui - [0;31mERROR[0m - An error occurred: name 'QSettings' is not defined
Traceback (most recent call last):
  File "/home/nate/Desktop/Python_GUI_TS1500_Probe-B/main.py", line 46, in main
    window = MainWindow(controller)
             ^^^^^^^^^^^^^^^^^^^^^^
  File "/home/nate/Desktop/Python_GUI_TS1500_Probe-B/gui/main_window.py", line 131, in __init__
    self.load_last_config()
  File "/home/nate/Desktop/Python_GUI_TS1500_Probe-B/gui/main_window.py", line 400, in load_last_config
    settings = QSettings()
               ^^^^^^^^^
NameError: name 'QSettings' is not defined
2024-12-10 17:46:33 - gui - [0;32mINFO[0m - Starting MainWindow initialization...
2024-12-10 17:46:33 - gui - [0;32mINFO[0m - Initializing components...
2024-12-10 17:46:33 - gui - [0;32mINFO[0m - Starting UI initialization...
2024-12-10 17:46:33 - gui - [0;31mERROR[0m - An error occurred: 'QTextCursor' object has no attribute 'End'
Traceback (most recent call last):
  File "/home/nate/Desktop/Python_GUI_TS1500_Probe-B/main.py", line 46, in main
    window = MainWindow(controller)
             ^^^^^^^^^^^^^^^^^^^^^^
  File "/home/nate/Desktop/Python_GUI_TS1500_Probe-B/gui/main_window.py", line 131, in __init__
    self.load_last_config()
  File "/home/nate/Desktop/Python_GUI_TS1500_Probe-B/gui/main_window.py", line 405, in load_last_config
    self.reset_config()
  File "/home/nate/Desktop/Python_GUI_TS1500_Probe-B/gui/main_window.py", line 413, in reset_config
    self.log_viewer.log_message("Configuration reset to defaults", "info")
  File "/home/nate/Desktop/Python_GUI_TS1500_Probe-B/gui/components.py", line 109, in log_message
    self.log_text.moveCursor(self.log_text.textCursor().End)
                             ^^^^^^^^^^^^^^^^^^^^^^^^^^^^^^
AttributeError: 'QTextCursor' object has no attribute 'End'
2024-12-10 17:46:57 - gui - [0;32mINFO[0m - Starting MainWindow initialization...
2024-12-10 17:46:57 - gui - [0;32mINFO[0m - Initializing components...
2024-12-10 17:46:57 - gui - [0;32mINFO[0m - Starting UI initialization...
2024-12-10 17:46:57 - gui - [0;31mERROR[0m - An error occurred: 'MainController' object has no attribute 'update_test_parameters'
Traceback (most recent call last):
  File "/home/nate/Desktop/Python_GUI_TS1500_Probe-B/main.py", line 57, in main
    controller.update_test_parameters(test_parameters)
    ^^^^^^^^^^^^^^^^^^^^^^^^^^^^^^^^^
AttributeError: 'MainController' object has no attribute 'update_test_parameters'
2024-12-10 17:47:23 - gui - [0;32mINFO[0m - Starting MainWindow initialization...
2024-12-10 17:47:23 - gui - [0;32mINFO[0m - Initializing components...
2024-12-10 17:47:23 - gui - [0;32mINFO[0m - Starting UI initialization...
2024-12-10 17:47:23 - gui - [0;32mINFO[0m - Test parameters updated successfully
2024-12-10 17:47:23 - gui - [0;32mINFO[0m - Entering main event loop...
2024-12-10 17:48:33 - gui - [0;32mINFO[0m - Starting MainWindow initialization...
2024-12-10 17:48:33 - gui - [0;32mINFO[0m - Initializing components...
2024-12-10 17:48:33 - gui - [0;32mINFO[0m - Starting UI initialization...
2024-12-10 17:48:33 - gui - [0;32mINFO[0m - Test parameters updated successfully
2024-12-10 17:48:33 - gui - [0;32mINFO[0m - Entering main event loop...
2024-12-10 17:49:10 - gui - [0;32mINFO[0m - Starting MainWindow initialization...
2024-12-10 17:49:10 - gui - [0;32mINFO[0m - Initializing components...
2024-12-10 17:49:10 - gui - [0;32mINFO[0m - Starting UI initialization...
2024-12-10 17:49:10 - gui - [0;32mINFO[0m - Test parameters updated successfully
2024-12-10 17:49:10 - gui - [0;32mINFO[0m - Entering main event loop...
2024-12-10 18:08:47 - gui - [0;32mINFO[0m - Starting MainWindow initialization...
2024-12-10 18:08:47 - gui - [0;32mINFO[0m - Initializing components...
2024-12-10 18:08:47 - gui - [0;32mINFO[0m - Starting UI initialization...
2024-12-10 18:08:47 - gui - [0;31mERROR[0m - Missing required parameter: start_angle
2024-12-10 18:08:47 - gui - [0;32mINFO[0m - Entering main event loop...
2024-12-10 18:10:18 - gui - [0;32mINFO[0m - Starting MainWindow initialization...
2024-12-10 18:10:18 - gui - [0;32mINFO[0m - Initializing components...
2024-12-10 18:10:18 - gui - [0;32mINFO[0m - Starting UI initialization...
2024-12-10 18:10:18 - gui - [0;32mINFO[0m - Test parameters updated successfully
2024-12-10 18:10:18 - gui - [0;32mINFO[0m - Entering main event loop...
2024-12-10 18:13:09 - gui - [0;32mINFO[0m - Starting MainWindow initialization...
2024-12-10 18:13:09 - gui - [0;32mINFO[0m - Initializing components...
2024-12-10 18:13:09 - gui - [0;32mINFO[0m - Starting UI initialization...
2024-12-10 18:13:09 - gui - [0;31mERROR[0m - An error occurred: 'MainWindow' object has no attribute 'update_progress'
Traceback (most recent call last):
  File "/home/nate/Desktop/Python_GUI_TS1500_Probe-B/main.py", line 46, in main
    window = MainWindow(controller)
             ^^^^^^^^^^^^^^^^^^^^^^
  File "/home/nate/Desktop/Python_GUI_TS1500_Probe-B/gui/main_window.py", line 135, in __init__
    self.connect_signals()
  File "/home/nate/Desktop/Python_GUI_TS1500_Probe-B/gui/main_window.py", line 300, in connect_signals
    self.controller.progress_updated.connect(self.update_progress)
                                             ^^^^^^^^^^^^^^^^^^^^
AttributeError: 'MainWindow' object has no attribute 'update_progress'. Did you mean: 'update_plots'?
2024-12-10 18:13:26 - gui - [0;32mINFO[0m - Starting MainWindow initialization...
2024-12-10 18:13:26 - gui - [0;32mINFO[0m - Initializing components...
2024-12-10 18:13:26 - gui - [0;32mINFO[0m - Starting UI initialization...
2024-12-10 18:13:26 - gui - [0;31mERROR[0m - An error occurred: 'MainWindow' object has no attribute 'plots'
Traceback (most recent call last):
  File "/home/nate/Desktop/Python_GUI_TS1500_Probe-B/main.py", line 46, in main
    window = MainWindow(controller)
             ^^^^^^^^^^^^^^^^^^^^^^
  File "/home/nate/Desktop/Python_GUI_TS1500_Probe-B/gui/main_window.py", line 135, in __init__
    self.connect_signals()
  File "/home/nate/Desktop/Python_GUI_TS1500_Probe-B/gui/main_window.py", line 303, in connect_signals
    self.controller.data_collected_signal.connect(self.plots.update_data)
                                                  ^^^^^^^^^^
AttributeError: 'MainWindow' object has no attribute 'plots'
2024-12-10 18:13:48 - gui - [0;32mINFO[0m - Starting MainWindow initialization...
2024-12-10 18:13:48 - gui - [0;32mINFO[0m - Initializing components...
2024-12-10 18:13:48 - gui - [0;32mINFO[0m - Starting UI initialization...
2024-12-10 18:13:48 - gui - [0;31mERROR[0m - An error occurred: 'MainWindow' object has no attribute 'plots'
Traceback (most recent call last):
  File "/home/nate/Desktop/Python_GUI_TS1500_Probe-B/main.py", line 46, in main
    window = MainWindow(controller)
             ^^^^^^^^^^^^^^^^^^^^^^
  File "/home/nate/Desktop/Python_GUI_TS1500_Probe-B/gui/main_window.py", line 135, in __init__
    self.connect_signals()
  File "/home/nate/Desktop/Python_GUI_TS1500_Probe-B/gui/main_window.py", line 303, in connect_signals
    self.controller.data_collected_signal.connect(self.plots.update_data)
                                                  ^^^^^^^^^^
AttributeError: 'MainWindow' object has no attribute 'plots'
2024-12-10 18:14:03 - gui - [0;32mINFO[0m - Starting UI initialization...
2024-12-10 18:14:03 - gui - [0;31mERROR[0m - An error occurred: 'MainWindow' object has no attribute 'plots'
Traceback (most recent call last):
  File "/home/nate/Desktop/Python_GUI_TS1500_Probe-B/main.py", line 46, in main
    window = MainWindow(controller)
             ^^^^^^^^^^^^^^^^^^^^^^
  File "/home/nate/Desktop/Python_GUI_TS1500_Probe-B/gui/main_window.py", line 137, in __init__
    self.connect_signals()
  File "/home/nate/Desktop/Python_GUI_TS1500_Probe-B/gui/main_window.py", line 307, in connect_signals
    self.controller.data_collected_signal.connect(self.plots.update_data)
                                                  ^^^^^^^^^^
AttributeError: 'MainWindow' object has no attribute 'plots'
2024-12-10 18:14:28 - gui - [0;32mINFO[0m - Starting UI initialization...
2024-12-10 18:14:28 - gui - [0;31mERROR[0m - An error occurred: type object 'Qt' has no attribute 'Horizontal'
Traceback (most recent call last):
  File "/home/nate/Desktop/Python_GUI_TS1500_Probe-B/main.py", line 46, in main
    window = MainWindow(controller)
             ^^^^^^^^^^^^^^^^^^^^^^
  File "/home/nate/Desktop/Python_GUI_TS1500_Probe-B/gui/main_window.py", line 134, in __init__
    self.setup_ui()
  File "/home/nate/Desktop/Python_GUI_TS1500_Probe-B/gui/main_window.py", line 157, in setup_ui
    self.main_splitter = QSplitter(Qt.Horizontal)
                                   ^^^^^^^^^^^^^
AttributeError: type object 'Qt' has no attribute 'Horizontal'
2024-12-10 18:14:40 - gui - [0;32mINFO[0m - Starting UI initialization...
2024-12-10 18:14:40 - gui - [0;31mERROR[0m - An error occurred: type object 'Styles' has no attribute 'PROGRESS_BAR_STYLE'
Traceback (most recent call last):
  File "/home/nate/Desktop/Python_GUI_TS1500_Probe-B/main.py", line 46, in main
    window = MainWindow(controller)
             ^^^^^^^^^^^^^^^^^^^^^^
  File "/home/nate/Desktop/Python_GUI_TS1500_Probe-B/gui/main_window.py", line 134, in __init__
    self.setup_ui()
  File "/home/nate/Desktop/Python_GUI_TS1500_Probe-B/gui/main_window.py", line 186, in setup_ui
    self.progress_bar.setStyleSheet(Styles.PROGRESS_BAR_STYLE)
                                    ^^^^^^^^^^^^^^^^^^^^^^^^^
AttributeError: type object 'Styles' has no attribute 'PROGRESS_BAR_STYLE'
2024-12-10 18:16:14 - gui - [0;32mINFO[0m - Starting UI initialization...
2024-12-10 18:16:14 - gui - [0;31mERROR[0m - An error occurred: 'MainWindow' object has no attribute 'save_config_btn'
Traceback (most recent call last):
  File "/home/nate/Desktop/Python_GUI_TS1500_Probe-B/main.py", line 46, in main
    window = MainWindow(controller)
             ^^^^^^^^^^^^^^^^^^^^^^
  File "/home/nate/Desktop/Python_GUI_TS1500_Probe-B/gui/main_window.py", line 134, in __init__
    self.setup_ui()
  File "/home/nate/Desktop/Python_GUI_TS1500_Probe-B/gui/main_window.py", line 204, in setup_ui
    self.save_config_btn.clicked.connect(self.save_config)
    ^^^^^^^^^^^^^^^^^^^^
AttributeError: 'MainWindow' object has no attribute 'save_config_btn'. Did you mean: 'save_config'?
2024-12-10 18:16:45 - gui - [0;32mINFO[0m - Starting UI initialization...
2024-12-10 18:16:45 - gui - [0;31mERROR[0m - An error occurred: 'MainWindow' object has no attribute 'start_button'
Traceback (most recent call last):
  File "/home/nate/Desktop/Python_GUI_TS1500_Probe-B/main.py", line 46, in main
    window = MainWindow(controller)
             ^^^^^^^^^^^^^^^^^^^^^^
  File "/home/nate/Desktop/Python_GUI_TS1500_Probe-B/gui/main_window.py", line 134, in __init__
    self.setup_ui()
  File "/home/nate/Desktop/Python_GUI_TS1500_Probe-B/gui/main_window.py", line 229, in setup_ui
    self.start_button.clicked.connect(self.start_test)
    ^^^^^^^^^^^^^^^^^
AttributeError: 'MainWindow' object has no attribute 'start_button'
2024-12-10 18:17:07 - gui - [0;32mINFO[0m - Starting UI initialization...
2024-12-10 18:17:08 - gui - [0;31mERROR[0m - An error occurred: 'RealTimePlots' object has no attribute 'update_data'
Traceback (most recent call last):
  File "/home/nate/Desktop/Python_GUI_TS1500_Probe-B/main.py", line 46, in main
    window = MainWindow(controller)
             ^^^^^^^^^^^^^^^^^^^^^^
  File "/home/nate/Desktop/Python_GUI_TS1500_Probe-B/gui/main_window.py", line 137, in __init__
    self.connect_signals()
  File "/home/nate/Desktop/Python_GUI_TS1500_Probe-B/gui/main_window.py", line 276, in connect_signals
    self.controller.data_collected_signal.connect(self.plots.update_data)
                                                  ^^^^^^^^^^^^^^^^^^^^^^
AttributeError: 'RealTimePlots' object has no attribute 'update_data'. Did you mean: 'update_plots'?
2024-12-10 18:17:20 - gui - [0;32mINFO[0m - Starting UI initialization...
2024-12-10 18:17:20 - gui - [0;31mERROR[0m - An error occurred: 'RealTimePlots' object has no attribute 'update_data'
Traceback (most recent call last):
  File "/home/nate/Desktop/Python_GUI_TS1500_Probe-B/main.py", line 46, in main
    window = MainWindow(controller)
             ^^^^^^^^^^^^^^^^^^^^^^
  File "/home/nate/Desktop/Python_GUI_TS1500_Probe-B/gui/main_window.py", line 137, in __init__
    self.connect_signals()
  File "/home/nate/Desktop/Python_GUI_TS1500_Probe-B/gui/main_window.py", line 276, in connect_signals
    self.controller.data_collected_signal.connect(self.plots.update_data)
                                                  ^^^^^^^^^^^^^^^^^^^^^^
AttributeError: 'RealTimePlots' object has no attribute 'update_data'. Did you mean: 'update_plots'?
2024-12-10 18:17:39 - gui - [0;32mINFO[0m - Starting UI initialization...
2024-12-10 18:17:40 - gui - [0;32mINFO[0m - MainWindow initialization complete
2024-12-10 18:17:40 - gui - [0;32mINFO[0m - Test parameters updated successfully
2024-12-10 18:17:40 - gui - [0;32mINFO[0m - Entering main event loop...
2024-12-10 18:17:44 - gui - [0;32mINFO[0m - VNA Connected
2024-12-10 18:17:44 - gui - [0;32mINFO[0m - TILT Connected
2024-12-10 18:17:44 - gui - [0;32mINFO[0m - TEMP Connected
2024-12-10 18:19:17 - gui - [0;32mINFO[0m - Starting UI initialization...
2024-12-10 18:19:17 - gui - [0;31mERROR[0m - An error occurred: type object 'Styles' has no attribute 'BUTTON_STYLE'
Traceback (most recent call last):
  File "/home/nate/Desktop/Python_GUI_TS1500_Probe-B/main.py", line 46, in main
    window = MainWindow(controller)
             ^^^^^^^^^^^^^^^^^^^^^^
  File "/home/nate/Desktop/Python_GUI_TS1500_Probe-B/gui/main_window.py", line 134, in __init__
    self.setup_ui()
  File "/home/nate/Desktop/Python_GUI_TS1500_Probe-B/gui/main_window.py", line 178, in setup_ui
    btn.setStyleSheet(Styles.BUTTON_STYLE)
                      ^^^^^^^^^^^^^^^^^^^
AttributeError: type object 'Styles' has no attribute 'BUTTON_STYLE'
2024-12-10 18:19:31 - gui - [0;32mINFO[0m - Starting UI initialization...
2024-12-10 18:19:31 - gui - [0;32mINFO[0m - MainWindow initialization complete
2024-12-10 18:19:31 - gui - [0;32mINFO[0m - Test parameters updated successfully
2024-12-10 18:19:31 - gui - [0;32mINFO[0m - Entering main event loop...
2024-12-10 18:24:24 - gui - [0;32mINFO[0m - Starting UI initialization...
2024-12-10 18:24:24 - gui - [0;31mERROR[0m - An error occurred: 'MainWindow' object has no attribute 'show_settings'
Traceback (most recent call last):
  File "/home/nate/Desktop/Python_GUI_TS1500_Probe-B/main.py", line 46, in main
    window = MainWindow(controller)
             ^^^^^^^^^^^^^^^^^^^^^^
  File "/home/nate/Desktop/Python_GUI_TS1500_Probe-B/gui/main_window.py", line 27, in __init__
    self.setup_ui()
  File "/home/nate/Desktop/Python_GUI_TS1500_Probe-B/gui/main_window.py", line 56, in setup_ui
    settings_action.triggered.connect(self.show_settings)
                                      ^^^^^^^^^^^^^^^^^^
AttributeError: 'MainWindow' object has no attribute 'show_settings'
2024-12-10 18:24:53 - gui - [0;32mINFO[0m - Starting UI initialization...
2024-12-10 18:24:53 - gui - [0;31mERROR[0m - An error occurred: 'MainWindow' object has no attribute 'handle_splitter_moved'
Traceback (most recent call last):
  File "/home/nate/Desktop/Python_GUI_TS1500_Probe-B/main.py", line 46, in main
    window = MainWindow(controller)
             ^^^^^^^^^^^^^^^^^^^^^^
  File "/home/nate/Desktop/Python_GUI_TS1500_Probe-B/gui/main_window.py", line 27, in __init__
    self.setup_ui()
  File "/home/nate/Desktop/Python_GUI_TS1500_Probe-B/gui/main_window.py", line 69, in setup_ui
    self.main_splitter.splitterMoved.connect(self.handle_splitter_moved)
                                             ^^^^^^^^^^^^^^^^^^^^^^^^^^
AttributeError: 'MainWindow' object has no attribute 'handle_splitter_moved'
2024-12-10 18:25:19 - gui - [0;32mINFO[0m - Starting UI initialization...
2024-12-10 18:25:19 - gui - [0;31mERROR[0m - An error occurred: 'MainWindow' object has no attribute 'save_config'
Traceback (most recent call last):
  File "/home/nate/Desktop/Python_GUI_TS1500_Probe-B/main.py", line 46, in main
    window = MainWindow(controller)
             ^^^^^^^^^^^^^^^^^^^^^^
  File "/home/nate/Desktop/Python_GUI_TS1500_Probe-B/gui/main_window.py", line 27, in __init__
    self.setup_ui()
  File "/home/nate/Desktop/Python_GUI_TS1500_Probe-B/gui/main_window.py", line 187, in setup_ui
    self.save_config_btn.clicked.connect(self.save_config)
                                         ^^^^^^^^^^^^^^^^
AttributeError: 'MainWindow' object has no attribute 'save_config'. Did you mean: 'save_config_btn'?
2024-12-10 18:25:42 - gui - [0;32mINFO[0m - Starting UI initialization...
2024-12-10 18:25:42 - gui - [0;31mERROR[0m - An error occurred: 'MainWindow' object has no attribute 'start_test'
Traceback (most recent call last):
  File "/home/nate/Desktop/Python_GUI_TS1500_Probe-B/main.py", line 46, in main
    window = MainWindow(controller)
             ^^^^^^^^^^^^^^^^^^^^^^
  File "/home/nate/Desktop/Python_GUI_TS1500_Probe-B/gui/main_window.py", line 27, in __init__
    self.setup_ui()
  File "/home/nate/Desktop/Python_GUI_TS1500_Probe-B/gui/main_window.py", line 190, in setup_ui
    self.start_button.clicked.connect(self.start_test)
                                      ^^^^^^^^^^^^^^^
AttributeError: 'MainWindow' object has no attribute 'start_test'
2024-12-10 18:26:01 - gui - [0;32mINFO[0m - Starting UI initialization...
2024-12-10 18:26:01 - gui - [0;31mERROR[0m - An error occurred: 'MainWindow' object has no attribute 'update_progress'
Traceback (most recent call last):
  File "/home/nate/Desktop/Python_GUI_TS1500_Probe-B/main.py", line 46, in main
    window = MainWindow(controller)
             ^^^^^^^^^^^^^^^^^^^^^^
  File "/home/nate/Desktop/Python_GUI_TS1500_Probe-B/gui/main_window.py", line 30, in __init__
    self.connect_signals()
  File "/home/nate/Desktop/Python_GUI_TS1500_Probe-B/gui/main_window.py", line 202, in connect_signals
    self.controller.progress_updated.connect(self.update_progress)
                                             ^^^^^^^^^^^^^^^^^^^^
AttributeError: 'MainWindow' object has no attribute 'update_progress'
2024-12-10 18:26:15 - gui - [0;32mINFO[0m - Starting UI initialization...
2024-12-10 18:26:15 - gui - [0;31mERROR[0m - An error occurred: 'MainWindow' object has no attribute 'handle_test_completed'
Traceback (most recent call last):
  File "/home/nate/Desktop/Python_GUI_TS1500_Probe-B/main.py", line 46, in main
    window = MainWindow(controller)
             ^^^^^^^^^^^^^^^^^^^^^^
  File "/home/nate/Desktop/Python_GUI_TS1500_Probe-B/gui/main_window.py", line 30, in __init__
    self.connect_signals()
  File "/home/nate/Desktop/Python_GUI_TS1500_Probe-B/gui/main_window.py", line 203, in connect_signals
    self.controller.test_completed.connect(self.handle_test_completed)
                                           ^^^^^^^^^^^^^^^^^^^^^^^^^^
AttributeError: 'MainWindow' object has no attribute 'handle_test_completed'. Did you mean: 'handle_logger_test_completed'?
2024-12-10 18:26:47 - gui - [0;32mINFO[0m - Starting UI initialization...
2024-12-10 18:26:47 - gui - [0;31mERROR[0m - An error occurred: type object 'QTextCursor' has no attribute 'End'
Traceback (most recent call last):
  File "/home/nate/Desktop/Python_GUI_TS1500_Probe-B/gui/main_window.py", line 323, in load_last_config
    config = self.controller.load_last_config()
             ^^^^^^^^^^^^^^^^^^^^^^^^^^^^^^^^
AttributeError: 'MainController' object has no attribute 'load_last_config'

During handling of the above exception, another exception occurred:

Traceback (most recent call last):
  File "/home/nate/Desktop/Python_GUI_TS1500_Probe-B/main.py", line 46, in main
    window = MainWindow(controller)
             ^^^^^^^^^^^^^^^^^^^^^^
  File "/home/nate/Desktop/Python_GUI_TS1500_Probe-B/gui/main_window.py", line 33, in __init__
    self.load_last_config()
  File "/home/nate/Desktop/Python_GUI_TS1500_Probe-B/gui/main_window.py", line 333, in load_last_config
    self.logger.append_message(f"Error loading last configuration: {str(e)}", 'ERROR')
  File "/home/nate/Desktop/Python_GUI_TS1500_Probe-B/gui/log_viewer.py", line 59, in append_message
    cursor.movePosition(QTextCursor.End)
                        ^^^^^^^^^^^^^^^
AttributeError: type object 'QTextCursor' has no attribute 'End'
2024-12-10 18:27:15 - gui - [0;32mINFO[0m - Starting UI initialization...
2024-12-10 18:27:15 - gui - [0;32mINFO[0m - MainWindow initialization complete
2024-12-10 18:27:15 - gui - [0;32mINFO[0m - Test parameters updated successfully
2024-12-10 18:27:15 - gui - [0;32mINFO[0m - Entering main event loop...
2024-12-10 18:28:10 - gui - [0;32mINFO[0m - Starting UI initialization...
2024-12-10 18:28:10 - gui - [0;32mINFO[0m - MainWindow initialization complete
2024-12-10 18:28:10 - gui - [0;32mINFO[0m - Test parameters updated successfully
2024-12-10 18:28:10 - gui - [0;32mINFO[0m - Entering main event loop...
2024-12-10 18:28:15 - gui - [0;32mINFO[0m - VNA Connected
2024-12-10 18:28:15 - gui - [0;32mINFO[0m - TILT Connected
2024-12-10 18:28:15 - gui - [0;32mINFO[0m - TEMP Connected
2024-12-10 18:31:57 - gui - [0;32mINFO[0m - Starting UI initialization...
2024-12-10 18:31:57 - gui - [0;32mINFO[0m - MainWindow initialization complete
2024-12-10 18:31:57 - gui - [0;32mINFO[0m - Test parameters updated successfully
2024-12-10 18:31:57 - gui - [0;32mINFO[0m - Entering main event loop...
2024-12-10 18:32:02 - gui - [0;32mINFO[0m - VNA Connected
2024-12-10 18:32:02 - gui - [0;32mINFO[0m - TILT Connected
2024-12-10 18:32:02 - gui - [0;32mINFO[0m - TEMP Connected
2024-12-10 18:32:04 - gui - [0;32mINFO[0m - Performing initial calibration...
2024-12-10 18:32:06 - gui - [0;32mINFO[0m - Homing tilt platform...
2024-12-10 18:32:07 - gui - [0;32mINFO[0m - Starting test run #1
2024-12-10 18:32:07 - gui - [0;32mINFO[0m - Test parameters: Increment=1.0°, Range=-30.0° to 30.0°
2024-12-10 18:32:07 - gui - [0;32mINFO[0m - Moving to -30.0°...
2024-12-10 18:32:07 - gui - [0;32mINFO[0m - Waiting 15 seconds for oil stabilization...
2024-12-10 18:35:42 - gui - [0;32mINFO[0m - Starting UI initialization...
2024-12-10 18:35:42 - gui - [0;32mINFO[0m - MainWindow initialization complete
2024-12-10 18:35:42 - gui - [0;32mINFO[0m - Test parameters updated successfully
2024-12-10 18:35:42 - gui - [0;32mINFO[0m - Entering main event loop...
2024-12-10 18:35:47 - gui - [0;32mINFO[0m - VNA Connected
2024-12-10 18:35:47 - gui - [0;32mINFO[0m - TILT Connected
2024-12-10 18:35:47 - gui - [0;32mINFO[0m - TEMP Connected
2024-12-10 18:40:33 - gui - [0;32mINFO[0m - Starting UI initialization...
2024-12-10 18:40:33 - gui - [0;32mINFO[0m - MainWindow initialization complete
2024-12-10 18:40:33 - gui - [0;32mINFO[0m - Test parameters updated successfully
2024-12-10 18:40:33 - gui - [0;32mINFO[0m - Entering main event loop...
2024-12-10 18:50:48 - gui - [0;32mINFO[0m - Starting UI initialization...
2024-12-10 18:50:48 - gui - [0;32mINFO[0m - MainWindow initialization complete
2024-12-10 18:50:48 - gui - [0;32mINFO[0m - Test parameters updated successfully
2024-12-10 18:50:48 - gui - [0;32mINFO[0m - Entering main event loop...
2024-12-10 18:52:13 - gui - [0;32mINFO[0m - Starting UI initialization...
2024-12-10 18:52:13 - gui - [0;31mERROR[0m - An error occurred: type object 'Styles' has no attribute 'PROGRESS_BAR_STYLE'
Traceback (most recent call last):
  File "/home/nate/Desktop/Python_GUI_TS1500_Probe-B/main.py", line 46, in main
    window = MainWindow(controller)
             ^^^^^^^^^^^^^^^^^^^^^^
  File "/home/nate/Desktop/Python_GUI_TS1500_Probe-B/gui/main_window.py", line 28, in __init__
    self.setup_ui()
  File "/home/nate/Desktop/Python_GUI_TS1500_Probe-B/gui/main_window.py", line 177, in setup_ui
    self.progress_bar.setStyleSheet(Styles.PROGRESS_BAR_STYLE)
                                    ^^^^^^^^^^^^^^^^^^^^^^^^^
AttributeError: type object 'Styles' has no attribute 'PROGRESS_BAR_STYLE'. Did you mean: 'PROGRESS_STYLE'?
2024-12-10 18:52:26 - gui - [0;32mINFO[0m - Starting UI initialization...
2024-12-10 18:52:26 - gui - [0;32mINFO[0m - MainWindow initialization complete
2024-12-10 18:52:26 - gui - [0;32mINFO[0m - Test parameters updated successfully
2024-12-10 18:52:26 - gui - [0;32mINFO[0m - Entering main event loop...
2024-12-10 18:52:31 - gui - [0;32mINFO[0m - VNA Connected
2024-12-10 18:52:31 - gui - [0;32mINFO[0m - TILT Connected
2024-12-10 18:52:31 - gui - [0;32mINFO[0m - TEMP Connected
2024-12-10 19:04:05 - gui - [0;32mINFO[0m - Starting UI initialization...
2024-12-10 19:04:05 - gui - [0;32mINFO[0m - MainWindow initialization complete
2024-12-10 19:04:05 - gui - [0;32mINFO[0m - Test parameters updated successfully
2024-12-10 19:04:05 - gui - [0;32mINFO[0m - Entering main event loop...
2024-12-10 19:04:10 - gui - [0;32mINFO[0m - VNA Connected
2024-12-10 23:14:08 - gui - [0;32mINFO[0m - Starting UI initialization...
2024-12-10 23:14:08 - gui - [0;32mINFO[0m - MainWindow initialization complete
2024-12-10 23:14:08 - gui - [0;32mINFO[0m - Test parameters updated successfully
2024-12-10 23:14:08 - gui - [0;32mINFO[0m - Entering main event loop...
2024-12-10 23:14:13 - gui - [0;32mINFO[0m - VNA Connected
2024-12-10 23:14:21 - gui - [0;32mINFO[0m - Starting UI initialization...
2024-12-10 23:14:21 - gui - [0;32mINFO[0m - MainWindow initialization complete
2024-12-10 23:14:21 - gui - [0;32mINFO[0m - Test parameters updated successfully
2024-12-10 23:14:21 - gui - [0;32mINFO[0m - Entering main event loop...
2024-12-10 23:14:26 - gui - [0;32mINFO[0m - VNA Connected
2024-12-10 23:19:05 - gui - [0;32mINFO[0m - Starting UI initialization...
2024-12-10 23:19:05 - gui - [0;32mINFO[0m - MainWindow initialization complete
2024-12-10 23:19:05 - gui - [0;32mINFO[0m - Test parameters updated successfully
2024-12-10 23:19:05 - gui - [0;32mINFO[0m - Entering main event loop...
2024-12-10 23:19:09 - gui - [0;32mINFO[0m - VNA Connected
2024-12-10 23:19:09 - gui - [0;32mINFO[0m - Checking system status...
2024-12-10 23:19:09 - gui - [0;32mINFO[0m - VNA connection verified
2024-12-10 23:19:09 - gui - [0;32mINFO[0m - Temperature: 19.4°C
2024-12-10 23:19:09 - gui - [0;32mINFO[0m - System status: {'vna_connected': True, 'motor_homed': True, 'temperature': 19.444654900166682, 'current_angle': -21.4304}
2024-12-10 23:19:09 - gui - [0;32mINFO[0m - Reading temperature...
2024-12-10 23:19:09 - gui - [0;32mINFO[0m - Temperature: 19.1°C
2024-12-10 23:19:09 - gui - [0;32mINFO[0m - TEMP Connected
2024-12-10 23:19:14 - gui - [0;32mINFO[0m - Checking system status...
2024-12-10 23:19:14 - gui - [0;32mINFO[0m - VNA connection verified
2024-12-10 23:19:14 - gui - [0;32mINFO[0m - Temperature: 19.3°C
2024-12-10 23:19:14 - gui - [0;32mINFO[0m - System status: {'vna_connected': True, 'motor_homed': True, 'temperature': 19.34011670854515, 'current_angle': 10.426}
2024-12-10 23:19:14 - gui - [0;32mINFO[0m - Reading temperature...
2024-12-10 23:19:14 - gui - [0;32mINFO[0m - Temperature: 19.2°C
2024-12-10 23:19:19 - gui - [0;32mINFO[0m - Checking system status...
2024-12-10 23:19:19 - gui - [0;33mWARNING[0m - VNA connection failed
2024-12-10 23:19:19 - gui - [0;32mINFO[0m - Temperature: 19.8°C
2024-12-10 23:19:19 - gui - [0;32mINFO[0m - System status: {'vna_connected': False, 'motor_homed': True, 'temperature': 19.788448627243216, 'current_angle': -11.9873}
2024-12-10 23:19:19 - gui - [0;32mINFO[0m - Reading temperature...
2024-12-10 23:19:19 - gui - [0;32mINFO[0m - Temperature: 20.0°C
2024-12-10 23:19:24 - gui - [0;32mINFO[0m - Checking system status...
2024-12-10 23:19:24 - gui - [0;32mINFO[0m - VNA connection verified
2024-12-10 23:19:24 - gui - [0;32mINFO[0m - Temperature: 19.1°C
2024-12-10 23:19:24 - gui - [0;32mINFO[0m - System status: {'vna_connected': True, 'motor_homed': True, 'temperature': 19.06802251531, 'current_angle': 22.9727}
2024-12-10 23:19:24 - gui - [0;32mINFO[0m - Reading temperature...
2024-12-10 23:19:24 - gui - [0;32mINFO[0m - Temperature: 20.1°C
2024-12-10 23:19:29 - gui - [0;32mINFO[0m - Checking system status...
2024-12-10 23:19:29 - gui - [0;32mINFO[0m - VNA connection verified
2024-12-10 23:19:29 - gui - [0;32mINFO[0m - Temperature: 20.3°C
2024-12-10 23:19:29 - gui - [0;32mINFO[0m - System status: {'vna_connected': True, 'motor_homed': True, 'temperature': 20.280608064270368, 'current_angle': 12.6303}
2024-12-10 23:19:29 - gui - [0;32mINFO[0m - Reading temperature...
2024-12-10 23:19:29 - gui - [0;32mINFO[0m - Temperature: 20.4°C
2024-12-10 23:19:34 - gui - [0;32mINFO[0m - Checking system status...
2024-12-10 23:19:34 - gui - [0;32mINFO[0m - VNA connection verified
2024-12-10 23:19:34 - gui - [0;32mINFO[0m - Temperature: 20.6°C
2024-12-10 23:19:34 - gui - [0;32mINFO[0m - System status: {'vna_connected': True, 'motor_homed': True, 'temperature': 20.632488253539428, 'current_angle': 1.7585}
2024-12-10 23:19:34 - gui - [0;32mINFO[0m - Reading temperature...
2024-12-10 23:19:34 - gui - [0;32mINFO[0m - Temperature: 19.4°C
2024-12-10 23:19:39 - gui - [0;32mINFO[0m - Checking system status...
2024-12-10 23:19:39 - gui - [0;32mINFO[0m - VNA connection verified
2024-12-10 23:19:39 - gui - [0;32mINFO[0m - Temperature: 20.4°C
2024-12-10 23:19:39 - gui - [0;32mINFO[0m - System status: {'vna_connected': True, 'motor_homed': True, 'temperature': 20.418311392970075, 'current_angle': -13.7942}
2024-12-10 23:19:39 - gui - [0;32mINFO[0m - Reading temperature...
2024-12-10 23:19:39 - gui - [0;32mINFO[0m - Temperature: 19.1°C
2024-12-10 23:19:44 - gui - [0;32mINFO[0m - Checking system status...
2024-12-10 23:19:44 - gui - [0;32mINFO[0m - VNA connection verified
2024-12-10 23:19:44 - gui - [0;32mINFO[0m - Temperature: 20.4°C
2024-12-10 23:19:44 - gui - [0;32mINFO[0m - System status: {'vna_connected': True, 'motor_homed': True, 'temperature': 20.418002115574996, 'current_angle': -7.0902}
2024-12-10 23:19:44 - gui - [0;32mINFO[0m - Reading temperature...
2024-12-10 23:19:44 - gui - [0;32mINFO[0m - Temperature: 20.7°C
2024-12-10 23:19:49 - gui - [0;32mINFO[0m - Checking system status...
2024-12-10 23:19:49 - gui - [0;32mINFO[0m - VNA connection verified
2024-12-10 23:19:49 - gui - [0;32mINFO[0m - Temperature: 20.3°C
2024-12-10 23:19:49 - gui - [0;32mINFO[0m - System status: {'vna_connected': True, 'motor_homed': True, 'temperature': 20.268089194345517, 'current_angle': 29.2076}
2024-12-10 23:19:49 - gui - [0;32mINFO[0m - Reading temperature...
2024-12-10 23:19:49 - gui - [0;32mINFO[0m - Temperature: 20.1°C
2024-12-10 23:19:54 - gui - [0;32mINFO[0m - Checking system status...
2024-12-10 23:19:54 - gui - [0;32mINFO[0m - VNA connection verified
2024-12-10 23:19:54 - gui - [0;32mINFO[0m - Temperature: 19.8°C
2024-12-10 23:19:54 - gui - [0;32mINFO[0m - System status: {'vna_connected': True, 'motor_homed': True, 'temperature': 19.753742209474776, 'current_angle': -10.9704}
2024-12-10 23:19:54 - gui - [0;32mINFO[0m - Reading temperature...
2024-12-10 23:19:54 - gui - [0;32mINFO[0m - Temperature: 19.3°C
2024-12-10 23:19:59 - gui - [0;32mINFO[0m - Checking system status...
2024-12-10 23:19:59 - gui - [0;32mINFO[0m - VNA connection verified
2024-12-10 23:19:59 - gui - [0;32mINFO[0m - Temperature: 20.7°C
2024-12-10 23:19:59 - gui - [0;32mINFO[0m - System status: {'vna_connected': True, 'motor_homed': True, 'temperature': 20.695278443970214, 'current_angle': 26.134}
2024-12-10 23:19:59 - gui - [0;32mINFO[0m - Reading temperature...
2024-12-10 23:19:59 - gui - [0;32mINFO[0m - Temperature: 19.2°C
2024-12-10 23:20:04 - gui - [0;32mINFO[0m - Checking system status...
2024-12-10 23:20:04 - gui - [0;32mINFO[0m - VNA connection verified
2024-12-10 23:20:04 - gui - [0;32mINFO[0m - Temperature: 20.7°C
2024-12-10 23:20:04 - gui - [0;32mINFO[0m - System status: {'vna_connected': True, 'motor_homed': True, 'temperature': 20.748670938239634, 'current_angle': 5.0989}
2024-12-10 23:20:04 - gui - [0;32mINFO[0m - Reading temperature...
2024-12-10 23:20:04 - gui - [0;32mINFO[0m - Temperature: 19.1°C
2024-12-10 23:20:09 - gui - [0;32mINFO[0m - Checking system status...
2024-12-10 23:20:09 - gui - [0;33mWARNING[0m - VNA connection failed
2024-12-10 23:20:09 - gui - [0;32mINFO[0m - Temperature: 19.4°C
2024-12-10 23:20:09 - gui - [0;32mINFO[0m - System status: {'vna_connected': False, 'motor_homed': True, 'temperature': 19.365871601512843, 'current_angle': -4.1734}
2024-12-10 23:20:09 - gui - [0;32mINFO[0m - Reading temperature...
2024-12-10 23:20:09 - gui - [0;32mINFO[0m - Temperature: 20.2°C
2024-12-10 23:20:14 - gui - [0;32mINFO[0m - Checking system status...
2024-12-10 23:20:14 - gui - [0;32mINFO[0m - VNA connection verified
2024-12-10 23:20:14 - gui - [0;32mINFO[0m - Temperature: 20.2°C
2024-12-10 23:20:14 - gui - [0;32mINFO[0m - System status: {'vna_connected': True, 'motor_homed': True, 'temperature': 20.23250915151379, 'current_angle': -28.1552}
2024-12-10 23:20:14 - gui - [0;32mINFO[0m - Reading temperature...
2024-12-10 23:20:14 - gui - [0;32mINFO[0m - Temperature: 19.6°C
2024-12-10 23:20:19 - gui - [0;32mINFO[0m - Checking system status...
2024-12-10 23:20:19 - gui - [0;32mINFO[0m - VNA connection verified
2024-12-10 23:20:19 - gui - [0;32mINFO[0m - Temperature: 19.4°C
2024-12-10 23:20:19 - gui - [0;32mINFO[0m - System status: {'vna_connected': True, 'motor_homed': True, 'temperature': 19.43467633333524, 'current_angle': -7.9066}
2024-12-10 23:20:19 - gui - [0;32mINFO[0m - Reading temperature...
2024-12-10 23:20:19 - gui - [0;32mINFO[0m - Temperature: 21.0°C
2024-12-10 23:20:24 - gui - [0;32mINFO[0m - Checking system status...
2024-12-10 23:20:24 - gui - [0;32mINFO[0m - VNA connection verified
2024-12-10 23:20:24 - gui - [0;32mINFO[0m - Temperature: 20.6°C
2024-12-10 23:20:24 - gui - [0;32mINFO[0m - System status: {'vna_connected': True, 'motor_homed': True, 'temperature': 20.58180206797978, 'current_angle': 29.2299}
2024-12-10 23:20:24 - gui - [0;32mINFO[0m - Reading temperature...
2024-12-10 23:20:24 - gui - [0;32mINFO[0m - Temperature: 20.3°C
2024-12-10 23:20:29 - gui - [0;32mINFO[0m - Checking system status...
2024-12-10 23:20:29 - gui - [0;32mINFO[0m - VNA connection verified
2024-12-10 23:20:29 - gui - [0;32mINFO[0m - Temperature: 19.5°C
2024-12-10 23:20:29 - gui - [0;32mINFO[0m - System status: {'vna_connected': True, 'motor_homed': True, 'temperature': 19.503156982822706, 'current_angle': 10.7179}
2024-12-10 23:20:29 - gui - [0;32mINFO[0m - Reading temperature...
2024-12-10 23:20:29 - gui - [0;32mINFO[0m - Temperature: 20.3°C
2024-12-10 23:20:34 - gui - [0;32mINFO[0m - Checking system status...
2024-12-10 23:20:34 - gui - [0;32mINFO[0m - VNA connection verified
2024-12-10 23:20:34 - gui - [0;32mINFO[0m - Temperature: 20.9°C
2024-12-10 23:20:34 - gui - [0;32mINFO[0m - System status: {'vna_connected': True, 'motor_homed': True, 'temperature': 20.893662157109883, 'current_angle': 3.9922}
2024-12-10 23:20:34 - gui - [0;32mINFO[0m - Reading temperature...
2024-12-10 23:20:34 - gui - [0;32mINFO[0m - Temperature: 19.8°C
2024-12-10 23:20:39 - gui - [0;32mINFO[0m - Checking system status...
2024-12-10 23:20:39 - gui - [0;32mINFO[0m - VNA connection verified
2024-12-10 23:20:39 - gui - [0;32mINFO[0m - Temperature: 19.1°C
2024-12-10 23:20:39 - gui - [0;32mINFO[0m - System status: {'vna_connected': True, 'motor_homed': True, 'temperature': 19.094219702558267, 'current_angle': -23.7234}
2024-12-10 23:20:39 - gui - [0;32mINFO[0m - Reading temperature...
2024-12-10 23:20:39 - gui - [0;32mINFO[0m - Temperature: 19.8°C
2024-12-10 23:20:44 - gui - [0;32mINFO[0m - Checking system status...
2024-12-10 23:20:44 - gui - [0;32mINFO[0m - VNA connection verified
2024-12-10 23:20:44 - gui - [0;32mINFO[0m - Temperature: 20.4°C
2024-12-10 23:20:44 - gui - [0;32mINFO[0m - System status: {'vna_connected': True, 'motor_homed': True, 'temperature': 20.359357740007216, 'current_angle': -28.7588}
2024-12-10 23:20:44 - gui - [0;32mINFO[0m - Reading temperature...
2024-12-10 23:20:44 - gui - [0;32mINFO[0m - Temperature: 19.8°C
2024-12-10 23:20:49 - gui - [0;32mINFO[0m - Checking system status...
2024-12-10 23:20:49 - gui - [0;32mINFO[0m - VNA connection verified
2024-12-10 23:20:49 - gui - [0;32mINFO[0m - Temperature: 20.4°C
2024-12-10 23:20:49 - gui - [0;32mINFO[0m - System status: {'vna_connected': True, 'motor_homed': True, 'temperature': 20.402691797498637, 'current_angle': 10.3747}
2024-12-10 23:20:49 - gui - [0;32mINFO[0m - Reading temperature...
2024-12-10 23:20:49 - gui - [0;32mINFO[0m - Temperature: 19.3°C
2024-12-10 23:20:54 - gui - [0;32mINFO[0m - Checking system status...
2024-12-10 23:20:54 - gui - [0;32mINFO[0m - VNA connection verified
2024-12-10 23:20:54 - gui - [0;32mINFO[0m - Temperature: 20.4°C
2024-12-10 23:20:54 - gui - [0;32mINFO[0m - System status: {'vna_connected': True, 'motor_homed': True, 'temperature': 20.447617924357637, 'current_angle': 20.0326}
2024-12-10 23:20:54 - gui - [0;32mINFO[0m - Reading temperature...
2024-12-10 23:20:54 - gui - [0;32mINFO[0m - Temperature: 20.2°C
2024-12-10 23:20:59 - gui - [0;32mINFO[0m - Checking system status...
2024-12-10 23:20:59 - gui - [0;33mWARNING[0m - VNA connection failed
2024-12-10 23:20:59 - gui - [0;32mINFO[0m - Temperature: 19.1°C
2024-12-10 23:20:59 - gui - [0;32mINFO[0m - System status: {'vna_connected': False, 'motor_homed': True, 'temperature': 19.056542096252116, 'current_angle': -7.3069}
2024-12-10 23:20:59 - gui - [0;32mINFO[0m - Reading temperature...
2024-12-10 23:20:59 - gui - [0;32mINFO[0m - Temperature: 19.9°C
2024-12-10 23:21:04 - gui - [0;32mINFO[0m - Checking system status...
2024-12-10 23:21:04 - gui - [0;32mINFO[0m - VNA connection verified
2024-12-10 23:21:04 - gui - [0;32mINFO[0m - Temperature: 20.4°C
2024-12-10 23:21:04 - gui - [0;32mINFO[0m - System status: {'vna_connected': True, 'motor_homed': True, 'temperature': 20.411896453804243, 'current_angle': -17.858}
2024-12-10 23:21:04 - gui - [0;32mINFO[0m - Reading temperature...
2024-12-10 23:21:04 - gui - [0;32mINFO[0m - Temperature: 19.9°C
2024-12-10 23:21:09 - gui - [0;32mINFO[0m - Checking system status...
2024-12-10 23:21:09 - gui - [0;32mINFO[0m - VNA connection verified
2024-12-10 23:21:09 - gui - [0;32mINFO[0m - Temperature: 20.4°C
2024-12-10 23:21:09 - gui - [0;32mINFO[0m - System status: {'vna_connected': True, 'motor_homed': True, 'temperature': 20.384911428333794, 'current_angle': 19.7621}
2024-12-10 23:21:09 - gui - [0;32mINFO[0m - Reading temperature...
2024-12-10 23:21:09 - gui - [0;32mINFO[0m - Temperature: 20.1°C
2024-12-10 23:21:14 - gui - [0;32mINFO[0m - Checking system status...
2024-12-10 23:21:14 - gui - [0;32mINFO[0m - VNA connection verified
2024-12-10 23:21:14 - gui - [0;32mINFO[0m - Temperature: 20.4°C
2024-12-10 23:21:14 - gui - [0;32mINFO[0m - System status: {'vna_connected': True, 'motor_homed': True, 'temperature': 20.42103662698905, 'current_angle': -0.5849}
2024-12-10 23:21:14 - gui - [0;32mINFO[0m - Reading temperature...
2024-12-10 23:21:14 - gui - [0;32mINFO[0m - Temperature: 19.8°C
2024-12-10 23:21:19 - gui - [0;32mINFO[0m - Checking system status...
2024-12-10 23:21:19 - gui - [0;32mINFO[0m - VNA connection verified
2024-12-10 23:21:19 - gui - [0;32mINFO[0m - Temperature: 19.7°C
2024-12-10 23:21:19 - gui - [0;32mINFO[0m - System status: {'vna_connected': True, 'motor_homed': True, 'temperature': 19.673559059088554, 'current_angle': 10.1536}
2024-12-10 23:21:19 - gui - [0;32mINFO[0m - Reading temperature...
2024-12-10 23:21:19 - gui - [0;32mINFO[0m - Temperature: 20.5°C
2024-12-10 23:21:24 - gui - [0;32mINFO[0m - Checking system status...
2024-12-10 23:21:24 - gui - [0;32mINFO[0m - VNA connection verified
2024-12-10 23:21:24 - gui - [0;32mINFO[0m - Temperature: 19.6°C
2024-12-10 23:21:24 - gui - [0;32mINFO[0m - System status: {'vna_connected': True, 'motor_homed': True, 'temperature': 19.630574415456138, 'current_angle': -9.2671}
2024-12-10 23:21:24 - gui - [0;32mINFO[0m - Reading temperature...
2024-12-10 23:21:24 - gui - [0;32mINFO[0m - Temperature: 19.4°C
2024-12-10 23:21:29 - gui - [0;32mINFO[0m - Checking system status...
2024-12-10 23:21:29 - gui - [0;32mINFO[0m - VNA connection verified
2024-12-10 23:21:29 - gui - [0;32mINFO[0m - Temperature: 20.1°C
2024-12-10 23:21:29 - gui - [0;32mINFO[0m - System status: {'vna_connected': True, 'motor_homed': True, 'temperature': 20.128487183552753, 'current_angle': 4.3454}
2024-12-10 23:21:29 - gui - [0;32mINFO[0m - Reading temperature...
2024-12-10 23:21:29 - gui - [0;32mINFO[0m - Temperature: 19.1°C
2024-12-10 23:21:34 - gui - [0;32mINFO[0m - Checking system status...
2024-12-10 23:21:34 - gui - [0;32mINFO[0m - VNA connection verified
2024-12-10 23:21:34 - gui - [0;32mINFO[0m - Temperature: 19.4°C
2024-12-10 23:21:34 - gui - [0;32mINFO[0m - System status: {'vna_connected': True, 'motor_homed': True, 'temperature': 19.407379930990047, 'current_angle': 24.0388}
2024-12-10 23:21:34 - gui - [0;32mINFO[0m - Reading temperature...
2024-12-10 23:21:34 - gui - [0;32mINFO[0m - Temperature: 20.1°C
2024-12-10 23:21:39 - gui - [0;32mINFO[0m - Checking system status...
2024-12-10 23:21:39 - gui - [0;32mINFO[0m - VNA connection verified
2024-12-10 23:21:39 - gui - [0;32mINFO[0m - Temperature: 19.5°C
2024-12-10 23:21:39 - gui - [0;32mINFO[0m - System status: {'vna_connected': True, 'motor_homed': True, 'temperature': 19.485051731877814, 'current_angle': -16.0877}
2024-12-10 23:21:39 - gui - [0;32mINFO[0m - Reading temperature...
2024-12-10 23:21:39 - gui - [0;32mINFO[0m - Temperature: 20.8°C
2024-12-10 23:21:44 - gui - [0;32mINFO[0m - Checking system status...
2024-12-10 23:21:44 - gui - [0;32mINFO[0m - VNA connection verified
2024-12-10 23:21:44 - gui - [0;32mINFO[0m - Temperature: 19.4°C
2024-12-10 23:21:44 - gui - [0;32mINFO[0m - System status: {'vna_connected': True, 'motor_homed': True, 'temperature': 19.419546932991285, 'current_angle': -22.7284}
2024-12-10 23:21:44 - gui - [0;32mINFO[0m - Reading temperature...
2024-12-10 23:21:44 - gui - [0;32mINFO[0m - Temperature: 20.6°C
2024-12-10 23:21:49 - gui - [0;32mINFO[0m - Checking system status...
2024-12-10 23:21:49 - gui - [0;32mINFO[0m - VNA connection verified
2024-12-10 23:21:49 - gui - [0;32mINFO[0m - Temperature: 19.7°C
2024-12-10 23:21:49 - gui - [0;32mINFO[0m - System status: {'vna_connected': True, 'motor_homed': True, 'temperature': 19.73429543868952, 'current_angle': -4.6358}
2024-12-10 23:21:49 - gui - [0;32mINFO[0m - Reading temperature...
2024-12-10 23:21:49 - gui - [0;32mINFO[0m - Temperature: 19.9°C
2024-12-10 23:21:54 - gui - [0;32mINFO[0m - Checking system status...
2024-12-10 23:21:54 - gui - [0;32mINFO[0m - VNA connection verified
2024-12-10 23:21:54 - gui - [0;32mINFO[0m - Temperature: 20.5°C
2024-12-10 23:21:54 - gui - [0;32mINFO[0m - System status: {'vna_connected': True, 'motor_homed': True, 'temperature': 20.47116059129456, 'current_angle': -10.4775}
2024-12-10 23:21:54 - gui - [0;32mINFO[0m - Reading temperature...
2024-12-10 23:21:54 - gui - [0;32mINFO[0m - Temperature: 19.9°C
2024-12-10 23:21:59 - gui - [0;32mINFO[0m - Checking system status...
2024-12-10 23:21:59 - gui - [0;32mINFO[0m - VNA connection verified
2024-12-10 23:21:59 - gui - [0;32mINFO[0m - Temperature: 19.8°C
2024-12-10 23:21:59 - gui - [0;32mINFO[0m - System status: {'vna_connected': True, 'motor_homed': True, 'temperature': 19.80848912020275, 'current_angle': -5.23}
2024-12-10 23:21:59 - gui - [0;32mINFO[0m - Reading temperature...
2024-12-10 23:21:59 - gui - [0;32mINFO[0m - Temperature: 19.1°C
2024-12-10 23:22:04 - gui - [0;32mINFO[0m - Checking system status...
2024-12-10 23:22:04 - gui - [0;32mINFO[0m - VNA connection verified
2024-12-10 23:22:04 - gui - [0;32mINFO[0m - Temperature: 20.4°C
2024-12-10 23:22:04 - gui - [0;32mINFO[0m - System status: {'vna_connected': True, 'motor_homed': True, 'temperature': 20.441531761039332, 'current_angle': -6.5174}
2024-12-10 23:22:04 - gui - [0;32mINFO[0m - Reading temperature...
2024-12-10 23:22:04 - gui - [0;32mINFO[0m - Temperature: 19.0°C
2024-12-10 23:22:09 - gui - [0;32mINFO[0m - Checking system status...
2024-12-10 23:22:09 - gui - [0;32mINFO[0m - VNA connection verified
2024-12-10 23:22:09 - gui - [0;32mINFO[0m - Temperature: 19.3°C
2024-12-10 23:22:09 - gui - [0;32mINFO[0m - System status: {'vna_connected': True, 'motor_homed': True, 'temperature': 19.313895751144766, 'current_angle': 2.6936}
2024-12-10 23:22:09 - gui - [0;32mINFO[0m - Reading temperature...
2024-12-10 23:22:09 - gui - [0;32mINFO[0m - Temperature: 20.4°C
2024-12-10 23:22:14 - gui - [0;32mINFO[0m - Checking system status...
2024-12-10 23:22:14 - gui - [0;32mINFO[0m - VNA connection verified
2024-12-10 23:22:14 - gui - [0;32mINFO[0m - Temperature: 19.5°C
2024-12-10 23:22:14 - gui - [0;32mINFO[0m - System status: {'vna_connected': True, 'motor_homed': True, 'temperature': 19.490117267980466, 'current_angle': 24.6328}
2024-12-10 23:22:14 - gui - [0;32mINFO[0m - Reading temperature...
2024-12-10 23:22:14 - gui - [0;32mINFO[0m - Temperature: 19.7°C
2024-12-10 23:22:19 - gui - [0;32mINFO[0m - Checking system status...
2024-12-10 23:22:19 - gui - [0;32mINFO[0m - VNA connection verified
2024-12-10 23:22:19 - gui - [0;32mINFO[0m - Temperature: 20.1°C
2024-12-10 23:22:19 - gui - [0;32mINFO[0m - System status: {'vna_connected': True, 'motor_homed': True, 'temperature': 20.076344508862388, 'current_angle': -14.8259}
2024-12-10 23:22:19 - gui - [0;32mINFO[0m - Reading temperature...
2024-12-10 23:22:19 - gui - [0;32mINFO[0m - Temperature: 19.5°C
2024-12-10 23:22:24 - gui - [0;32mINFO[0m - Checking system status...
2024-12-10 23:22:24 - gui - [0;32mINFO[0m - VNA connection verified
2024-12-10 23:22:24 - gui - [0;32mINFO[0m - Temperature: 19.8°C
2024-12-10 23:22:24 - gui - [0;32mINFO[0m - System status: {'vna_connected': True, 'motor_homed': True, 'temperature': 19.752772585908218, 'current_angle': 9.9905}
2024-12-10 23:22:24 - gui - [0;32mINFO[0m - Reading temperature...
2024-12-10 23:22:24 - gui - [0;32mINFO[0m - Temperature: 20.6°C
2024-12-10 23:22:29 - gui - [0;32mINFO[0m - Checking system status...
2024-12-10 23:22:29 - gui - [0;32mINFO[0m - VNA connection verified
2024-12-10 23:22:29 - gui - [0;32mINFO[0m - Temperature: 20.3°C
2024-12-10 23:22:29 - gui - [0;32mINFO[0m - System status: {'vna_connected': True, 'motor_homed': True, 'temperature': 20.349918894312033, 'current_angle': 15.9344}
2024-12-10 23:22:29 - gui - [0;32mINFO[0m - Reading temperature...
2024-12-10 23:22:29 - gui - [0;32mINFO[0m - Temperature: 20.5°C
2024-12-10 23:22:34 - gui - [0;32mINFO[0m - Checking system status...
2024-12-10 23:22:34 - gui - [0;32mINFO[0m - VNA connection verified
2024-12-10 23:22:34 - gui - [0;32mINFO[0m - Temperature: 19.4°C
2024-12-10 23:22:34 - gui - [0;32mINFO[0m - System status: {'vna_connected': True, 'motor_homed': True, 'temperature': 19.394395901154283, 'current_angle': -7.7493}
2024-12-10 23:22:34 - gui - [0;32mINFO[0m - Reading temperature...
2024-12-10 23:22:34 - gui - [0;32mINFO[0m - Temperature: 20.3°C
2024-12-10 23:22:39 - gui - [0;32mINFO[0m - Checking system status...
2024-12-10 23:22:39 - gui - [0;32mINFO[0m - VNA connection verified
2024-12-10 23:22:39 - gui - [0;32mINFO[0m - Temperature: 20.7°C
2024-12-10 23:22:39 - gui - [0;32mINFO[0m - System status: {'vna_connected': True, 'motor_homed': True, 'temperature': 20.6513215869564, 'current_angle': 12.0895}
2024-12-10 23:22:39 - gui - [0;32mINFO[0m - Reading temperature...
2024-12-10 23:22:39 - gui - [0;32mINFO[0m - Temperature: 20.3°C
2024-12-10 23:22:44 - gui - [0;32mINFO[0m - Checking system status...
2024-12-10 23:22:44 - gui - [0;32mINFO[0m - VNA connection verified
2024-12-10 23:22:44 - gui - [0;32mINFO[0m - Temperature: 19.3°C
2024-12-10 23:22:44 - gui - [0;32mINFO[0m - System status: {'vna_connected': True, 'motor_homed': True, 'temperature': 19.30580453230331, 'current_angle': 11.3665}
2024-12-10 23:22:44 - gui - [0;32mINFO[0m - Reading temperature...
2024-12-10 23:22:44 - gui - [0;32mINFO[0m - Temperature: 19.4°C
2024-12-10 23:22:49 - gui - [0;32mINFO[0m - Checking system status...
2024-12-10 23:22:49 - gui - [0;32mINFO[0m - VNA connection verified
2024-12-10 23:22:49 - gui - [0;32mINFO[0m - Temperature: 20.3°C
2024-12-10 23:22:49 - gui - [0;32mINFO[0m - System status: {'vna_connected': True, 'motor_homed': True, 'temperature': 20.306191461631492, 'current_angle': 12.0879}
2024-12-10 23:22:49 - gui - [0;32mINFO[0m - Reading temperature...
2024-12-10 23:22:49 - gui - [0;32mINFO[0m - Temperature: 19.2°C
2024-12-10 23:22:54 - gui - [0;32mINFO[0m - Checking system status...
2024-12-10 23:22:54 - gui - [0;32mINFO[0m - VNA connection verified
2024-12-10 23:22:54 - gui - [0;32mINFO[0m - Temperature: 19.2°C
2024-12-10 23:22:54 - gui - [0;32mINFO[0m - System status: {'vna_connected': True, 'motor_homed': True, 'temperature': 19.212893915682596, 'current_angle': -24.0032}
2024-12-10 23:22:54 - gui - [0;32mINFO[0m - Reading temperature...
2024-12-10 23:22:54 - gui - [0;32mINFO[0m - Temperature: 20.9°C
2024-12-10 23:22:59 - gui - [0;32mINFO[0m - Checking system status...
2024-12-10 23:22:59 - gui - [0;32mINFO[0m - VNA connection verified
2024-12-10 23:22:59 - gui - [0;32mINFO[0m - Temperature: 19.1°C
2024-12-10 23:22:59 - gui - [0;32mINFO[0m - System status: {'vna_connected': True, 'motor_homed': True, 'temperature': 19.10569078011006, 'current_angle': 27.7515}
2024-12-10 23:22:59 - gui - [0;32mINFO[0m - Reading temperature...
2024-12-10 23:22:59 - gui - [0;32mINFO[0m - Temperature: 20.1°C
2024-12-10 23:23:04 - gui - [0;32mINFO[0m - Checking system status...
2024-12-10 23:23:04 - gui - [0;32mINFO[0m - VNA connection verified
2024-12-10 23:23:04 - gui - [0;32mINFO[0m - Temperature: 19.6°C
2024-12-10 23:23:04 - gui - [0;32mINFO[0m - System status: {'vna_connected': True, 'motor_homed': True, 'temperature': 19.60879359366135, 'current_angle': 11.9431}
2024-12-10 23:23:04 - gui - [0;32mINFO[0m - Reading temperature...
2024-12-10 23:23:04 - gui - [0;32mINFO[0m - Temperature: 20.4°C
2024-12-10 23:23:09 - gui - [0;32mINFO[0m - Checking system status...
2024-12-10 23:23:09 - gui - [0;32mINFO[0m - VNA connection verified
2024-12-10 23:23:09 - gui - [0;32mINFO[0m - Temperature: 19.6°C
2024-12-10 23:23:09 - gui - [0;32mINFO[0m - System status: {'vna_connected': True, 'motor_homed': True, 'temperature': 19.58513329480544, 'current_angle': -21.714}
2024-12-10 23:23:09 - gui - [0;32mINFO[0m - Reading temperature...
2024-12-10 23:23:09 - gui - [0;32mINFO[0m - Temperature: 19.0°C
2024-12-10 23:23:14 - gui - [0;32mINFO[0m - Checking system status...
2024-12-10 23:23:14 - gui - [0;32mINFO[0m - VNA connection verified
2024-12-10 23:23:14 - gui - [0;32mINFO[0m - Temperature: 20.3°C
2024-12-10 23:23:14 - gui - [0;32mINFO[0m - System status: {'vna_connected': True, 'motor_homed': True, 'temperature': 20.274848197393155, 'current_angle': 11.223}
2024-12-10 23:23:14 - gui - [0;32mINFO[0m - Reading temperature...
2024-12-10 23:23:14 - gui - [0;32mINFO[0m - Temperature: 20.3°C
2024-12-10 23:23:19 - gui - [0;32mINFO[0m - Checking system status...
2024-12-10 23:23:19 - gui - [0;32mINFO[0m - VNA connection verified
2024-12-10 23:23:19 - gui - [0;32mINFO[0m - Temperature: 19.4°C
2024-12-10 23:23:19 - gui - [0;32mINFO[0m - System status: {'vna_connected': True, 'motor_homed': True, 'temperature': 19.38909325729084, 'current_angle': 24.639}
2024-12-10 23:23:19 - gui - [0;32mINFO[0m - Reading temperature...
2024-12-10 23:23:19 - gui - [0;32mINFO[0m - Temperature: 20.0°C
2024-12-10 23:23:24 - gui - [0;32mINFO[0m - Checking system status...
2024-12-10 23:23:24 - gui - [0;33mWARNING[0m - VNA connection failed
2024-12-10 23:23:24 - gui - [0;32mINFO[0m - Temperature: 20.1°C
2024-12-10 23:23:24 - gui - [0;32mINFO[0m - System status: {'vna_connected': False, 'motor_homed': True, 'temperature': 20.08613278550866, 'current_angle': -27.7849}
2024-12-10 23:23:24 - gui - [0;32mINFO[0m - Reading temperature...
2024-12-10 23:23:24 - gui - [0;32mINFO[0m - Temperature: 20.0°C
2024-12-10 23:23:29 - gui - [0;32mINFO[0m - Checking system status...
2024-12-10 23:23:29 - gui - [0;32mINFO[0m - VNA connection verified
2024-12-10 23:23:29 - gui - [0;32mINFO[0m - Temperature: 20.8°C
2024-12-10 23:23:29 - gui - [0;32mINFO[0m - System status: {'vna_connected': True, 'motor_homed': True, 'temperature': 20.783529833940896, 'current_angle': -11.7847}
2024-12-10 23:23:29 - gui - [0;32mINFO[0m - Reading temperature...
2024-12-10 23:23:29 - gui - [0;32mINFO[0m - Temperature: 19.0°C
2024-12-10 23:23:34 - gui - [0;32mINFO[0m - Checking system status...
2024-12-10 23:23:34 - gui - [0;32mINFO[0m - VNA connection verified
2024-12-10 23:23:34 - gui - [0;32mINFO[0m - Temperature: 20.6°C
2024-12-10 23:23:34 - gui - [0;32mINFO[0m - System status: {'vna_connected': True, 'motor_homed': True, 'temperature': 20.574592446727134, 'current_angle': -7.9991}
2024-12-10 23:23:34 - gui - [0;32mINFO[0m - Reading temperature...
2024-12-10 23:23:34 - gui - [0;32mINFO[0m - Temperature: 19.3°C
2024-12-10 23:23:39 - gui - [0;32mINFO[0m - Checking system status...
2024-12-10 23:23:39 - gui - [0;32mINFO[0m - VNA connection verified
2024-12-10 23:23:39 - gui - [0;32mINFO[0m - Temperature: 19.0°C
2024-12-10 23:23:39 - gui - [0;32mINFO[0m - System status: {'vna_connected': True, 'motor_homed': True, 'temperature': 19.03507380582291, 'current_angle': -0.0748}
2024-12-10 23:23:39 - gui - [0;32mINFO[0m - Reading temperature...
2024-12-10 23:23:39 - gui - [0;32mINFO[0m - Temperature: 20.4°C
2024-12-10 23:23:44 - gui - [0;32mINFO[0m - Checking system status...
2024-12-10 23:23:44 - gui - [0;32mINFO[0m - VNA connection verified
2024-12-10 23:23:44 - gui - [0;32mINFO[0m - Temperature: 19.7°C
2024-12-10 23:23:44 - gui - [0;32mINFO[0m - System status: {'vna_connected': True, 'motor_homed': True, 'temperature': 19.657145902202156, 'current_angle': -24.7914}
2024-12-10 23:23:44 - gui - [0;32mINFO[0m - Reading temperature...
2024-12-10 23:23:44 - gui - [0;32mINFO[0m - Temperature: 20.5°C
2024-12-10 23:23:49 - gui - [0;32mINFO[0m - Checking system status...
2024-12-10 23:23:49 - gui - [0;33mWARNING[0m - VNA connection failed
2024-12-10 23:23:49 - gui - [0;32mINFO[0m - Temperature: 19.5°C
2024-12-10 23:23:49 - gui - [0;32mINFO[0m - System status: {'vna_connected': False, 'motor_homed': True, 'temperature': 19.533941136520138, 'current_angle': -11.7751}
2024-12-10 23:23:49 - gui - [0;32mINFO[0m - Reading temperature...
2024-12-10 23:23:49 - gui - [0;32mINFO[0m - Temperature: 20.2°C
2024-12-10 23:23:54 - gui - [0;32mINFO[0m - Checking system status...
2024-12-10 23:23:54 - gui - [0;32mINFO[0m - VNA connection verified
2024-12-10 23:23:54 - gui - [0;32mINFO[0m - Temperature: 19.7°C
2024-12-10 23:23:54 - gui - [0;32mINFO[0m - System status: {'vna_connected': True, 'motor_homed': True, 'temperature': 19.744306084830633, 'current_angle': 13.8819}
2024-12-10 23:23:54 - gui - [0;32mINFO[0m - Reading temperature...
2024-12-10 23:23:54 - gui - [0;32mINFO[0m - Temperature: 19.7°C
2024-12-10 23:23:59 - gui - [0;32mINFO[0m - Checking system status...
2024-12-10 23:23:59 - gui - [0;32mINFO[0m - VNA connection verified
2024-12-10 23:23:59 - gui - [0;32mINFO[0m - Temperature: 19.3°C
2024-12-10 23:23:59 - gui - [0;32mINFO[0m - System status: {'vna_connected': True, 'motor_homed': True, 'temperature': 19.289445566186973, 'current_angle': 10.5695}
2024-12-10 23:23:59 - gui - [0;32mINFO[0m - Reading temperature...
2024-12-10 23:23:59 - gui - [0;32mINFO[0m - Temperature: 19.3°C
2024-12-10 23:24:04 - gui - [0;32mINFO[0m - Checking system status...
2024-12-10 23:24:04 - gui - [0;32mINFO[0m - VNA connection verified
2024-12-10 23:24:04 - gui - [0;32mINFO[0m - Temperature: 20.2°C
2024-12-10 23:24:04 - gui - [0;32mINFO[0m - System status: {'vna_connected': True, 'motor_homed': True, 'temperature': 20.231306628837622, 'current_angle': -26.8803}
2024-12-10 23:24:04 - gui - [0;32mINFO[0m - Reading temperature...
2024-12-10 23:24:04 - gui - [0;32mINFO[0m - Temperature: 20.3°C
2024-12-10 23:24:09 - gui - [0;32mINFO[0m - Checking system status...
2024-12-10 23:24:09 - gui - [0;32mINFO[0m - VNA connection verified
2024-12-10 23:24:09 - gui - [0;32mINFO[0m - Temperature: 19.4°C
2024-12-10 23:24:09 - gui - [0;32mINFO[0m - System status: {'vna_connected': True, 'motor_homed': True, 'temperature': 19.43159763472348, 'current_angle': -12.2473}
2024-12-10 23:24:09 - gui - [0;32mINFO[0m - Reading temperature...
2024-12-10 23:24:09 - gui - [0;32mINFO[0m - Temperature: 19.4°C
2024-12-10 23:24:14 - gui - [0;32mINFO[0m - Checking system status...
2024-12-10 23:24:14 - gui - [0;32mINFO[0m - VNA connection verified
2024-12-10 23:24:14 - gui - [0;32mINFO[0m - Temperature: 20.3°C
2024-12-10 23:24:14 - gui - [0;32mINFO[0m - System status: {'vna_connected': True, 'motor_homed': True, 'temperature': 20.2542593620054, 'current_angle': -23.5898}
2024-12-10 23:24:14 - gui - [0;32mINFO[0m - Reading temperature...
2024-12-10 23:24:14 - gui - [0;32mINFO[0m - Temperature: 19.7°C
2024-12-10 23:24:19 - gui - [0;32mINFO[0m - Checking system status...
2024-12-10 23:24:19 - gui - [0;32mINFO[0m - VNA connection verified
2024-12-10 23:24:19 - gui - [0;32mINFO[0m - Temperature: 19.1°C
2024-12-10 23:24:19 - gui - [0;32mINFO[0m - System status: {'vna_connected': True, 'motor_homed': True, 'temperature': 19.14315209776591, 'current_angle': 28.5545}
2024-12-10 23:24:19 - gui - [0;32mINFO[0m - Reading temperature...
2024-12-10 23:24:19 - gui - [0;32mINFO[0m - Temperature: 19.5°C
2024-12-10 23:24:24 - gui - [0;32mINFO[0m - Checking system status...
2024-12-10 23:24:24 - gui - [0;32mINFO[0m - VNA connection verified
2024-12-10 23:24:24 - gui - [0;32mINFO[0m - Temperature: 20.2°C
2024-12-10 23:24:24 - gui - [0;32mINFO[0m - System status: {'vna_connected': True, 'motor_homed': True, 'temperature': 20.19563833582108, 'current_angle': 13.6462}
2024-12-10 23:24:24 - gui - [0;32mINFO[0m - Reading temperature...
2024-12-10 23:24:24 - gui - [0;32mINFO[0m - Temperature: 19.8°C
2024-12-10 23:24:29 - gui - [0;32mINFO[0m - Checking system status...
2024-12-10 23:24:29 - gui - [0;32mINFO[0m - VNA connection verified
2024-12-10 23:24:29 - gui - [0;32mINFO[0m - Temperature: 20.7°C
2024-12-10 23:24:29 - gui - [0;32mINFO[0m - System status: {'vna_connected': True, 'motor_homed': True, 'temperature': 20.66429128770365, 'current_angle': 6.9084}
2024-12-10 23:24:29 - gui - [0;32mINFO[0m - Reading temperature...
2024-12-10 23:24:29 - gui - [0;32mINFO[0m - Temperature: 20.5°C
2024-12-10 23:24:34 - gui - [0;32mINFO[0m - Checking system status...
2024-12-10 23:24:34 - gui - [0;32mINFO[0m - VNA connection verified
2024-12-10 23:24:34 - gui - [0;32mINFO[0m - Temperature: 19.4°C
2024-12-10 23:24:34 - gui - [0;32mINFO[0m - System status: {'vna_connected': True, 'motor_homed': True, 'temperature': 19.43343801187462, 'current_angle': 25.5532}
2024-12-10 23:24:34 - gui - [0;32mINFO[0m - Reading temperature...
2024-12-10 23:24:34 - gui - [0;32mINFO[0m - Temperature: 20.1°C
2024-12-10 23:24:39 - gui - [0;32mINFO[0m - Checking system status...
2024-12-10 23:24:39 - gui - [0;32mINFO[0m - VNA connection verified
2024-12-10 23:24:39 - gui - [0;32mINFO[0m - Temperature: 19.6°C
2024-12-10 23:24:39 - gui - [0;32mINFO[0m - System status: {'vna_connected': True, 'motor_homed': True, 'temperature': 19.645196611365037, 'current_angle': -11.9268}
2024-12-10 23:24:39 - gui - [0;32mINFO[0m - Reading temperature...
2024-12-10 23:24:39 - gui - [0;32mINFO[0m - Temperature: 20.3°C
2024-12-10 23:24:44 - gui - [0;32mINFO[0m - Checking system status...
2024-12-10 23:24:44 - gui - [0;32mINFO[0m - VNA connection verified
2024-12-10 23:24:44 - gui - [0;32mINFO[0m - Temperature: 19.6°C
2024-12-10 23:24:44 - gui - [0;32mINFO[0m - System status: {'vna_connected': True, 'motor_homed': True, 'temperature': 19.620729318601537, 'current_angle': 25.0574}
2024-12-10 23:24:44 - gui - [0;32mINFO[0m - Reading temperature...
2024-12-10 23:24:44 - gui - [0;32mINFO[0m - Temperature: 20.2°C
2024-12-10 23:24:52 - gui - [0;32mINFO[0m - Starting UI initialization...
2024-12-10 23:24:52 - gui - [0;32mINFO[0m - MainWindow initialization complete
2024-12-10 23:24:52 - gui - [0;32mINFO[0m - Test parameters updated successfully
2024-12-10 23:24:52 - gui - [0;32mINFO[0m - Entering main event loop...
2024-12-10 23:24:57 - gui - [0;32mINFO[0m - VNA Connected
2024-12-10 23:24:57 - gui - [0;32mINFO[0m - Checking system status...
2024-12-10 23:24:57 - gui - [0;32mINFO[0m - VNA connection verified
2024-12-10 23:24:57 - gui - [0;32mINFO[0m - Temperature: 19.3°C
2024-12-10 23:24:57 - gui - [0;32mINFO[0m - System status: {'vna_connected': True, 'motor_homed': True, 'temperature': 19.322851060955937, 'current_angle': -2.0636}
2024-12-10 23:24:57 - gui - [0;32mINFO[0m - Reading temperature...
2024-12-10 23:24:57 - gui - [0;32mINFO[0m - Temperature: 19.2°C
2024-12-10 23:24:57 - gui - [0;32mINFO[0m - TEMP Connected
2024-12-10 23:25:35 - gui - [0;32mINFO[0m - Starting UI initialization...
2024-12-10 23:25:35 - gui - [0;32mINFO[0m - MainWindow initialization complete
2024-12-10 23:25:35 - gui - [0;32mINFO[0m - Test parameters updated successfully
2024-12-10 23:25:35 - gui - [0;32mINFO[0m - Entering main event loop...
2024-12-10 23:25:39 - gui - [0;32mINFO[0m - VNA Connected
2024-12-10 23:25:39 - gui - [0;32mINFO[0m - Checking system status...
2024-12-10 23:25:39 - gui - [0;32mINFO[0m - VNA connection verified
2024-12-10 23:25:39 - gui - [0;32mINFO[0m - Temperature: 19.1°C
2024-12-10 23:25:39 - gui - [0;32mINFO[0m - System status: {'vna_connected': True, 'motor_homed': True, 'temperature': 19.109575382241225, 'current_angle': 1.9858}
2024-12-10 23:25:39 - gui - [0;32mINFO[0m - Reading temperature...
2024-12-10 23:25:39 - gui - [0;32mINFO[0m - Temperature: 20.2°C
2024-12-10 23:25:39 - gui - [0;32mINFO[0m - TEMP Connected
2024-12-10 23:25:44 - gui - [0;32mINFO[0m - Checking system status...
2024-12-10 23:25:44 - gui - [0;32mINFO[0m - VNA connection verified
2024-12-10 23:25:44 - gui - [0;32mINFO[0m - Temperature: 20.4°C
2024-12-10 23:25:44 - gui - [0;32mINFO[0m - System status: {'vna_connected': True, 'motor_homed': True, 'temperature': 20.391215425618945, 'current_angle': 9.9094}
2024-12-10 23:25:44 - gui - [0;32mINFO[0m - Reading temperature...
2024-12-10 23:25:44 - gui - [0;32mINFO[0m - Temperature: 19.9°C
2024-12-10 23:25:49 - gui - [0;32mINFO[0m - Checking system status...
2024-12-10 23:25:49 - gui - [0;32mINFO[0m - VNA connection verified
2024-12-10 23:25:49 - gui - [0;32mINFO[0m - Temperature: 19.0°C
2024-12-10 23:25:49 - gui - [0;32mINFO[0m - System status: {'vna_connected': True, 'motor_homed': True, 'temperature': 19.032548237381448, 'current_angle': -12.8977}
2024-12-10 23:25:49 - gui - [0;32mINFO[0m - Reading temperature...
2024-12-10 23:25:49 - gui - [0;32mINFO[0m - Temperature: 19.9°C
2024-12-10 23:25:54 - gui - [0;32mINFO[0m - Checking system status...
2024-12-10 23:25:54 - gui - [0;32mINFO[0m - VNA connection verified
2024-12-10 23:25:54 - gui - [0;32mINFO[0m - Temperature: 19.9°C
2024-12-10 23:25:54 - gui - [0;32mINFO[0m - System status: {'vna_connected': True, 'motor_homed': True, 'temperature': 19.944369777291328, 'current_angle': 7.3233}
2024-12-10 23:25:54 - gui - [0;32mINFO[0m - Reading temperature...
2024-12-10 23:25:54 - gui - [0;32mINFO[0m - Temperature: 20.7°C
2024-12-10 23:25:59 - gui - [0;32mINFO[0m - Checking system status...
2024-12-10 23:25:59 - gui - [0;32mINFO[0m - VNA connection verified
2024-12-10 23:25:59 - gui - [0;32mINFO[0m - Temperature: 20.9°C
2024-12-10 23:25:59 - gui - [0;32mINFO[0m - System status: {'vna_connected': True, 'motor_homed': True, 'temperature': 20.854983712421888, 'current_angle': 14.4533}
2024-12-10 23:25:59 - gui - [0;32mINFO[0m - Reading temperature...
2024-12-10 23:25:59 - gui - [0;32mINFO[0m - Temperature: 20.4°C
2024-12-10 23:26:04 - gui - [0;32mINFO[0m - Checking system status...
2024-12-10 23:26:04 - gui - [0;32mINFO[0m - VNA connection verified
2024-12-10 23:26:04 - gui - [0;32mINFO[0m - Temperature: 19.1°C
2024-12-10 23:26:04 - gui - [0;32mINFO[0m - System status: {'vna_connected': True, 'motor_homed': True, 'temperature': 19.12061430805914, 'current_angle': 17.7231}
2024-12-10 23:26:04 - gui - [0;32mINFO[0m - Reading temperature...
2024-12-10 23:26:04 - gui - [0;32mINFO[0m - Temperature: 20.9°C
2024-12-10 23:26:09 - gui - [0;32mINFO[0m - Checking system status...
2024-12-10 23:26:09 - gui - [0;32mINFO[0m - VNA connection verified
2024-12-10 23:26:09 - gui - [0;32mINFO[0m - Temperature: 20.4°C
2024-12-10 23:26:09 - gui - [0;32mINFO[0m - System status: {'vna_connected': True, 'motor_homed': True, 'temperature': 20.395669508889302, 'current_angle': -14.9191}
2024-12-10 23:26:09 - gui - [0;32mINFO[0m - Reading temperature...
2024-12-10 23:26:09 - gui - [0;32mINFO[0m - Temperature: 20.1°C
2024-12-10 23:26:14 - gui - [0;32mINFO[0m - Checking system status...
2024-12-10 23:26:14 - gui - [0;33mWARNING[0m - VNA connection failed
2024-12-10 23:26:14 - gui - [0;32mINFO[0m - Temperature: 19.1°C
2024-12-10 23:26:14 - gui - [0;32mINFO[0m - System status: {'vna_connected': False, 'motor_homed': True, 'temperature': 19.05678648344361, 'current_angle': 13.6297}
2024-12-10 23:26:14 - gui - [0;32mINFO[0m - Reading temperature...
2024-12-10 23:26:14 - gui - [0;32mINFO[0m - Temperature: 19.8°C
2024-12-10 23:26:19 - gui - [0;32mINFO[0m - Checking system status...
2024-12-10 23:26:19 - gui - [0;32mINFO[0m - VNA connection verified
2024-12-10 23:26:19 - gui - [0;32mINFO[0m - Temperature: 19.0°C
2024-12-10 23:26:19 - gui - [0;32mINFO[0m - System status: {'vna_connected': True, 'motor_homed': True, 'temperature': 19.037167150341247, 'current_angle': 1.8644}
2024-12-10 23:26:19 - gui - [0;32mINFO[0m - Reading temperature...
2024-12-10 23:26:19 - gui - [0;32mINFO[0m - Temperature: 20.2°C
2024-12-10 23:26:24 - gui - [0;32mINFO[0m - Checking system status...
2024-12-10 23:26:24 - gui - [0;32mINFO[0m - VNA connection verified
2024-12-10 23:26:24 - gui - [0;32mINFO[0m - Temperature: 20.3°C
2024-12-10 23:26:24 - gui - [0;32mINFO[0m - System status: {'vna_connected': True, 'motor_homed': True, 'temperature': 20.307507992417065, 'current_angle': -0.9646}
2024-12-10 23:26:24 - gui - [0;32mINFO[0m - Reading temperature...
2024-12-10 23:26:24 - gui - [0;32mINFO[0m - Temperature: 20.0°C
2024-12-10 23:26:29 - gui - [0;32mINFO[0m - Checking system status...
2024-12-10 23:26:29 - gui - [0;32mINFO[0m - VNA connection verified
2024-12-10 23:26:29 - gui - [0;32mINFO[0m - Temperature: 20.9°C
2024-12-10 23:26:29 - gui - [0;32mINFO[0m - System status: {'vna_connected': True, 'motor_homed': True, 'temperature': 20.940024996785276, 'current_angle': 28.8769}
2024-12-10 23:26:29 - gui - [0;32mINFO[0m - Reading temperature...
2024-12-10 23:26:29 - gui - [0;32mINFO[0m - Temperature: 20.5°C
2024-12-10 23:26:34 - gui - [0;32mINFO[0m - Checking system status...
2024-12-10 23:26:34 - gui - [0;33mWARNING[0m - VNA connection failed
2024-12-10 23:26:34 - gui - [0;32mINFO[0m - Temperature: 20.0°C
2024-12-10 23:26:34 - gui - [0;32mINFO[0m - System status: {'vna_connected': False, 'motor_homed': True, 'temperature': 19.994504252936473, 'current_angle': -3.9978}
2024-12-10 23:26:34 - gui - [0;32mINFO[0m - Reading temperature...
2024-12-10 23:26:34 - gui - [0;32mINFO[0m - Temperature: 20.6°C
2024-12-10 23:26:39 - gui - [0;32mINFO[0m - Checking system status...
2024-12-10 23:26:39 - gui - [0;32mINFO[0m - VNA connection verified
2024-12-10 23:26:39 - gui - [0;32mINFO[0m - Temperature: 19.9°C
2024-12-10 23:26:39 - gui - [0;32mINFO[0m - System status: {'vna_connected': True, 'motor_homed': True, 'temperature': 19.896942089981206, 'current_angle': 18.2161}
2024-12-10 23:26:39 - gui - [0;32mINFO[0m - Reading temperature...
2024-12-10 23:26:39 - gui - [0;32mINFO[0m - Temperature: 19.9°C
2024-12-10 23:26:44 - gui - [0;32mINFO[0m - Checking system status...
2024-12-10 23:26:44 - gui - [0;33mWARNING[0m - VNA connection failed
2024-12-10 23:26:44 - gui - [0;32mINFO[0m - Temperature: 20.3°C
2024-12-10 23:26:44 - gui - [0;32mINFO[0m - System status: {'vna_connected': False, 'motor_homed': True, 'temperature': 20.336105878301474, 'current_angle': -2.3762}
2024-12-10 23:26:44 - gui - [0;32mINFO[0m - Reading temperature...
2024-12-10 23:26:44 - gui - [0;32mINFO[0m - Temperature: 19.3°C
2024-12-10 23:26:49 - gui - [0;32mINFO[0m - Checking system status...
2024-12-10 23:26:49 - gui - [0;33mWARNING[0m - VNA connection failed
2024-12-10 23:26:49 - gui - [0;32mINFO[0m - Temperature: 19.6°C
2024-12-10 23:26:49 - gui - [0;32mINFO[0m - System status: {'vna_connected': False, 'motor_homed': True, 'temperature': 19.638899139910407, 'current_angle': 9.2364}
2024-12-10 23:26:49 - gui - [0;32mINFO[0m - Reading temperature...
2024-12-10 23:26:49 - gui - [0;32mINFO[0m - Temperature: 19.4°C
2024-12-10 23:26:54 - gui - [0;32mINFO[0m - Checking system status...
2024-12-10 23:26:54 - gui - [0;32mINFO[0m - VNA connection verified
2024-12-10 23:26:54 - gui - [0;32mINFO[0m - Temperature: 20.6°C
2024-12-10 23:26:54 - gui - [0;32mINFO[0m - System status: {'vna_connected': True, 'motor_homed': True, 'temperature': 20.611047359330247, 'current_angle': 4.1266}
2024-12-10 23:26:54 - gui - [0;32mINFO[0m - Reading temperature...
2024-12-10 23:26:54 - gui - [0;32mINFO[0m - Temperature: 20.9°C
2024-12-10 23:26:59 - gui - [0;32mINFO[0m - Checking system status...
2024-12-10 23:26:59 - gui - [0;32mINFO[0m - VNA connection verified
2024-12-10 23:26:59 - gui - [0;32mINFO[0m - Temperature: 19.2°C
2024-12-10 23:26:59 - gui - [0;32mINFO[0m - System status: {'vna_connected': True, 'motor_homed': True, 'temperature': 19.197642659139788, 'current_angle': -26.1204}
2024-12-10 23:26:59 - gui - [0;32mINFO[0m - Reading temperature...
2024-12-10 23:26:59 - gui - [0;32mINFO[0m - Temperature: 19.9°C
2024-12-10 23:27:10 - gui - [0;32mINFO[0m - Starting UI initialization...
2024-12-10 23:27:10 - gui - [0;32mINFO[0m - MainWindow initialization complete
2024-12-10 23:27:10 - gui - [0;32mINFO[0m - Test parameters updated successfully
2024-12-10 23:27:10 - gui - [0;32mINFO[0m - Entering main event loop...
2024-12-10 23:27:15 - gui - [0;32mINFO[0m - VNA Connected
2024-12-10 23:27:15 - gui - [0;32mINFO[0m - Checking system status...
2024-12-10 23:27:15 - gui - [0;32mINFO[0m - VNA connection verified
2024-12-10 23:27:15 - gui - [0;32mINFO[0m - Temperature: 19.4°C
2024-12-10 23:27:15 - gui - [0;32mINFO[0m - System status: {'vna_connected': True, 'motor_homed': True, 'temperature': 19.418664531791674, 'current_angle': 17.1663}
2024-12-10 23:27:15 - gui - [0;32mINFO[0m - Reading temperature...
2024-12-10 23:27:15 - gui - [0;32mINFO[0m - Temperature: 19.3°C
2024-12-10 23:27:15 - gui - [0;32mINFO[0m - TEMP Connected
2024-12-10 23:27:20 - gui - [0;32mINFO[0m - Checking system status...
2024-12-10 23:27:20 - gui - [0;32mINFO[0m - VNA connection verified
2024-12-10 23:27:20 - gui - [0;32mINFO[0m - Temperature: 20.9°C
2024-12-10 23:27:20 - gui - [0;32mINFO[0m - System status: {'vna_connected': True, 'motor_homed': True, 'temperature': 20.892580088316542, 'current_angle': -24.211}
2024-12-10 23:27:20 - gui - [0;32mINFO[0m - Reading temperature...
2024-12-10 23:27:20 - gui - [0;32mINFO[0m - Temperature: 20.6°C
2024-12-10 23:27:25 - gui - [0;32mINFO[0m - Checking system status...
2024-12-10 23:27:25 - gui - [0;32mINFO[0m - VNA connection verified
2024-12-10 23:27:25 - gui - [0;32mINFO[0m - Temperature: 19.8°C
2024-12-10 23:27:25 - gui - [0;32mINFO[0m - System status: {'vna_connected': True, 'motor_homed': True, 'temperature': 19.785931487048725, 'current_angle': 11.2913}
2024-12-10 23:27:25 - gui - [0;32mINFO[0m - Reading temperature...
2024-12-10 23:27:25 - gui - [0;32mINFO[0m - Temperature: 20.4°C
2024-12-10 23:30:10 - gui - [0;32mINFO[0m - Starting UI initialization...
2024-12-10 23:30:10 - gui - [0;32mINFO[0m - MainWindow initialization complete
2024-12-10 23:30:10 - gui - [0;32mINFO[0m - Test parameters updated successfully
2024-12-10 23:30:10 - gui - [0;32mINFO[0m - Entering main event loop...
2024-12-10 23:30:14 - gui - [0;32mINFO[0m - VNA Connected
