2024-12-20 12:44:32 - gui - [0;32mINFO[0m - Configuration loaded successfully
2024-12-20 12:44:32 - gui - [0;32mINFO[0m - Configuration loaded successfully
2024-12-20 12:44:32 - gui - [0;32mINFO[0m - Starting UI initialization...
2024-12-20 12:44:32 - gui - [0;32mINFO[0m - MainWindow initialization complete
2024-12-20 12:44:32 - gui - [0;32mINFO[0m - Configuration saved successfully
2024-12-20 12:44:32 - gui - [0;32mINFO[0m - Test parameters updated successfully
2024-12-20 12:44:32 - gui - [0;32mINFO[0m - Entering main event loop...
2024-12-20 12:44:38 - gui - [0;32mINFO[0m - VNA Connected
2024-12-20 12:48:05 - gui - [0;32mINFO[0m - Configuration loaded successfully
2024-12-20 12:48:05 - gui - [0;32mINFO[0m - Configuration loaded successfully
2024-12-20 12:48:05 - gui - [0;32mINFO[0m - Starting UI initialization...
2024-12-20 12:48:05 - gui - [0;32mINFO[0m - MainWindow initialization complete
2024-12-20 12:48:05 - gui - [0;32mINFO[0m - Configuration saved successfully
2024-12-20 12:48:05 - gui - [0;32mINFO[0m - Test parameters updated successfully
2024-12-20 12:48:05 - gui - [0;32mINFO[0m - Entering main event loop...
2024-12-20 12:48:10 - gui - [0;32mINFO[0m - VNA Connected
2024-12-20 13:08:50 - gui - [0;32mINFO[0m - Configuration loaded successfully
2024-12-20 13:08:50 - gui - [0;32mINFO[0m - Configuration loaded successfully
2024-12-20 13:08:50 - gui - [0;32mINFO[0m - Starting UI initialization...
2024-12-20 13:08:50 - gui - [0;32mINFO[0m - MainWindow initialization complete
2024-12-20 13:08:50 - gui - [0;32mINFO[0m - Configuration saved successfully
2024-12-20 13:08:50 - gui - [0;32mINFO[0m - Test parameters updated successfully
2024-12-20 13:08:50 - gui - [0;32mINFO[0m - Entering main event loop...
2024-12-20 13:08:55 - gui - [0;32mINFO[0m - VNA Connected
2024-12-20 13:10:42 - gui - [0;32mINFO[0m - Configuration loaded successfully
2024-12-20 13:10:42 - gui - [0;32mINFO[0m - Configuration loaded successfully
2024-12-20 13:10:42 - gui - [0;32mINFO[0m - Starting UI initialization...
2024-12-20 13:10:42 - gui - [0;32mINFO[0m - MainWindow initialization complete
2024-12-20 13:10:42 - gui - [0;32mINFO[0m - Configuration saved successfully
2024-12-20 13:10:42 - gui - [0;32mINFO[0m - Test parameters updated successfully
2024-12-20 13:10:42 - gui - [0;32mINFO[0m - Entering main event loop...
2024-12-20 13:10:48 - gui - [0;32mINFO[0m - VNA Connected
2024-12-20 13:11:53 - gui - [0;32mINFO[0m - Configuration loaded successfully
2024-12-20 13:11:53 - gui - [0;32mINFO[0m - Configuration loaded successfully
2024-12-20 13:11:53 - gui - [0;32mINFO[0m - Starting UI initialization...
2024-12-20 13:11:53 - gui - [0;32mINFO[0m - MainWindow initialization complete
2024-12-20 13:11:53 - gui - [0;32mINFO[0m - Configuration saved successfully
2024-12-20 13:11:53 - gui - [0;32mINFO[0m - Test parameters updated successfully
2024-12-20 13:11:53 - gui - [0;32mINFO[0m - Entering main event loop...
2024-12-20 13:12:45 - gui - [0;32mINFO[0m - Configuration loaded successfully
2024-12-20 13:12:45 - gui - [0;32mINFO[0m - Configuration loaded successfully
2024-12-20 13:12:45 - gui - [0;32mINFO[0m - Starting UI initialization...
2024-12-20 13:12:45 - gui - [0;32mINFO[0m - MainWindow initialization complete
2024-12-20 13:12:45 - gui - [0;32mINFO[0m - Configuration saved successfully
2024-12-20 13:12:45 - gui - [0;32mINFO[0m - Test parameters updated successfully
2024-12-20 13:12:45 - gui - [0;32mINFO[0m - Entering main event loop...
2024-12-20 13:12:51 - gui - [0;32mINFO[0m - VNA Connected
2024-12-20 13:15:42 - gui - [0;32mINFO[0m - Configuration loaded successfully
2024-12-20 13:15:42 - gui - [0;32mINFO[0m - Configuration loaded successfully
2024-12-20 13:15:42 - gui - [0;32mINFO[0m - Starting UI initialization...
2024-12-20 13:15:42 - gui - [0;32mINFO[0m - MainWindow initialization complete
2024-12-20 13:15:42 - gui - [0;32mINFO[0m - Configuration saved successfully
2024-12-20 13:15:42 - gui - [0;32mINFO[0m - Test parameters updated successfully
2024-12-20 13:15:42 - gui - [0;32mINFO[0m - Entering main event loop...
2024-12-20 13:15:48 - gui - [0;32mINFO[0m - VNA Connected
2024-12-20 13:22:03 - gui - [0;32mINFO[0m - Configuration loaded successfully
2024-12-20 13:22:03 - gui - [0;32mINFO[0m - Configuration loaded successfully
2024-12-20 13:22:03 - gui - [0;32mINFO[0m - Starting UI initialization...
2024-12-20 13:22:03 - gui - [0;32mINFO[0m - MainWindow initialization complete
2024-12-20 13:22:03 - gui - [0;32mINFO[0m - Configuration saved successfully
2024-12-20 13:22:03 - gui - [0;32mINFO[0m - Test parameters updated successfully
2024-12-20 13:22:03 - gui - [0;32mINFO[0m - Entering main event loop...
2024-12-20 13:22:08 - gui - [0;32mINFO[0m - VNA Connected
2024-12-20 13:29:59 - gui - [0;32mINFO[0m - Configuration loaded successfully
2024-12-20 13:29:59 - gui - [0;32mINFO[0m - Configuration loaded successfully
2024-12-20 13:29:59 - gui - [0;32mINFO[0m - Starting UI initialization...
2024-12-20 13:29:59 - gui - [0;32mINFO[0m - MainWindow initialization complete
2024-12-20 13:29:59 - gui - [0;32mINFO[0m - Configuration saved successfully
2024-12-20 13:29:59 - gui - [0;32mINFO[0m - Test parameters updated successfully
2024-12-20 13:29:59 - gui - [0;32mINFO[0m - Entering main event loop...
2024-12-20 13:30:04 - gui - [0;32mINFO[0m - VNA Connected
2024-12-20 13:44:54 - gui - [0;32mINFO[0m - Configuration loaded successfully
2024-12-20 13:44:54 - gui - [0;32mINFO[0m - Configuration loaded successfully
2024-12-20 13:44:54 - gui - [0;32mINFO[0m - Starting UI initialization...
2024-12-20 13:44:54 - gui - [0;32mINFO[0m - MainWindow initialization complete
2024-12-20 13:44:54 - gui - [0;32mINFO[0m - Configuration saved successfully
2024-12-20 13:44:54 - gui - [0;32mINFO[0m - Test parameters updated successfully
2024-12-20 13:44:54 - gui - [0;32mINFO[0m - Entering main event loop...
2024-12-20 14:19:29 - gui - [0;32mINFO[0m - Configuration loaded successfully
2024-12-20 14:19:29 - gui - [0;32mINFO[0m - Configuration loaded successfully
2024-12-20 14:19:29 - gui - [0;32mINFO[0m - Starting UI initialization...
2024-12-20 14:19:29 - gui - [0;32mINFO[0m - MainWindow initialization complete
2024-12-20 14:19:29 - gui - [0;32mINFO[0m - Configuration saved successfully
2024-12-20 14:19:29 - gui - [0;32mINFO[0m - Test parameters updated successfully
2024-12-20 14:19:29 - gui - [0;32mINFO[0m - Entering main event loop...
2024-12-20 14:19:34 - gui - [0;32mINFO[0m - VNA Connected
2024-12-20 14:22:02 - gui - [0;32mINFO[0m - Configuration loaded successfully
2024-12-20 14:22:02 - gui - [0;32mINFO[0m - Configuration loaded successfully
2024-12-20 14:22:02 - gui - [0;32mINFO[0m - Starting UI initialization...
2024-12-20 14:22:02 - gui - [0;32mINFO[0m - MainWindow initialization complete
2024-12-20 14:22:02 - gui - [0;32mINFO[0m - Configuration saved successfully
2024-12-20 14:22:02 - gui - [0;32mINFO[0m - Test parameters updated successfully
2024-12-20 14:22:02 - gui - [0;32mINFO[0m - Entering main event loop...
2024-12-20 14:22:07 - gui - [0;32mINFO[0m - VNA Connected
2024-12-20 14:24:40 - gui - [0;32mINFO[0m - Configuration loaded successfully
2024-12-20 14:24:40 - gui - [0;32mINFO[0m - Configuration loaded successfully
2024-12-20 14:24:40 - gui - [0;32mINFO[0m - Starting UI initialization...
2024-12-20 14:24:40 - gui - [0;32mINFO[0m - MainWindow initialization complete
2024-12-20 14:24:40 - gui - [0;32mINFO[0m - Configuration saved successfully
2024-12-20 14:24:40 - gui - [0;32mINFO[0m - Test parameters updated successfully
2024-12-20 14:24:40 - gui - [0;32mINFO[0m - Entering main event loop...
2024-12-20 14:24:45 - gui - [0;32mINFO[0m - VNA Connected
2024-12-20 14:57:37 - gui - [0;32mINFO[0m - Configuration loaded successfully
2024-12-20 14:57:37 - gui - [0;32mINFO[0m - Configuration loaded successfully
2024-12-20 14:57:37 - gui - [0;32mINFO[0m - Starting UI initialization...
2024-12-20 14:57:37 - gui - [0;32mINFO[0m - MainWindow initialization complete
2024-12-20 14:57:37 - gui - [0;32mINFO[0m - Configuration saved successfully
2024-12-20 14:57:37 - gui - [0;32mINFO[0m - Test parameters updated successfully
2024-12-20 14:57:37 - gui - [0;32mINFO[0m - Entering main event loop...
2024-12-20 14:57:42 - gui - [0;32mINFO[0m - VNA Connected
2024-12-20 14:59:42 - gui - [0;32mINFO[0m - Configuration loaded successfully
2024-12-20 14:59:42 - gui - [0;32mINFO[0m - Configuration loaded successfully
2024-12-20 14:59:42 - gui - [0;32mINFO[0m - Starting UI initialization...
2024-12-20 14:59:42 - gui - [0;32mINFO[0m - MainWindow initialization complete
2024-12-20 14:59:42 - gui - [0;32mINFO[0m - Configuration saved successfully
2024-12-20 14:59:42 - gui - [0;32mINFO[0m - Test parameters updated successfully
2024-12-20 14:59:42 - gui - [0;32mINFO[0m - Entering main event loop...
2024-12-20 14:59:47 - gui - [0;32mINFO[0m - VNA Connected
2024-12-20 15:02:42 - gui - [0;32mINFO[0m - Configuration loaded successfully
2024-12-20 15:02:42 - gui - [0;32mINFO[0m - Configuration loaded successfully
2024-12-20 15:02:42 - gui - [0;32mINFO[0m - Starting UI initialization...
2024-12-20 15:02:42 - gui - [0;32mINFO[0m - MainWindow initialization complete
2024-12-20 15:02:42 - gui - [0;32mINFO[0m - Configuration saved successfully
2024-12-20 15:02:42 - gui - [0;32mINFO[0m - Test parameters updated successfully
2024-12-20 15:02:42 - gui - [0;32mINFO[0m - Entering main event loop...
2024-12-20 15:02:47 - gui - [0;32mINFO[0m - VNA Connected
2024-12-20 15:02:57 - gui - [0;32mINFO[0m - Configuration loaded successfully
2024-12-20 15:07:33 - gui - [0;32mINFO[0m - Configuration loaded successfully
2024-12-20 15:07:33 - gui - [0;32mINFO[0m - Configuration loaded successfully
2024-12-20 15:07:33 - gui - [0;32mINFO[0m - Starting UI initialization...
2024-12-20 15:07:34 - gui - [0;32mINFO[0m - MainWindow initialization complete
2024-12-20 15:07:34 - gui - [0;32mINFO[0m - Configuration saved successfully
2024-12-20 15:07:34 - gui - [0;32mINFO[0m - Test parameters updated successfully
2024-12-20 15:07:34 - gui - [0;32mINFO[0m - Entering main event loop...
2024-12-20 15:07:38 - gui - [0;32mINFO[0m - VNA Connected
2024-12-20 15:12:01 - gui - [0;32mINFO[0m - Configuration loaded successfully
2024-12-20 15:12:01 - gui - [0;32mINFO[0m - Configuration loaded successfully
2024-12-20 15:12:01 - gui - [0;32mINFO[0m - Starting UI initialization...
2024-12-20 15:12:03 - gui - [0;32mINFO[0m - Hardware connection established
2024-12-20 15:12:03 - gui - [0;32mINFO[0m - MainWindow initialization complete
2024-12-20 15:12:03 - gui - [0;32mINFO[0m - Configuration saved successfully
2024-12-20 15:12:03 - gui - [0;32mINFO[0m - Test parameters updated successfully
2024-12-20 15:12:03 - gui - [0;32mINFO[0m - Entering main event loop...
2024-12-20 15:12:06 - gui - [0;32mINFO[0m - VNA Connected
2024-12-20 15:12:32 - gui - [0;32mINFO[0m - Configuration loaded successfully
2024-12-20 15:12:32 - gui - [0;32mINFO[0m - Configuration loaded successfully
2024-12-20 15:12:32 - gui - [0;31mERROR[0m - An error occurred: name 'StatusIndicators' is not defined
Traceback (most recent call last):
  File "/home/nmz/Python_GUI_TS1500_Probe-B/main.py", line 51, in main
    window = MainWindow(controller)
             ^^^^^^^^^^^^^^^^^^^^^^
  File "/home/nmz/Python_GUI_TS1500_Probe-B/gui/main_window.py", line 31, in __init__
    self.status_indicators = StatusIndicators()
                             ^^^^^^^^^^^^^^^^
NameError: name 'StatusIndicators' is not defined
2024-12-20 15:12:45 - gui - [0;32mINFO[0m - Configuration loaded successfully
2024-12-20 15:12:45 - gui - [0;32mINFO[0m - Configuration loaded successfully
2024-12-20 15:12:45 - gui - [0;31mERROR[0m - An error occurred: type object 'Styles' has no attribute 'MARGINS'
Traceback (most recent call last):
  File "/home/nmz/Python_GUI_TS1500_Probe-B/main.py", line 51, in main
    window = MainWindow(controller)
             ^^^^^^^^^^^^^^^^^^^^^^
  File "/home/nmz/Python_GUI_TS1500_Probe-B/gui/main_window.py", line 32, in __init__
    self.status_indicators = StatusIndicators()
                             ^^^^^^^^^^^^^^^^^^
  File "/home/nmz/Python_GUI_TS1500_Probe-B/gui/status_indicators.py", line 8, in __init__
    self.init_ui()
  File "/home/nmz/Python_GUI_TS1500_Probe-B/gui/status_indicators.py", line 13, in init_ui
    layout.setContentsMargins(Styles.MARGINS, Styles.MARGINS,
                             ^^^^^^^^^^^^^^
AttributeError: type object 'Styles' has no attribute 'MARGINS'
2024-12-20 15:13:31 - gui - [0;32mINFO[0m - Configuration loaded successfully
2024-12-20 15:13:31 - gui - [0;32mINFO[0m - Configuration loaded successfully
2024-12-20 15:13:31 - gui - [0;32mINFO[0m - Starting UI initialization...
2024-12-20 15:13:34 - gui - [0;32mINFO[0m - Hardware connection established
2024-12-20 15:13:34 - gui - [0;32mINFO[0m - MainWindow initialization complete
2024-12-20 15:13:34 - gui - [0;32mINFO[0m - Configuration saved successfully
2024-12-20 15:13:34 - gui - [0;32mINFO[0m - Test parameters updated successfully
2024-12-20 15:13:34 - gui - [0;32mINFO[0m - Entering main event loop...
2024-12-20 15:13:36 - gui - [0;32mINFO[0m - VNA Connected
2024-12-20 15:14:29 - gui - [0;32mINFO[0m - Configuration loaded successfully
2024-12-20 15:14:29 - gui - [0;32mINFO[0m - Configuration loaded successfully
2024-12-20 15:14:29 - gui - [0;32mINFO[0m - Starting UI initialization...
2024-12-20 15:14:32 - gui - [0;32mINFO[0m - Hardware connection established
2024-12-20 15:14:32 - gui - [0;32mINFO[0m - MainWindow initialization complete
2024-12-20 15:14:32 - gui - [0;32mINFO[0m - Configuration saved successfully
2024-12-20 15:14:32 - gui - [0;32mINFO[0m - Test parameters updated successfully
2024-12-20 15:14:32 - gui - [0;32mINFO[0m - Entering main event loop...
2024-12-20 15:14:34 - gui - [0;32mINFO[0m - VNA Connected
2024-12-20 15:15:18 - gui - [0;32mINFO[0m - Configuration loaded successfully
2024-12-20 15:15:18 - gui - [0;32mINFO[0m - Configuration loaded successfully
2024-12-20 15:15:18 - gui - [0;32mINFO[0m - Starting UI initialization...
2024-12-20 15:15:21 - gui - [0;32mINFO[0m - Hardware connection established
2024-12-20 15:15:21 - gui - [0;32mINFO[0m - MainWindow initialization complete
2024-12-20 15:15:21 - gui - [0;32mINFO[0m - Configuration saved successfully
2024-12-20 15:15:21 - gui - [0;32mINFO[0m - Test parameters updated successfully
2024-12-20 15:15:21 - gui - [0;32mINFO[0m - Entering main event loop...
2024-12-20 15:16:09 - gui - [0;32mINFO[0m - Configuration loaded successfully
2024-12-20 15:16:09 - gui - [0;32mINFO[0m - Configuration loaded successfully
2024-12-20 15:16:09 - gui - [0;32mINFO[0m - Starting UI initialization...
2024-12-20 15:16:11 - gui - [0;32mINFO[0m - Hardware connection established
2024-12-20 15:16:11 - gui - [0;32mINFO[0m - MainWindow initialization complete
2024-12-20 15:16:11 - gui - [0;32mINFO[0m - Configuration saved successfully
2024-12-20 15:16:11 - gui - [0;32mINFO[0m - Test parameters updated successfully
2024-12-20 15:16:11 - gui - [0;32mINFO[0m - Entering main event loop...
2024-12-20 15:16:42 - gui - [0;32mINFO[0m - Configuration loaded successfully
2024-12-20 15:16:42 - gui - [0;32mINFO[0m - Configuration loaded successfully
2024-12-20 15:16:42 - gui - [0;32mINFO[0m - Starting UI initialization...
2024-12-20 15:16:44 - gui - [0;32mINFO[0m - Hardware connection established
2024-12-20 15:16:44 - gui - [0;32mINFO[0m - MainWindow initialization complete
2024-12-20 15:16:44 - gui - [0;32mINFO[0m - Configuration saved successfully
2024-12-20 15:16:44 - gui - [0;32mINFO[0m - Test parameters updated successfully
2024-12-20 15:16:44 - gui - [0;32mINFO[0m - Entering main event loop...
2024-12-20 15:17:17 - gui - [0;32mINFO[0m - Configuration loaded successfully
2024-12-20 15:17:17 - gui - [0;32mINFO[0m - Configuration loaded successfully
2024-12-20 15:17:17 - gui - [0;32mINFO[0m - Starting UI initialization...
2024-12-20 15:17:20 - gui - [0;32mINFO[0m - Hardware connection established
2024-12-20 15:17:20 - gui - [0;32mINFO[0m - MainWindow initialization complete
2024-12-20 15:17:20 - gui - [0;32mINFO[0m - Configuration saved successfully
2024-12-20 15:17:20 - gui - [0;32mINFO[0m - Test parameters updated successfully
2024-12-20 15:17:20 - gui - [0;32mINFO[0m - Entering main event loop...
2024-12-20 15:17:55 - gui - [0;32mINFO[0m - Configuration loaded successfully
2024-12-20 15:17:55 - gui - [0;32mINFO[0m - Configuration loaded successfully
2024-12-20 15:17:55 - gui - [0;32mINFO[0m - Starting UI initialization...
2024-12-20 15:17:58 - gui - [0;32mINFO[0m - Hardware connection established
2024-12-20 15:17:58 - gui - [0;32mINFO[0m - MainWindow initialization complete
2024-12-20 15:17:58 - gui - [0;32mINFO[0m - Configuration saved successfully
2024-12-20 15:17:58 - gui - [0;32mINFO[0m - Test parameters updated successfully
2024-12-20 15:17:58 - gui - [0;32mINFO[0m - Entering main event loop...
2024-12-20 15:18:24 - gui - [0;32mINFO[0m - Configuration loaded successfully
2024-12-20 15:18:24 - gui - [0;32mINFO[0m - Configuration loaded successfully
2024-12-20 15:18:24 - gui - [0;32mINFO[0m - Starting UI initialization...
2024-12-20 15:18:27 - gui - [0;32mINFO[0m - Hardware connection established
2024-12-20 15:18:27 - gui - [0;32mINFO[0m - MainWindow initialization complete
2024-12-20 15:18:27 - gui - [0;32mINFO[0m - Configuration saved successfully
2024-12-20 15:18:27 - gui - [0;32mINFO[0m - Test parameters updated successfully
2024-12-20 15:18:27 - gui - [0;32mINFO[0m - Entering main event loop...
2024-12-20 15:19:10 - gui - [0;32mINFO[0m - Configuration loaded successfully
2024-12-20 15:19:10 - gui - [0;32mINFO[0m - Configuration loaded successfully
2024-12-20 15:19:10 - gui - [0;32mINFO[0m - Starting UI initialization...
2024-12-20 15:19:12 - gui - [0;32mINFO[0m - Hardware connection established
2024-12-20 15:19:12 - gui - [0;32mINFO[0m - MainWindow initialization complete
2024-12-20 15:19:12 - gui - [0;32mINFO[0m - Configuration saved successfully
2024-12-20 15:19:12 - gui - [0;32mINFO[0m - Test parameters updated successfully
2024-12-20 15:19:12 - gui - [0;32mINFO[0m - Entering main event loop...
2024-12-20 15:19:42 - gui - [0;32mINFO[0m - Configuration loaded successfully
2024-12-20 15:19:42 - gui - [0;32mINFO[0m - Configuration loaded successfully
2024-12-20 15:19:42 - gui - [0;32mINFO[0m - Starting UI initialization...
2024-12-20 15:19:45 - gui - [0;32mINFO[0m - Hardware connection established
2024-12-20 15:19:45 - gui - [0;32mINFO[0m - MainWindow initialization complete
2024-12-20 15:19:45 - gui - [0;32mINFO[0m - Configuration saved successfully
2024-12-20 15:19:45 - gui - [0;32mINFO[0m - Test parameters updated successfully
2024-12-20 15:19:45 - gui - [0;32mINFO[0m - Entering main event loop...
2024-12-20 15:21:05 - gui - [0;32mINFO[0m - Configuration loaded successfully
2024-12-20 15:21:05 - gui - [0;32mINFO[0m - Configuration loaded successfully
2024-12-20 15:21:05 - gui - [0;32mINFO[0m - Starting UI initialization...
2024-12-20 15:21:08 - gui - [0;32mINFO[0m - Hardware connection established
2024-12-20 15:21:08 - gui - [0;32mINFO[0m - MainWindow initialization complete
2024-12-20 15:21:08 - gui - [0;32mINFO[0m - Configuration saved successfully
2024-12-20 15:21:08 - gui - [0;32mINFO[0m - Test parameters updated successfully
2024-12-20 15:21:08 - gui - [0;32mINFO[0m - Entering main event loop...
2024-12-20 15:21:29 - gui - [0;32mINFO[0m - Configuration loaded successfully
2024-12-20 15:21:29 - gui - [0;32mINFO[0m - Configuration loaded successfully
2024-12-20 15:21:29 - gui - [0;32mINFO[0m - Starting UI initialization...
2024-12-20 15:21:32 - gui - [0;32mINFO[0m - Hardware connection established
2024-12-20 15:21:32 - gui - [0;32mINFO[0m - MainWindow initialization complete
2024-12-20 15:21:32 - gui - [0;32mINFO[0m - Configuration saved successfully
2024-12-20 15:21:32 - gui - [0;32mINFO[0m - Test parameters updated successfully
2024-12-20 15:21:32 - gui - [0;32mINFO[0m - Entering main event loop...
2024-12-20 15:21:40 - gui - [0;32mINFO[0m - Configuration loaded successfully
2024-12-20 15:21:40 - gui - [0;32mINFO[0m - Configuration loaded successfully
2024-12-20 15:21:40 - gui - [0;32mINFO[0m - Starting UI initialization...
2024-12-20 15:21:43 - gui - [0;32mINFO[0m - Hardware connection established
2024-12-20 15:21:43 - gui - [0;32mINFO[0m - MainWindow initialization complete
2024-12-20 15:21:43 - gui - [0;32mINFO[0m - Configuration saved successfully
2024-12-20 15:21:43 - gui - [0;32mINFO[0m - Test parameters updated successfully
2024-12-20 15:21:43 - gui - [0;32mINFO[0m - Entering main event loop...
2024-12-20 15:21:51 - gui - [0;32mINFO[0m - Configuration loaded successfully
2024-12-20 15:21:51 - gui - [0;32mINFO[0m - Configuration loaded successfully
2024-12-20 15:21:51 - gui - [0;32mINFO[0m - Starting UI initialization...
2024-12-20 15:21:53 - gui - [0;32mINFO[0m - Hardware connection established
2024-12-20 15:21:53 - gui - [0;32mINFO[0m - MainWindow initialization complete
2024-12-20 15:21:53 - gui - [0;32mINFO[0m - Configuration saved successfully
2024-12-20 15:21:53 - gui - [0;32mINFO[0m - Test parameters updated successfully
2024-12-20 15:21:53 - gui - [0;32mINFO[0m - Entering main event loop...
2024-12-20 15:23:40 - gui - [0;32mINFO[0m - Configuration loaded successfully
2024-12-20 15:23:40 - gui - [0;32mINFO[0m - Configuration loaded successfully
2024-12-20 15:23:41 - gui - [0;32mINFO[0m - Starting UI initialization...
2024-12-20 15:23:43 - gui - [0;32mINFO[0m - MainWindow initialization complete
2024-12-20 15:23:43 - gui - [0;32mINFO[0m - Configuration saved successfully
2024-12-20 15:23:43 - gui - [0;32mINFO[0m - Test parameters updated successfully
2024-12-20 15:23:43 - gui - [0;32mINFO[0m - Entering main event loop...
2024-12-20 15:24:38 - gui - [0;32mINFO[0m - Configuration loaded successfully
2024-12-20 15:24:38 - gui - [0;32mINFO[0m - Configuration loaded successfully
2024-12-20 15:24:41 - gui - [0;32mINFO[0m - Configuration saved successfully
2024-12-20 15:24:41 - gui - [0;32mINFO[0m - Test parameters updated successfully
2024-12-20 15:24:41 - gui - [0;32mINFO[0m - Entering main event loop...
2024-12-20 15:25:57 - gui - [0;32mINFO[0m - Configuration loaded successfully
2024-12-20 15:25:57 - gui - [0;32mINFO[0m - Configuration loaded successfully
2024-12-20 15:26:00 - gui - [0;32mINFO[0m - Configuration saved successfully
2024-12-20 15:26:00 - gui - [0;32mINFO[0m - Test parameters updated successfully
2024-12-20 15:26:00 - gui - [0;32mINFO[0m - Entering main event loop...
2024-12-20 15:26:25 - gui - [0;32mINFO[0m - Configuration loaded successfully
2024-12-20 15:26:25 - gui - [0;32mINFO[0m - Configuration loaded successfully
2024-12-20 15:26:28 - gui - [0;32mINFO[0m - Configuration saved successfully
2024-12-20 15:26:28 - gui - [0;32mINFO[0m - Test parameters updated successfully
2024-12-20 15:26:28 - gui - [0;32mINFO[0m - Entering main event loop...
2024-12-20 15:26:53 - gui - [0;32mINFO[0m - Test parameters updated successfully
2024-12-20 15:26:53 - gui - [0;32mINFO[0m - Entering main event loop...
2024-12-20 15:27:15 - gui - [0;32mINFO[0m - Entering main event loop...
2024-12-20 15:28:34 - gui - [0;31mERROR[0m - An error occurred: LogViewer.append_message() takes 2 positional arguments but 3 were given
Traceback (most recent call last):
  File "/home/nmz/Python_GUI_TS1500_Probe-B/gui/main_window.py", line 413, in load_last_config
    config = self.controller.load_last_config()
             ^^^^^^^^^^^^^^^^^^^^^^^^^^^^^^^^
AttributeError: 'MainController' object has no attribute 'load_last_config'

During handling of the above exception, another exception occurred:

Traceback (most recent call last):
  File "/home/nmz/Python_GUI_TS1500_Probe-B/main.py", line 51, in main
    window = MainWindow(controller)
             ^^^^^^^^^^^^^^^^^^^^^^
  File "/home/nmz/Python_GUI_TS1500_Probe-B/gui/main_window.py", line 50, in __init__
    self.load_last_config()
  File "/home/nmz/Python_GUI_TS1500_Probe-B/gui/main_window.py", line 423, in load_last_config
    self.logger.append_message(f"Error loading last configuration: {str(e)}", 'ERROR')
TypeError: LogViewer.append_message() takes 2 positional arguments but 3 were given
2024-12-20 15:28:57 - gui - [0;32mINFO[0m - Entering main event loop...
2024-12-20 15:29:14 - gui - [0;32mINFO[0m - Entering main event loop...
2024-12-20 15:29:38 - gui - [0;32mINFO[0m - Entering main event loop...
2024-12-20 15:30:16 - gui - [0;32mINFO[0m - Entering main event loop...
2024-12-20 15:31:20 - gui - [0;32mINFO[0m - Entering main event loop...
2024-12-20 15:31:56 - gui - [0;32mINFO[0m - Entering main event loop...
2024-12-20 15:32:24 - gui - [0;32mINFO[0m - Entering main event loop...
2024-12-20 15:32:53 - gui - [0;32mINFO[0m - Entering main event loop...
2024-12-20 15:33:39 - gui - [0;32mINFO[0m - Entering main event loop...
2024-12-20 15:35:34 - gui - [0;32mINFO[0m - Entering main event loop...
2024-12-20 15:36:50 - gui - [0;32mINFO[0m - Entering main event loop...
2024-12-20 15:38:19 - gui - [0;32mINFO[0m - Entering main event loop...
2024-12-20 15:38:43 - gui - [0;32mINFO[0m - Entering main event loop...
2024-12-20 15:39:44 - gui - [0;32mINFO[0m - Entering main event loop...
2024-12-20 15:40:08 - gui - [0;32mINFO[0m - Entering main event loop...
2024-12-20 15:41:41 - gui - [0;32mINFO[0m - Entering main event loop...
2024-12-20 15:42:17 - gui - [0;32mINFO[0m - Entering main event loop...
2024-12-20 15:44:02 - gui - [0;32mINFO[0m - Entering main event loop...
2024-12-20 15:44:35 - gui - [0;32mINFO[0m - Entering main event loop...
2024-12-20 15:45:13 - gui - [0;32mINFO[0m - Entering main event loop...
2024-12-20 15:45:57 - gui - [0;32mINFO[0m - Entering main event loop...
2024-12-20 15:46:55 - gui - [0;32mINFO[0m - Entering main event loop...
2024-12-20 15:48:20 - gui - [0;32mINFO[0m - Entering main event loop...
2024-12-20 15:50:00 - gui - [0;32mINFO[0m - Entering main event loop...
2024-12-20 15:54:14 - gui - [0;32mINFO[0m - Entering main event loop...
2024-12-20 15:55:48 - gui - [0;32mINFO[0m - Entering main event loop...
2024-12-20 15:55:56 - gui - [0;32mINFO[0m - Entering main event loop...
2024-12-20 15:56:22 - gui - [0;32mINFO[0m - Entering main event loop...
2024-12-20 15:57:24 - gui - [0;32mINFO[0m - Entering main event loop...
2024-12-20 16:00:03 - gui - [0;32mINFO[0m - Entering main event loop...
2024-12-20 16:00:35 - gui - [0;32mINFO[0m - Entering main event loop...
2024-12-20 16:01:19 - gui - [0;32mINFO[0m - Entering main event loop...
2024-12-20 16:02:45 - gui - [0;32mINFO[0m - Entering main event loop...
2024-12-20 16:04:47 - gui - [0;32mINFO[0m - Entering main event loop...
2024-12-20 16:04:51 - gui - [0;32mINFO[0m - Performing initial calibration...
2024-12-20 16:04:51 - gui - [0;31mERROR[0m - Error during test sequence: 'MainController' object has no attribute 'logger'
2024-12-20 16:04:51 - gui - [0;32mINFO[0m - Homing tilt platform...
2024-12-20 16:04:51 - gui - [0;31mERROR[0m - Error during test sequence: 'MainController' object has no attribute 'logger'
2024-12-20 16:04:51 - gui - [0;32mINFO[0m - Homing tilt platform...
2024-12-20 16:04:51 - gui - [0;31mERROR[0m - Error during test sequence: 'MainController' object has no attribute 'logger'
2024-12-20 16:04:51 - gui - [0;32mINFO[0m - Homing tilt platform...
2024-12-20 16:04:51 - gui - [0;31mERROR[0m - Error during test sequence: 'MainController' object has no attribute 'logger'
2024-12-20 16:04:51 - gui - [0;32mINFO[0m - Homing tilt platform...
2024-12-20 16:04:51 - gui - [0;31mERROR[0m - Error during test sequence: 'MainController' object has no attribute 'logger'
2024-12-20 16:04:51 - gui - [0;32mINFO[0m - Homing tilt platform...
2024-12-20 16:04:51 - gui - [0;31mERROR[0m - Error during test sequence: 'MainController' object has no attribute 'logger'
2024-12-20 16:04:52 - gui - [0;32mINFO[0m - Homing tilt platform...
2024-12-20 16:04:52 - gui - [0;31mERROR[0m - Error during test sequence: 'MainController' object has no attribute 'logger'
2024-12-20 16:04:52 - gui - [0;32mINFO[0m - Homing tilt platform...
2024-12-20 16:04:52 - gui - [0;31mERROR[0m - Error during test sequence: 'MainController' object has no attribute 'logger'
2024-12-20 16:04:52 - gui - [0;32mINFO[0m - Homing tilt platform...
2024-12-20 16:04:52 - gui - [0;31mERROR[0m - Error during test sequence: 'MainController' object has no attribute 'logger'
2024-12-20 16:04:52 - gui - [0;32mINFO[0m - Homing tilt platform...
2024-12-20 16:04:52 - gui - [0;31mERROR[0m - Error during test sequence: 'MainController' object has no attribute 'logger'
2024-12-20 16:04:52 - gui - [0;32mINFO[0m - Homing tilt platform...
2024-12-20 16:04:52 - gui - [0;31mERROR[0m - Error during test sequence: 'MainController' object has no attribute 'logger'
2024-12-20 16:04:52 - gui - [0;32mINFO[0m - Homing tilt platform...
2024-12-20 16:04:52 - gui - [0;31mERROR[0m - Error during test sequence: 'MainController' object has no attribute 'logger'
2024-12-20 16:04:52 - gui - [0;32mINFO[0m - Homing tilt platform...
2024-12-20 16:04:52 - gui - [0;31mERROR[0m - Error during test sequence: 'MainController' object has no attribute 'logger'
2024-12-20 16:04:52 - gui - [0;32mINFO[0m - Homing tilt platform...
2024-12-20 16:04:52 - gui - [0;31mERROR[0m - Error during test sequence: 'MainController' object has no attribute 'logger'
2024-12-20 16:04:53 - gui - [0;32mINFO[0m - Homing tilt platform...
2024-12-20 16:04:53 - gui - [0;31mERROR[0m - Error during test sequence: 'MainController' object has no attribute 'logger'
2024-12-20 16:04:53 - gui - [0;32mINFO[0m - Homing tilt platform...
2024-12-20 16:04:53 - gui - [0;31mERROR[0m - Error during test sequence: 'MainController' object has no attribute 'logger'
2024-12-20 16:04:53 - gui - [0;32mINFO[0m - Homing tilt platform...
2024-12-20 16:04:53 - gui - [0;31mERROR[0m - Error during test sequence: 'MainController' object has no attribute 'logger'
2024-12-20 16:04:53 - gui - [0;32mINFO[0m - Homing tilt platform...
2024-12-20 16:04:53 - gui - [0;31mERROR[0m - Error during test sequence: 'MainController' object has no attribute 'logger'
2024-12-20 16:04:53 - gui - [0;32mINFO[0m - Homing tilt platform...
2024-12-20 16:04:53 - gui - [0;31mERROR[0m - Error during test sequence: 'MainController' object has no attribute 'logger'
2024-12-20 16:04:53 - gui - [0;32mINFO[0m - Homing tilt platform...
2024-12-20 16:04:53 - gui - [0;31mERROR[0m - Error during test sequence: 'MainController' object has no attribute 'logger'
2024-12-20 16:04:53 - gui - [0;32mINFO[0m - Homing tilt platform...
2024-12-20 16:04:53 - gui - [0;31mERROR[0m - Error during test sequence: 'MainController' object has no attribute 'logger'
2024-12-20 16:04:53 - gui - [0;32mINFO[0m - Homing tilt platform...
2024-12-20 16:04:53 - gui - [0;31mERROR[0m - Error during test sequence: 'MainController' object has no attribute 'logger'
2024-12-20 16:04:53 - gui - [0;32mINFO[0m - Homing tilt platform...
2024-12-20 16:04:53 - gui - [0;31mERROR[0m - Error during test sequence: 'MainController' object has no attribute 'logger'
2024-12-20 16:04:53 - gui - [0;32mINFO[0m - Homing tilt platform...
2024-12-20 16:04:53 - gui - [0;31mERROR[0m - Error during test sequence: 'MainController' object has no attribute 'logger'
2024-12-20 16:04:54 - gui - [0;32mINFO[0m - Homing tilt platform...
2024-12-20 16:04:54 - gui - [0;31mERROR[0m - Error during test sequence: 'MainController' object has no attribute 'logger'
2024-12-20 16:04:54 - gui - [0;32mINFO[0m - Homing tilt platform...
2024-12-20 16:04:54 - gui - [0;31mERROR[0m - Error during test sequence: 'MainController' object has no attribute 'logger'
2024-12-20 16:04:54 - gui - [0;32mINFO[0m - Homing tilt platform...
2024-12-20 16:04:54 - gui - [0;31mERROR[0m - Error during test sequence: 'MainController' object has no attribute 'logger'
2024-12-20 16:04:54 - gui - [0;32mINFO[0m - Homing tilt platform...
2024-12-20 16:04:54 - gui - [0;31mERROR[0m - Error during test sequence: 'MainController' object has no attribute 'logger'
2024-12-20 16:04:54 - gui - [0;32mINFO[0m - Homing tilt platform...
2024-12-20 16:04:54 - gui - [0;31mERROR[0m - Error during test sequence: 'MainController' object has no attribute 'logger'
2024-12-20 16:04:54 - gui - [0;32mINFO[0m - Homing tilt platform...
2024-12-20 16:04:54 - gui - [0;31mERROR[0m - Error during test sequence: 'MainController' object has no attribute 'logger'
2024-12-20 16:05:13 - gui - [0;32mINFO[0m - Entering main event loop...
2024-12-20 16:05:16 - gui - [0;32mINFO[0m - Performing initial calibration...
2024-12-20 16:05:16 - gui - [0;32mINFO[0m - Calibrating system...
2024-12-20 16:05:16 - gui - [0;31mERROR[0m - Calibration failed: 'ArduinoController' object has no attribute 'calibrate'
2024-12-20 16:05:18 - gui - [0;32mINFO[0m - Homing tilt platform...
2024-12-20 16:05:18 - gui - [0;32mINFO[0m - Homing motor...
2024-12-20 16:05:18 - gui - [0;31mERROR[0m - Homing failed: 'ArduinoController' object has no attribute 'home'
2024-12-20 16:05:19 - gui - [0;32mINFO[0m - Starting test run #1
2024-12-20 16:05:19 - gui - [0;32mINFO[0m - Test parameters: Increment=1.0°, Range=-30.0° to 30.0°
2024-12-20 16:05:19 - gui - [0;32mINFO[0m - Moving to -30.0°...
2024-12-20 16:05:19 - gui - [0;32mINFO[0m - Moving -150000 steps...
2024-12-20 16:05:19 - gui - [0;31mERROR[0m - Motor movement failed: 'ArduinoController' object has no attribute 'move_to_angle'
2024-12-20 16:05:19 - gui - [0;32mINFO[0m - Waiting 15 seconds for oil stabilization...
2024-12-20 16:05:47 - gui - [0;32mINFO[0m - Entering main event loop...
2024-12-20 16:06:06 - gui - [0;32mINFO[0m - Entering main event loop...
2024-12-20 16:06:09 - gui - [0;32mINFO[0m - Performing initial calibration...
2024-12-20 16:06:09 - gui - [0;32mINFO[0m - Calibrating system...
2024-12-20 16:06:11 - gui - [0;32mINFO[0m - Calibration completed successfully
2024-12-20 16:06:13 - gui - [0;32mINFO[0m - Homing tilt platform...
2024-12-20 16:06:13 - gui - [0;32mINFO[0m - Homing motor...
2024-12-20 16:06:15 - gui - [0;32mINFO[0m - Motor homed successfully
2024-12-20 16:06:16 - gui - [0;32mINFO[0m - Starting test run #1
2024-12-20 16:06:16 - gui - [0;32mINFO[0m - Test parameters: Increment=1.0°, Range=-30.0° to 30.0°
2024-12-20 16:06:16 - gui - [0;32mINFO[0m - Moving to -30.0°...
2024-12-20 16:06:16 - gui - [0;32mINFO[0m - Moving -150000 steps...
2024-12-20 16:06:56 - gui - [0;32mINFO[0m - Entering main event loop...
2024-12-20 16:06:58 - gui - [0;32mINFO[0m - Performing initial calibration...
2024-12-20 16:06:58 - gui - [0;32mINFO[0m - Calibrating system...
2024-12-20 16:07:00 - gui - [0;32mINFO[0m - Calibration completed successfully
2024-12-20 16:07:02 - gui - [0;32mINFO[0m - Homing tilt platform...
2024-12-20 16:07:02 - gui - [0;32mINFO[0m - Homing motor...
2024-12-20 16:07:04 - gui - [0;32mINFO[0m - Motor homed successfully
2024-12-20 16:07:05 - gui - [0;32mINFO[0m - Starting test run #1
2024-12-20 16:07:05 - gui - [0;32mINFO[0m - Test parameters: Increment=1.0°, Range=-30.0° to 30.0°
2024-12-20 16:07:05 - gui - [0;32mINFO[0m - Moving to -30.0°...
2024-12-20 16:07:05 - gui - [0;32mINFO[0m - Moving -150000 steps...
2024-12-20 16:07:07 - gui - [0;32mINFO[0m - Moving motor -150000 steps (-30.0000°)
2024-12-20 16:07:07 - gui - [0;32mINFO[0m - Waiting 15 seconds for oil stabilization...
2024-12-20 16:07:32 - gui - [0;32mINFO[0m - Entering main event loop...
2024-12-20 16:07:34 - gui - [0;32mINFO[0m - Performing initial calibration...
2024-12-20 16:07:34 - gui - [0;32mINFO[0m - Calibrating system...
2024-12-20 16:07:36 - gui - [0;32mINFO[0m - Calibration completed successfully
2024-12-20 16:07:38 - gui - [0;32mINFO[0m - Homing tilt platform...
2024-12-20 16:07:38 - gui - [0;32mINFO[0m - Homing motor...
2024-12-20 16:07:40 - gui - [0;32mINFO[0m - Motor homed successfully
2024-12-20 16:07:41 - gui - [0;32mINFO[0m - Starting test run #1
2024-12-20 16:07:41 - gui - [0;32mINFO[0m - Test parameters: Increment=1.0°, Range=-30.0° to 30.0°
2024-12-20 16:07:41 - gui - [0;32mINFO[0m - Moving to -30.0°...
2024-12-20 16:07:41 - gui - [0;32mINFO[0m - Moving -150000 steps...
2024-12-20 16:08:47 - gui - [0;32mINFO[0m - Entering main event loop...
2024-12-20 16:08:49 - gui - [0;32mINFO[0m - Performing initial calibration...
2024-12-20 16:08:49 - gui - [0;32mINFO[0m - Calibrating system...
2024-12-20 16:08:51 - gui - [0;32mINFO[0m - Calibration completed successfully
2024-12-20 16:08:53 - gui - [0;32mINFO[0m - Homing tilt platform...
2024-12-20 16:08:53 - gui - [0;32mINFO[0m - Homing motor...
2024-12-20 16:08:55 - gui - [0;32mINFO[0m - Motor homed successfully
2024-12-20 16:08:56 - gui - [0;32mINFO[0m - Starting test run #1
2024-12-20 16:08:56 - gui - [0;32mINFO[0m - Test parameters: Increment=1.0°, Range=-30.0° to 30.0°
2024-12-20 16:08:56 - gui - [0;32mINFO[0m - Moving to -30.0°...
2024-12-20 16:08:56 - gui - [0;32mINFO[0m - Moving -150000 steps...
2024-12-20 16:09:30 - gui - [0;32mINFO[0m - Entering main event loop...
2024-12-20 16:09:31 - gui - [0;32mINFO[0m - Performing initial calibration...
2024-12-20 16:09:31 - gui - [0;32mINFO[0m - Calibrating system...
2024-12-20 16:09:33 - gui - [0;32mINFO[0m - Calibration completed successfully
2024-12-20 16:09:35 - gui - [0;32mINFO[0m - Homing tilt platform...
2024-12-20 16:09:35 - gui - [0;32mINFO[0m - Homing motor...
2024-12-20 16:09:37 - gui - [0;32mINFO[0m - Motor homed successfully
2024-12-20 16:09:38 - gui - [0;32mINFO[0m - Starting test run #1
2024-12-20 16:09:38 - gui - [0;32mINFO[0m - Test parameters: Increment=1.0°, Range=-30.0° to 30.0°
2024-12-20 16:09:38 - gui - [0;32mINFO[0m - Moving to -30.0°...
2024-12-20 16:09:38 - gui - [0;32mINFO[0m - Moving -150000 steps...
2024-12-20 16:10:06 - gui - [0;32mINFO[0m - Entering main event loop...
2024-12-20 16:10:21 - gui - [0;32mINFO[0m - Entering main event loop...
2024-12-20 16:10:26 - gui - [0;32mINFO[0m - Entering main event loop...
2024-12-20 16:10:27 - gui - [0;32mINFO[0m - Performing initial calibration...
2024-12-20 16:10:27 - gui - [0;32mINFO[0m - Calibrating system...
2024-12-20 16:10:27 - gui - [0;32mINFO[0m - Calibration completed successfully
2024-12-20 16:10:29 - gui - [0;32mINFO[0m - Homing tilt platform...
2024-12-20 16:10:29 - gui - [0;32mINFO[0m - Homing motor...
2024-12-20 16:10:29 - gui - [0;32mINFO[0m - Motor homed successfully
2024-12-20 16:10:30 - gui - [0;32mINFO[0m - Starting test run #1
2024-12-20 16:10:30 - gui - [0;32mINFO[0m - Test parameters: Increment=1.0°, Range=-30.0° to 30.0°
2024-12-20 16:10:30 - gui - [0;32mINFO[0m - Moving to -30.0°...
2024-12-20 16:10:30 - gui - [0;32mINFO[0m - Moving -150000 steps...
2024-12-20 16:10:30 - gui - [0;32mINFO[0m - Moving motor -150000 steps (-30.0000°)
2024-12-20 16:10:30 - gui - [0;32mINFO[0m - Waiting 15 seconds for oil stabilization...
