2025-01-04 14:50:35 - gui - INFO - Creating initialization dialog
2025-01-04 14:50:35 - gui - INFO - Initialization dialog created
2025-01-04 14:50:41 - gui - INFO - Close event received
2025-01-04 14:50:41 - gui - INFO - No parent window, exiting application
2025-01-04 14:51:04 - gui - INFO - Creating initialization dialog
2025-01-04 14:51:04 - gui - INFO - Initialization dialog created
2025-01-04 14:51:10 - gui - INFO - Close event received
2025-01-04 14:51:10 - gui - INFO - No parent window, exiting application
2025-01-04 14:51:27 - gui - INFO - Creating initialization dialog
2025-01-04 14:51:27 - gui - INFO - Initialization dialog created
2025-01-04 14:51:32 - gui - INFO - Close event received
2025-01-04 14:51:32 - gui - INFO - No MainWindow parent, exiting application
2025-01-04 14:52:06 - gui - INFO - Creating initialization dialog
2025-01-04 14:52:06 - gui - INFO - Initialization dialog created
2025-01-04 14:52:11 - gui - INFO - Close event received
2025-01-04 14:52:11 - gui - INFO - No MainWindow parent, exiting application
2025-01-04 14:53:15 - gui - INFO - Creating initialization dialog
2025-01-04 14:53:15 - gui - INFO - Initialization dialog created
2025-01-04 14:53:21 - gui - INFO - Close event received
2025-01-04 14:53:21 - gui - INFO - No MainWindow parent, exiting application
2025-01-04 14:55:43 - gui - INFO - Creating initialization dialog
2025-01-04 14:55:43 - gui - INFO - Initialization dialog created
2025-01-04 14:55:48 - gui - INFO - Close event received
2025-01-04 14:55:48 - gui - INFO - No MainWindow parent, exiting application
2025-01-04 14:56:12 - gui - INFO - Creating initialization dialog
2025-01-04 14:56:12 - gui - INFO - Initialization dialog created
2025-01-04 14:56:17 - gui - INFO - Close event received
2025-01-04 14:56:17 - gui - INFO - Creating home type dialog
2025-01-04 14:56:17 - gui - INFO - Home type dialog created
2025-01-04 14:56:42 - gui - INFO - Close event received
2025-01-04 14:58:03 - gui - INFO - Creating initialization dialog
2025-01-04 14:58:03 - gui - INFO - Initialization dialog created
2025-01-04 14:58:07 - gui - INFO - Close event received
2025-01-04 14:58:07 - gui - INFO - Creating home type dialog
2025-01-04 14:58:07 - gui - INFO - Home type dialog created
2025-01-04 14:58:10 - gui - INFO - Exit button clicked
2025-01-04 14:59:55 - gui - INFO - Creating initialization dialog
2025-01-04 14:59:55 - gui - INFO - Initialization dialog created
2025-01-04 15:00:00 - gui - INFO - Close event received
2025-01-04 15:00:00 - gui - INFO - Creating home type dialog
2025-01-04 15:00:00 - gui - INFO - Home type dialog created
2025-01-04 15:00:08 - gui - INFO - Close event received
2025-01-04 15:00:22 - gui - INFO - Creating initialization dialog
2025-01-04 15:00:23 - gui - INFO - Initialization dialog created
2025-01-04 15:00:26 - gui - INFO - Exit button clicked
2025-01-04 15:00:32 - gui - INFO - Creating initialization dialog
2025-01-04 15:00:32 - gui - INFO - Initialization dialog created
2025-01-04 15:00:39 - gui - INFO - Close event received
2025-01-04 15:00:39 - gui - INFO - Creating home type dialog
2025-01-04 15:00:39 - gui - INFO - Home type dialog created
2025-01-04 15:00:53 - gui - INFO - Close event received
2025-01-04 15:00:54 - gui - INFO - Exit button clicked
2025-01-04 15:01:57 - gui - INFO - Creating initialization dialog
2025-01-04 15:01:57 - gui - INFO - Initialization dialog created
2025-01-04 15:02:02 - gui - INFO - Close event received
2025-01-04 15:02:02 - gui - INFO - Creating home type dialog
2025-01-04 15:02:03 - gui - INFO - Home type dialog created
2025-01-04 15:02:12 - gui - INFO - Exit button clicked
2025-01-04 15:03:27 - gui - INFO - Creating initialization dialog
2025-01-04 15:03:27 - gui - INFO - Initialization dialog created
2025-01-04 15:03:32 - gui - INFO - Close event received
2025-01-04 15:03:32 - gui - INFO - Creating home type dialog
2025-01-04 15:03:32 - gui - INFO - Home type dialog created
2025-01-04 15:03:35 - gui - INFO - Exit button clicked
2025-01-04 15:04:11 - gui - INFO - Creating initialization dialog
2025-01-04 15:04:11 - gui - INFO - Initialization dialog created
2025-01-04 15:04:16 - gui - INFO - Close event received
2025-01-04 15:04:16 - gui - INFO - Creating home type dialog
2025-01-04 15:04:16 - gui - INFO - Home type dialog created
2025-01-04 15:04:20 - gui - INFO - Exit button clicked
2025-01-04 15:04:39 - gui - INFO - Creating initialization dialog
2025-01-04 15:04:39 - gui - INFO - Initialization dialog created
2025-01-04 15:04:44 - gui - INFO - Close event received
2025-01-04 15:04:44 - gui - INFO - Creating home type dialog
2025-01-04 15:04:44 - gui - INFO - Home type dialog created
2025-01-04 15:04:46 - gui - INFO - Exit button clicked
2025-01-04 15:05:25 - gui - INFO - Creating initialization dialog
2025-01-04 15:05:25 - gui - INFO - Initialization dialog created
2025-01-04 15:05:30 - gui - INFO - Close event received
2025-01-04 15:05:30 - gui - INFO - Creating home type dialog
2025-01-04 15:05:30 - gui - INFO - Home type dialog created
2025-01-04 15:05:31 - gui - INFO - Exit button clicked
2025-01-04 15:05:49 - gui - INFO - Creating initialization dialog
2025-01-04 15:05:49 - gui - INFO - Initialization dialog created
2025-01-04 15:05:54 - gui - INFO - Close event received
2025-01-04 15:05:54 - gui - INFO - Creating home type dialog
2025-01-04 15:05:54 - gui - INFO - Home type dialog created
2025-01-04 15:05:55 - gui - INFO - Exit button clicked
2025-01-04 15:06:13 - gui - INFO - Creating initialization dialog
2025-01-04 15:06:13 - gui - INFO - Initialization dialog created
2025-01-04 15:06:19 - gui - INFO - Close event received
2025-01-04 15:06:19 - gui - INFO - Creating home type dialog
2025-01-04 15:06:19 - gui - INFO - Home type dialog created
2025-01-04 15:06:20 - gui - INFO - Exit button clicked
2025-01-04 15:06:36 - gui - INFO - Creating initialization dialog
2025-01-04 15:06:36 - gui - INFO - Initialization dialog created
2025-01-04 15:06:42 - gui - INFO - Close event received
2025-01-04 15:06:42 - gui - INFO - Creating home type dialog
2025-01-04 15:06:42 - gui - INFO - Home type dialog created
2025-01-04 15:06:43 - gui - INFO - Exit button clicked
2025-01-04 15:06:45 - gui - INFO - Exit button clicked
2025-01-04 15:07:38 - gui - INFO - Creating initialization dialog
2025-01-04 15:07:38 - gui - INFO - Initialization dialog created
2025-01-04 15:07:43 - gui - INFO - Close event received
2025-01-04 15:07:43 - gui - INFO - Creating home type dialog
2025-01-04 15:07:43 - gui - INFO - Home type dialog created
2025-01-04 15:07:43 - gui - INFO - Exit button clicked
2025-01-04 15:08:01 - gui - INFO - Creating initialization dialog
2025-01-04 15:08:01 - gui - INFO - Initialization dialog created
2025-01-04 15:08:06 - gui - INFO - Close event received
2025-01-04 15:08:06 - gui - INFO - Creating home type dialog
2025-01-04 15:08:06 - gui - INFO - Home type dialog created
2025-01-04 15:08:07 - gui - INFO - Exit button clicked
2025-01-04 15:08:54 - gui - INFO - Creating initialization dialog
2025-01-04 15:08:54 - gui - INFO - Initialization dialog created
2025-01-04 15:08:59 - gui - INFO - Close event received
2025-01-04 15:08:59 - gui - INFO - Creating home type dialog
2025-01-04 15:08:59 - gui - INFO - Home type dialog created
2025-01-04 15:09:00 - gui - INFO - Exit button clicked
2025-01-04 15:10:11 - gui - INFO - Creating initialization dialog
2025-01-04 15:10:11 - gui - INFO - Initialization dialog created
2025-01-04 15:10:16 - gui - INFO - Close event received
2025-01-04 15:10:16 - gui - INFO - Creating home type dialog
2025-01-04 15:10:16 - gui - INFO - Home type dialog created
2025-01-04 15:10:20 - gui - INFO - Exit button clicked
2025-01-04 15:10:41 - gui - INFO - Creating initialization dialog
2025-01-04 15:10:41 - gui - INFO - Initialization dialog created
2025-01-04 15:10:46 - gui - INFO - Closing initialization dialog
2025-01-04 15:10:46 - gui - INFO - Creating home type dialog
2025-01-04 15:10:46 - gui - INFO - Home type dialog created
2025-01-04 15:10:49 - gui - INFO - Exit button clicked
2025-01-04 15:10:50 - gui - INFO - Exit button clicked
2025-01-04 15:10:50 - gui - INFO - Exit button clicked
2025-01-04 15:10:51 - gui - INFO - Exit button clicked
2025-01-04 15:10:51 - gui - INFO - Exit button clicked
2025-01-04 15:10:51 - gui - INFO - Exit button clicked
2025-01-04 15:10:53 - gui - INFO - Closing home type dialog
2025-01-04 15:10:53 - gui - INFO - Initialization dialog destroyed
2025-01-04 15:11:46 - gui - INFO - Creating initialization dialog
2025-01-04 15:11:46 - gui - INFO - Initialization dialog created
2025-01-04 15:11:51 - gui - INFO - Closing initialization dialog
2025-01-04 15:11:51 - gui - INFO - Creating home type dialog
2025-01-04 15:11:51 - gui - INFO - Home type dialog created
2025-01-04 15:11:55 - gui - INFO - Exit button clicked
2025-01-04 15:12:04 - gui - INFO - Closing home type dialog
2025-01-04 15:12:04 - gui - INFO - Home type dialog destroyed
2025-01-04 15:13:09 - gui - INFO - Creating initialization dialog
2025-01-04 15:13:09 - gui - INFO - Initialization dialog created
2025-01-04 15:13:14 - gui - INFO - Closing initialization dialog
2025-01-04 15:13:14 - gui - INFO - Creating home type dialog
2025-01-04 15:13:14 - gui - INFO - Home type dialog created
2025-01-04 15:13:42 - gui - INFO - Exit button clicked
2025-01-04 15:13:56 - gui - INFO - Creating initialization dialog
2025-01-04 15:13:56 - gui - INFO - Initialization dialog created
2025-01-04 15:14:02 - gui - INFO - Closing initialization dialog
2025-01-04 15:14:02 - gui - INFO - Creating home type dialog
2025-01-04 15:14:02 - gui - INFO - Home type dialog created
2025-01-04 15:14:09 - gui - INFO - Closing home type dialog
2025-01-04 15:14:09 - gui - INFO - Initialization dialog destroyed
2025-01-04 15:20:13 - gui - INFO - Initializing hardware controller...
2025-01-04 15:20:13 - gui - INFO - Hardware controller initialized successfully
2025-01-04 15:20:13 - gui - INFO - Creating test type dialog...
2025-01-04 15:20:13 - gui - INFO - Test type dialog shown
2025-01-04 15:20:18 - gui - INFO - Selected tilt test
2025-01-04 15:20:20 - gui - INFO - Starting tilt homing...
2025-01-04 15:20:20 - gui - DEBUG - Arduino response: Starting homing sequence...
2025-01-04 15:20:20 - gui - ERROR - Error reading response: 'QTextCursor' object has no attribute 'End'
2025-01-04 15:21:51 - gui - INFO - Initializing hardware controller...
2025-01-04 15:21:51 - gui - INFO - Hardware controller initialized successfully
2025-01-04 15:21:51 - gui - INFO - Creating test type dialog...
2025-01-04 15:21:51 - gui - INFO - Test type dialog shown
2025-01-04 15:21:53 - gui - INFO - Selected tilt test
2025-01-04 15:21:54 - gui - INFO - Starting tilt homing...
2025-01-04 15:21:54 - gui - DEBUG - Arduino response: Starting homing sequence...
2025-01-04 15:21:54 - gui - ERROR - Error reading response: 'HomingDialog' object has no attribute 'log_message'
2025-01-04 15:22:49 - gui - INFO - Initializing hardware controller...
2025-01-04 15:22:49 - gui - INFO - Hardware controller initialized successfully
2025-01-04 15:22:49 - gui - INFO - Creating test type dialog...
2025-01-04 15:22:49 - gui - INFO - Test type dialog shown
2025-01-04 15:22:53 - gui - INFO - Selected tilt test
2025-01-04 15:22:56 - gui - INFO - Starting tilt homing...
2025-01-04 15:22:56 - gui - DEBUG - Arduino response: Starting homing sequence...
2025-01-04 15:34:10 - gui - INFO - Initializing hardware controller...
2025-01-04 15:34:10 - gui - INFO - Hardware controller initialized successfully
2025-01-04 15:34:10 - gui - INFO - Creating test type dialog...
2025-01-04 15:34:13 - gui - INFO - Selected tilt test
2025-01-04 15:34:16 - gui - INFO - Starting tilt homing...
2025-01-04 15:37:01 - gui - INFO - Initializing hardware controller...
2025-01-04 15:37:01 - gui - INFO - Hardware controller initialized successfully
2025-01-04 15:37:01 - gui - INFO - Creating test type dialog...
2025-01-04 15:37:08 - gui - INFO - Selected tilt test
2025-01-04 15:37:09 - gui - INFO - Starting tilt homing...
2025-01-04 15:37:30 - gui - INFO - Initializing hardware controller...
2025-01-04 15:37:30 - gui - INFO - Hardware controller initialized successfully
2025-01-04 15:37:30 - gui - INFO - Creating test type dialog...
2025-01-04 15:37:36 - gui - INFO - Selected tilt test
2025-01-04 15:38:49 - gui - INFO - Initializing hardware controller...
2025-01-04 15:38:49 - gui - INFO - Hardware controller initialized successfully
2025-01-04 15:38:49 - gui - INFO - Creating test type dialog...
2025-01-04 15:38:51 - gui - INFO - Selected tilt test
2025-01-04 15:39:08 - gui - INFO - Initializing hardware controller...
2025-01-04 15:39:08 - gui - INFO - Hardware controller initialized successfully
2025-01-04 15:39:08 - gui - INFO - Creating test type dialog...
2025-01-04 15:39:09 - gui - INFO - Selected tilt test
2025-01-04 15:49:50 - gui - INFO - Initializing hardware controller...
2025-01-04 15:49:50 - gui - INFO - Hardware controller initialized successfully
2025-01-04 15:49:50 - gui - INFO - Creating test type dialog...
